#
# There is insufficient memory for the Java Runtime Environment to continue.
# Native memory allocation (mmap) failed to map 27262976 bytes for Failed to commit area from 0x0000000089e00000 to 0x000000008b800000 of length 27262976.
# Possible reasons:
#   The system is out of physical RAM or swap space
#   The process is running with CompressedOops enabled, and the Java Heap may be blocking the growth of the native heap
# Possible solutions:
#   Reduce memory load on the system
#   Increase physical memory or swap space
#   Check if swap backing store is full
#   Decrease Java heap size (-Xmx/-Xms)
#   Decrease number of Java threads
#   Decrease Java thread stack sizes (-Xss)
#   Set larger code cache with -XX:ReservedCodeCacheSize=
#   JVM is running with Unscaled Compressed Oops mode in which the Java heap is
#     placed in the first 4GB address space. The Java Heap base address is the
#     maximum limit for the native heap growth. Please use -XX:HeapBaseMinAddress
#     to set the Java Heap base and to place the Java Heap above 4GB virtual address.
# This output file may be truncated or incomplete.
#
#  Out of Memory Error (./src/hotspot/os/windows/os_windows.cpp:3386), pid=3900, tid=9152
#
# JRE version: OpenJDK Runtime Environment Corretto-11.0.17.8.1 (11.0.17+8) (build 11.0.17+8-LTS)
# Java VM: OpenJDK 64-Bit Server VM Corretto-11.0.17.8.1 (11.0.17+8-LTS, mixed mode, tiered, compressed oops, g1 gc, windows-amd64)
# No core dump will be written. Minidumps are not enabled by default on client versions of Windows
#

---------------  S U M M A R Y ------------

Command Line: -agentlib:jdwp=transport=dt_socket,address=127.0.0.1:50612,suspend=y,server=n -XX:TieredStopAtLevel=1 -Xverify:none -Dspring.output.ansi.enabled=always -Dcom.sun.management.jmxremote -Dspring.jmx.enabled=true -Dspring.liveBeansView.mbeanDomain -Dspring.application.admin.enabled=true -Dmanagement.endpoints.jmx.exposure.include=* -javaagent:C:\Users\Admin\AppData\Local\JetBrains\IntelliJIdea2022.3\captureAgent\debugger-agent.jar=file:/C:/Users/Admin/AppData/Local/Temp/capture.props -Dfile.encoding=UTF-8 com.tass.apigw.ApiGwApplication

Host: Intel(R) Core(TM) i5-10300H CPU @ 2.50GHz, 8 cores, 7G,  Windows 10 , 64 bit Build 19041 (10.0.19041.2364)
Time: Sat Jan 14 11:05:16 2023 SE Asia Standard Time elapsed time: 13.088618 seconds (0d 0h 0m 13s)

---------------  T H R E A D  ---------------

Current thread (0x000001d3c87fe800):  VMThread "VM Thread" [stack: 0x000000200db00000,0x000000200dc00000] [id=9152]

Stack: [0x000000200db00000,0x000000200dc00000]
[error occurred during error reporting (printing stack bounds), id 0xc0000005, EXCEPTION_ACCESS_VIOLATION (0xc0000005) at pc=0x000001d3b1fa112d]

Native frames: (J=compiled Java code, j=interpreted, Vv=VM code, C=native code)
V  [jvm.dll+0x61f66a]
V  [jvm.dll+0x7ac889]
V  [jvm.dll+0x7adf78]
V  [jvm.dll+0x7ae5b5]
V  [jvm.dll+0x7ae56b]
V  [jvm.dll+0x61e9f7]
V  [jvm.dll+0x61f108]
C  [ntdll.dll+0xa241f]
C  [ntdll.dll+0x514a4]
C  [ntdll.dll+0xa0f4e]
C  0x000001d3b1fa112d

VM_Operation (0x000000200d5fc100): G1CollectForAllocation, mode: safepoint, requested by thread 0x000001d3a9846800


---------------  P R O C E S S  ---------------

Threads class SMR info:
_java_thread_list=0x000001d3ca984c40, length=16, elements={
0x000001d3a9846800, 0x000001d3c8802000, 0x000001d3c903a800, 0x000001d3c882e000,
0x000001d3c9083800, 0x000001d3c9085800, 0x000001d3c908d800, 0x000001d3c9092000,
0x000001d3c922e800, 0x000001d3c92d7000, 0x000001d3c92f4000, 0x000001d3c92f5800,
0x000001d3c9bb9800, 0x000001d3c9bd7000, 0x000001d3ca952800, 0x000001d3cb26f000
}

Java Threads: ( => current thread )
  0x000001d3a9846800 JavaThread "main" [_thread_blocked, id=7800, stack(0x000000200d500000,0x000000200d600000)]
  0x000001d3c8802000 JavaThread "Reference Handler" daemon [_thread_blocked, id=11964, stack(0x000000200dc00000,0x000000200dd00000)]
  0x000001d3c903a800 JavaThread "Finalizer" daemon [_thread_blocked, id=8100, stack(0x000000200dd00000,0x000000200de00000)]
  0x000001d3c882e000 JavaThread "Signal Dispatcher" daemon [_thread_blocked, id=9584, stack(0x000000200de00000,0x000000200df00000)]
  0x000001d3c9083800 JavaThread "Attach Listener" daemon [_thread_blocked, id=10092, stack(0x000000200df00000,0x000000200e000000)]
  0x000001d3c9085800 JavaThread "Service Thread" daemon [_thread_blocked, id=3408, stack(0x000000200e000000,0x000000200e100000)]
  0x000001d3c908d800 JavaThread "C1 CompilerThread0" daemon [_thread_blocked, id=16760, stack(0x000000200e100000,0x000000200e200000)]
  0x000001d3c9092000 JavaThread "Sweeper thread" daemon [_thread_blocked, id=7416, stack(0x000000200e200000,0x000000200e300000)]
  0x000001d3c922e800 JavaThread "Common-Cleaner" daemon [_thread_blocked, id=19464, stack(0x000000200e300000,0x000000200e400000)]
  0x000001d3c92d7000 JavaThread "JDWP Transport Listener: dt_socket" daemon [_thread_blocked, id=4264, stack(0x000000200e400000,0x000000200e500000)]
  0x000001d3c92f4000 JavaThread "JDWP Event Helper Thread" daemon [_thread_blocked, id=17584, stack(0x000000200e500000,0x000000200e600000)]
  0x000001d3c92f5800 JavaThread "JDWP Command Reader" daemon [_thread_in_native, id=16092, stack(0x000000200e600000,0x000000200e700000)]
  0x000001d3c9bb9800 JavaThread "RMI TCP Accept-0" daemon [_thread_in_native, id=14004, stack(0x000000200e700000,0x000000200e800000)]
  0x000001d3c9bd7000 JavaThread "RMI TCP Connection(2)-172.31.208.1" daemon [_thread_in_native, id=14552, stack(0x000000200eb00000,0x000000200ec00000)]
  0x000001d3ca952800 JavaThread "RMI Scheduler(0)" daemon [_thread_blocked, id=1192, stack(0x000000200ec00000,0x000000200ed00000)]
  0x000001d3cb26f000 JavaThread "RMI TCP Connection(3)-172.31.208.1" daemon [_thread_in_native, id=20320, stack(0x000000200ee00000,0x000000200ef00000)]

Other Threads:
=>0x000001d3c87fe800 VMThread "VM Thread" [stack: 0x000000200db00000,0x000000200dc00000] [id=9152]
  0x000001d3c9bb3000 WatcherThread [stack: 0x000000200e800000,0x000000200e900000] [id=16400]
  0x000001d3a9860800 GCTaskThread "GC Thread#0" [stack: 0x000000200d600000,0x000000200d700000] [id=3476]
  0x000001d3c9c64000 GCTaskThread "GC Thread#1" [stack: 0x000000200e900000,0x000000200ea00000] [id=11816]
  0x000001d3c9c9e000 GCTaskThread "GC Thread#2" [stack: 0x000000200ea00000,0x000000200eb00000] [id=7968]
  0x000001d3cadbe800 GCTaskThread "GC Thread#3" [stack: 0x000000200ef00000,0x000000200f000000] [id=16180]
  0x000001d3a9891800 ConcurrentGCThread "G1 Main Marker" [stack: 0x000000200d700000,0x000000200d800000] [id=12036]
  0x000001d3a9893800 ConcurrentGCThread "G1 Conc#0" [stack: 0x000000200d800000,0x000000200d900000] [id=11016]
  0x000001d3ca9a8000 ConcurrentGCThread "G1 Conc#1" [stack: 0x000000200ed00000,0x000000200ee00000] [id=15144]
  0x000001d3c8667800 ConcurrentGCThread "G1 Refine#0" [stack: 0x000000200d900000,0x000000200da00000] [id=2868]
  0x000001d3c8668800 ConcurrentGCThread "G1 Young RemSet Sampling" [stack: 0x000000200da00000,0x000000200db00000] [id=5240]

Threads with active compile tasks:

VM state:at safepoint (normal execution)

VM Mutex/Monitor currently owned by a thread:  ([mutex/lock_event])
[0x000001d3a9842ea0] Threads_lock - owner thread: 0x000001d3c87fe800
[0x000001d3a98418b0] Heap_lock - owner thread: 0x000001d3a9846800

Heap address: 0x0000000082000000, size: 2016 MB, Compressed Oops mode: 32-bit
Narrow klass base: 0x0000000000000000, Narrow klass shift: 3
Compressed class space size: 1073741824 Address: 0x0000000100000000

Heap:
 garbage-first heap   total 155648K, used 19141K [0x0000000082000000, 0x0000000100000000)
  region size 1024K, 6 young (6144K), 6 survivors (6144K)
 Metaspace       used 38734K, capacity 39975K, committed 40236K, reserved 1085440K
  class space    used 4610K, capacity 5141K, committed 5248K, reserved 1048576K
Heap Regions: E=young(eden), S=young(survivor), O=old, HS=humongous(starts), HC=humongous(continues), CS=collection set, F=free, A=archive, TAMS=top-at-mark-start (previous, next)
|   0|0x0000000082000000, 0x0000000082100000, 0x0000000082100000|100%| O|  |TAMS 0x0000000082100000, 0x0000000082000000| Untracked 
|   1|0x0000000082100000, 0x0000000082200000, 0x0000000082200000|100%| O|  |TAMS 0x0000000082200000, 0x0000000082100000| Untracked 
|   2|0x0000000082200000, 0x0000000082300000, 0x0000000082300000|100%| O|  |TAMS 0x0000000082300000, 0x0000000082200000| Untracked 
|   3|0x0000000082300000, 0x0000000082400000, 0x0000000082400000|100%| O|  |TAMS 0x0000000082400000, 0x0000000082300000| Untracked 
|   4|0x0000000082400000, 0x0000000082500000, 0x0000000082500000|100%| O|  |TAMS 0x0000000082500000, 0x0000000082400000| Untracked 
|   5|0x0000000082500000, 0x0000000082600000, 0x0000000082600000|100%| O|  |TAMS 0x0000000082600000, 0x0000000082500000| Untracked 
|   6|0x0000000082600000, 0x0000000082700000, 0x0000000082700000|100%| O|  |TAMS 0x0000000082700000, 0x0000000082600000| Untracked 
|   7|0x0000000082700000, 0x0000000082800000, 0x0000000082800000|100%| O|  |TAMS 0x0000000082800000, 0x0000000082700000| Untracked 
|   8|0x0000000082800000, 0x0000000082900000, 0x0000000082900000|100%| O|  |TAMS 0x0000000082900000, 0x0000000082800000| Untracked 
|   9|0x0000000082900000, 0x0000000082a00000, 0x0000000082a00000|100%| O|  |TAMS 0x0000000082a00000, 0x0000000082900000| Untracked 
|  10|0x0000000082a00000, 0x0000000082b00000, 0x0000000082b00000|100%| O|  |TAMS 0x0000000082b00000, 0x0000000082a00000| Untracked 
|  11|0x0000000082b00000, 0x0000000082c00000, 0x0000000082c00000|100%| O|  |TAMS 0x0000000082b27400, 0x0000000082b00000| Untracked 
|  12|0x0000000082c00000, 0x0000000082d00000, 0x0000000082d00000|100%| O|  |TAMS 0x0000000082c00000, 0x0000000082c00000| Untracked 
|  13|0x0000000082d00000, 0x0000000082d00000, 0x0000000082e00000|  0%| F|  |TAMS 0x0000000082d00000, 0x0000000082d00000| Untracked 
|  14|0x0000000082e00000, 0x0000000082e00000, 0x0000000082f00000|  0%| F|  |TAMS 0x0000000082e00000, 0x0000000082e00000| Untracked 
|  15|0x0000000082f00000, 0x0000000082f00000, 0x0000000083000000|  0%| F|  |TAMS 0x0000000082f00000, 0x0000000082f00000| Untracked 
|  16|0x0000000083000000, 0x0000000083000000, 0x0000000083100000|  0%| F|  |TAMS 0x0000000083000000, 0x0000000083000000| Untracked 
|  17|0x0000000083100000, 0x0000000083100000, 0x0000000083200000|  0%| F|  |TAMS 0x0000000083100000, 0x0000000083100000| Untracked 
|  18|0x0000000083200000, 0x0000000083200000, 0x0000000083300000|  0%| F|  |TAMS 0x0000000083200000, 0x0000000083200000| Untracked 
|  19|0x0000000083300000, 0x0000000083300000, 0x0000000083400000|  0%| F|  |TAMS 0x0000000083300000, 0x0000000083300000| Untracked 
|  20|0x0000000083400000, 0x0000000083400000, 0x0000000083500000|  0%| F|  |TAMS 0x0000000083400000, 0x0000000083400000| Untracked 
|  21|0x0000000083500000, 0x0000000083500000, 0x0000000083600000|  0%| F|  |TAMS 0x0000000083500000, 0x0000000083500000| Untracked 
|  22|0x0000000083600000, 0x0000000083600000, 0x0000000083700000|  0%| F|  |TAMS 0x0000000083600000, 0x0000000083600000| Untracked 
|  23|0x0000000083700000, 0x0000000083700000, 0x0000000083800000|  0%| F|  |TAMS 0x0000000083700000, 0x0000000083700000| Untracked 
|  24|0x0000000083800000, 0x0000000083800000, 0x0000000083900000|  0%| F|  |TAMS 0x0000000083800000, 0x0000000083800000| Untracked 
|  25|0x0000000083900000, 0x0000000083900000, 0x0000000083a00000|  0%| F|  |TAMS 0x0000000083900000, 0x0000000083900000| Untracked 
|  26|0x0000000083a00000, 0x0000000083a00000, 0x0000000083b00000|  0%| F|  |TAMS 0x0000000083a00000, 0x0000000083a00000| Untracked 
|  27|0x0000000083b00000, 0x0000000083b00000, 0x0000000083c00000|  0%| F|  |TAMS 0x0000000083b00000, 0x0000000083b00000| Untracked 
|  28|0x0000000083c00000, 0x0000000083c00000, 0x0000000083d00000|  0%| F|  |TAMS 0x0000000083c00000, 0x0000000083c00000| Untracked 
|  29|0x0000000083d00000, 0x0000000083d00000, 0x0000000083e00000|  0%| F|  |TAMS 0x0000000083d00000, 0x0000000083d00000| Untracked 
|  30|0x0000000083e00000, 0x0000000083e00000, 0x0000000083f00000|  0%| F|  |TAMS 0x0000000083e00000, 0x0000000083e00000| Untracked 
|  31|0x0000000083f00000, 0x0000000083f00000, 0x0000000084000000|  0%| F|  |TAMS 0x0000000083f00000, 0x0000000083f00000| Untracked 
|  32|0x0000000084000000, 0x0000000084000000, 0x0000000084100000|  0%| F|  |TAMS 0x0000000084000000, 0x0000000084000000| Untracked 
|  33|0x0000000084100000, 0x0000000084100000, 0x0000000084200000|  0%| F|  |TAMS 0x0000000084100000, 0x0000000084100000| Untracked 
|  34|0x0000000084200000, 0x0000000084200000, 0x0000000084300000|  0%| F|  |TAMS 0x0000000084200000, 0x0000000084200000| Untracked 
|  35|0x0000000084300000, 0x0000000084300000, 0x0000000084400000|  0%| F|  |TAMS 0x0000000084300000, 0x0000000084300000| Untracked 
|  36|0x0000000084400000, 0x0000000084400000, 0x0000000084500000|  0%| F|  |TAMS 0x0000000084400000, 0x0000000084400000| Untracked 
|  37|0x0000000084500000, 0x0000000084500000, 0x0000000084600000|  0%| F|  |TAMS 0x0000000084500000, 0x0000000084500000| Untracked 
|  38|0x0000000084600000, 0x0000000084600000, 0x0000000084700000|  0%| F|  |TAMS 0x0000000084600000, 0x0000000084600000| Untracked 
|  39|0x0000000084700000, 0x0000000084700000, 0x0000000084800000|  0%| F|  |TAMS 0x0000000084700000, 0x0000000084700000| Untracked 
|  40|0x0000000084800000, 0x0000000084800000, 0x0000000084900000|  0%| F|  |TAMS 0x0000000084800000, 0x0000000084800000| Untracked 
|  41|0x0000000084900000, 0x0000000084900000, 0x0000000084a00000|  0%| F|  |TAMS 0x0000000084900000, 0x0000000084900000| Untracked 
|  42|0x0000000084a00000, 0x0000000084a00000, 0x0000000084b00000|  0%| F|  |TAMS 0x0000000084a00000, 0x0000000084a00000| Untracked 
|  43|0x0000000084b00000, 0x0000000084b00000, 0x0000000084c00000|  0%| F|  |TAMS 0x0000000084b00000, 0x0000000084b00000| Untracked 
|  44|0x0000000084c00000, 0x0000000084c00000, 0x0000000084d00000|  0%| F|  |TAMS 0x0000000084c00000, 0x0000000084c00000| Untracked 
|  45|0x0000000084d00000, 0x0000000084d00000, 0x0000000084e00000|  0%| F|  |TAMS 0x0000000084d00000, 0x0000000084d00000| Untracked 
|  46|0x0000000084e00000, 0x0000000084e00000, 0x0000000084f00000|  0%| F|  |TAMS 0x0000000084e00000, 0x0000000084e00000| Untracked 
|  47|0x0000000084f00000, 0x0000000084f00000, 0x0000000085000000|  0%| F|  |TAMS 0x0000000084f00000, 0x0000000084f00000| Untracked 
|  48|0x0000000085000000, 0x00000000850b15f0, 0x0000000085100000| 69%| S|CS|TAMS 0x0000000085000000, 0x0000000085000000| Complete 
|  49|0x0000000085100000, 0x0000000085200000, 0x0000000085200000|100%| S|CS|TAMS 0x0000000085100000, 0x0000000085100000| Complete 
|  50|0x0000000085200000, 0x0000000085300000, 0x0000000085300000|100%| S|CS|TAMS 0x0000000085200000, 0x0000000085200000| Complete 
|  51|0x0000000085300000, 0x0000000085400000, 0x0000000085400000|100%| S|CS|TAMS 0x0000000085300000, 0x0000000085300000| Complete 
|  52|0x0000000085400000, 0x0000000085500000, 0x0000000085500000|100%| S|CS|TAMS 0x0000000085400000, 0x0000000085400000| Complete 
|  53|0x0000000085500000, 0x0000000085600000, 0x0000000085600000|100%| S|CS|TAMS 0x0000000085500000, 0x0000000085500000| Complete 
|  54|0x0000000085600000, 0x0000000085600000, 0x0000000085700000|  0%| F|  |TAMS 0x0000000085600000, 0x0000000085600000| Untracked 
|  55|0x0000000085700000, 0x0000000085700000, 0x0000000085800000|  0%| F|  |TAMS 0x0000000085700000, 0x0000000085700000| Untracked 
|  56|0x0000000085800000, 0x0000000085800000, 0x0000000085900000|  0%| F|  |TAMS 0x0000000085800000, 0x0000000085800000| Untracked 
|  57|0x0000000085900000, 0x0000000085900000, 0x0000000085a00000|  0%| F|  |TAMS 0x0000000085900000, 0x0000000085900000| Untracked 
|  58|0x0000000085a00000, 0x0000000085a00000, 0x0000000085b00000|  0%| F|  |TAMS 0x0000000085a00000, 0x0000000085a00000| Untracked 
|  59|0x0000000085b00000, 0x0000000085b00000, 0x0000000085c00000|  0%| F|  |TAMS 0x0000000085b00000, 0x0000000085b00000| Untracked 
|  60|0x0000000085c00000, 0x0000000085c00000, 0x0000000085d00000|  0%| F|  |TAMS 0x0000000085c00000, 0x0000000085c00000| Untracked 
|  61|0x0000000085d00000, 0x0000000085d00000, 0x0000000085e00000|  0%| F|  |TAMS 0x0000000085d00000, 0x0000000085d00000| Untracked 
|  62|0x0000000085e00000, 0x0000000085e00000, 0x0000000085f00000|  0%| F|  |TAMS 0x0000000085e00000, 0x0000000085e00000| Untracked 
|  63|0x0000000085f00000, 0x0000000085f00000, 0x0000000086000000|  0%| F|  |TAMS 0x0000000085f00000, 0x0000000085f00000| Untracked 
|  64|0x0000000086000000, 0x0000000086000000, 0x0000000086100000|  0%| F|  |TAMS 0x0000000086000000, 0x0000000086000000| Untracked 
|  65|0x0000000086100000, 0x0000000086100000, 0x0000000086200000|  0%| F|  |TAMS 0x0000000086100000, 0x0000000086100000| Untracked 
|  66|0x0000000086200000, 0x0000000086200000, 0x0000000086300000|  0%| F|  |TAMS 0x0000000086200000, 0x0000000086200000| Untracked 
|  67|0x0000000086300000, 0x0000000086300000, 0x0000000086400000|  0%| F|  |TAMS 0x0000000086300000, 0x0000000086300000| Untracked 
|  68|0x0000000086400000, 0x0000000086400000, 0x0000000086500000|  0%| F|  |TAMS 0x0000000086400000, 0x0000000086400000| Untracked 
|  69|0x0000000086500000, 0x0000000086500000, 0x0000000086600000|  0%| F|  |TAMS 0x0000000086500000, 0x0000000086500000| Untracked 
|  70|0x0000000086600000, 0x0000000086600000, 0x0000000086700000|  0%| F|  |TAMS 0x0000000086600000, 0x0000000086600000| Untracked 
|  71|0x0000000086700000, 0x0000000086700000, 0x0000000086800000|  0%| F|  |TAMS 0x0000000086700000, 0x0000000086700000| Untracked 
|  72|0x0000000086800000, 0x0000000086800000, 0x0000000086900000|  0%| F|  |TAMS 0x0000000086800000, 0x0000000086800000| Untracked 
|  73|0x0000000086900000, 0x0000000086900000, 0x0000000086a00000|  0%| F|  |TAMS 0x0000000086900000, 0x0000000086900000| Untracked 
|  74|0x0000000086a00000, 0x0000000086a00000, 0x0000000086b00000|  0%| F|  |TAMS 0x0000000086a00000, 0x0000000086a00000| Untracked 
|  75|0x0000000086b00000, 0x0000000086b00000, 0x0000000086c00000|  0%| F|  |TAMS 0x0000000086b00000, 0x0000000086b00000| Untracked 
|  76|0x0000000086c00000, 0x0000000086c00000, 0x0000000086d00000|  0%| F|  |TAMS 0x0000000086c00000, 0x0000000086c00000| Untracked 
|  77|0x0000000086d00000, 0x0000000086d00000, 0x0000000086e00000|  0%| F|  |TAMS 0x0000000086d00000, 0x0000000086d00000| Untracked 
|  78|0x0000000086e00000, 0x0000000086e00000, 0x0000000086f00000|  0%| F|  |TAMS 0x0000000086e00000, 0x0000000086e00000| Untracked 
|  79|0x0000000086f00000, 0x0000000086f00000, 0x0000000087000000|  0%| F|  |TAMS 0x0000000086f00000, 0x0000000086f00000| Untracked 
|  80|0x0000000087000000, 0x0000000087000000, 0x0000000087100000|  0%| F|  |TAMS 0x0000000087000000, 0x0000000087000000| Untracked 
|  81|0x0000000087100000, 0x0000000087100000, 0x0000000087200000|  0%| F|  |TAMS 0x0000000087100000, 0x0000000087100000| Untracked 
|  82|0x0000000087200000, 0x0000000087200000, 0x0000000087300000|  0%| F|  |TAMS 0x0000000087200000, 0x0000000087200000| Untracked 
|  83|0x0000000087300000, 0x0000000087300000, 0x0000000087400000|  0%| F|  |TAMS 0x0000000087300000, 0x0000000087300000| Untracked 
|  84|0x0000000087400000, 0x0000000087400000, 0x0000000087500000|  0%| F|  |TAMS 0x0000000087400000, 0x0000000087400000| Untracked 
|  85|0x0000000087500000, 0x0000000087500000, 0x0000000087600000|  0%| F|  |TAMS 0x0000000087500000, 0x0000000087500000| Untracked 
|  86|0x0000000087600000, 0x0000000087600000, 0x0000000087700000|  0%| F|  |TAMS 0x0000000087600000, 0x0000000087600000| Untracked 
|  87|0x0000000087700000, 0x0000000087700000, 0x0000000087800000|  0%| F|  |TAMS 0x0000000087700000, 0x0000000087700000| Untracked 
|  88|0x0000000087800000, 0x0000000087800000, 0x0000000087900000|  0%| F|  |TAMS 0x0000000087800000, 0x0000000087800000| Untracked 
|  89|0x0000000087900000, 0x0000000087900000, 0x0000000087a00000|  0%| F|  |TAMS 0x0000000087900000, 0x0000000087900000| Untracked 
|  90|0x0000000087a00000, 0x0000000087a00000, 0x0000000087b00000|  0%| F|  |TAMS 0x0000000087a00000, 0x0000000087a00000| Untracked 
|  91|0x0000000087b00000, 0x0000000087b00000, 0x0000000087c00000|  0%| F|  |TAMS 0x0000000087b00000, 0x0000000087b00000| Untracked 
|  92|0x0000000087c00000, 0x0000000087c00000, 0x0000000087d00000|  0%| F|  |TAMS 0x0000000087c00000, 0x0000000087c00000| Untracked 
|  93|0x0000000087d00000, 0x0000000087d00000, 0x0000000087e00000|  0%| F|  |TAMS 0x0000000087d00000, 0x0000000087d00000| Untracked 
|  94|0x0000000087e00000, 0x0000000087e00000, 0x0000000087f00000|  0%| F|  |TAMS 0x0000000087e00000, 0x0000000087e00000| Untracked 
|  95|0x0000000087f00000, 0x0000000087f00000, 0x0000000088000000|  0%| F|  |TAMS 0x0000000087f00000, 0x0000000087f00000| Untracked 
|  96|0x0000000088000000, 0x0000000088000000, 0x0000000088100000|  0%| F|  |TAMS 0x0000000088000000, 0x0000000088000000| Untracked 
|  97|0x0000000088100000, 0x0000000088100000, 0x0000000088200000|  0%| F|  |TAMS 0x0000000088100000, 0x0000000088100000| Untracked 
|  98|0x0000000088200000, 0x0000000088200000, 0x0000000088300000|  0%| F|  |TAMS 0x0000000088200000, 0x0000000088200000| Untracked 
|  99|0x0000000088300000, 0x0000000088300000, 0x0000000088400000|  0%| F|  |TAMS 0x0000000088300000, 0x0000000088300000| Untracked 
| 100|0x0000000088400000, 0x0000000088400000, 0x0000000088500000|  0%| F|  |TAMS 0x0000000088400000, 0x0000000088400000| Untracked 
| 101|0x0000000088500000, 0x0000000088500000, 0x0000000088600000|  0%| F|  |TAMS 0x0000000088500000, 0x0000000088500000| Untracked 
| 102|0x0000000088600000, 0x0000000088600000, 0x0000000088700000|  0%| F|  |TAMS 0x0000000088600000, 0x0000000088600000| Untracked 
| 103|0x0000000088700000, 0x0000000088700000, 0x0000000088800000|  0%| F|  |TAMS 0x0000000088700000, 0x0000000088700000| Untracked 
| 104|0x0000000088800000, 0x0000000088800000, 0x0000000088900000|  0%| F|  |TAMS 0x0000000088800000, 0x0000000088800000| Untracked 
| 105|0x0000000088900000, 0x0000000088900000, 0x0000000088a00000|  0%| F|  |TAMS 0x0000000088900000, 0x0000000088900000| Untracked 
| 106|0x0000000088a00000, 0x0000000088a00000, 0x0000000088b00000|  0%| F|  |TAMS 0x0000000088a00000, 0x0000000088a00000| Untracked 
| 107|0x0000000088b00000, 0x0000000088b00000, 0x0000000088c00000|  0%| F|  |TAMS 0x0000000088b00000, 0x0000000088b00000| Untracked 
| 108|0x0000000088c00000, 0x0000000088c00000, 0x0000000088d00000|  0%| F|  |TAMS 0x0000000088c00000, 0x0000000088c00000| Untracked 
| 109|0x0000000088d00000, 0x0000000088d00000, 0x0000000088e00000|  0%| F|  |TAMS 0x0000000088d00000, 0x0000000088d00000| Untracked 
| 110|0x0000000088e00000, 0x0000000088e00000, 0x0000000088f00000|  0%| F|  |TAMS 0x0000000088e00000, 0x0000000088e00000| Untracked 
| 111|0x0000000088f00000, 0x0000000088f00000, 0x0000000089000000|  0%| F|  |TAMS 0x0000000088f00000, 0x0000000088f00000| Untracked 
| 112|0x0000000089000000, 0x0000000089000000, 0x0000000089100000|  0%| F|  |TAMS 0x0000000089000000, 0x0000000089000000| Untracked 
| 113|0x0000000089100000, 0x0000000089100000, 0x0000000089200000|  0%| F|  |TAMS 0x0000000089100000, 0x0000000089100000| Untracked 
| 114|0x0000000089200000, 0x0000000089200000, 0x0000000089300000|  0%| F|  |TAMS 0x0000000089200000, 0x0000000089200000| Untracked 
| 115|0x0000000089300000, 0x0000000089300000, 0x0000000089400000|  0%| F|  |TAMS 0x0000000089300000, 0x0000000089300000| Untracked 
| 116|0x0000000089400000, 0x0000000089400000, 0x0000000089500000|  0%| F|  |TAMS 0x0000000089400000, 0x0000000089400000| Untracked 
| 117|0x0000000089500000, 0x0000000089500000, 0x0000000089600000|  0%| F|  |TAMS 0x0000000089500000, 0x0000000089500000| Untracked 
| 118|0x0000000089600000, 0x0000000089600000, 0x0000000089700000|  0%| F|  |TAMS 0x0000000089600000, 0x0000000089600000| Untracked 
| 119|0x0000000089700000, 0x0000000089700000, 0x0000000089800000|  0%| F|  |TAMS 0x0000000089700000, 0x0000000089700000| Untracked 
| 120|0x0000000089800000, 0x0000000089800000, 0x0000000089900000|  0%| F|  |TAMS 0x0000000089800000, 0x0000000089800000| Untracked 
| 121|0x0000000089900000, 0x0000000089900000, 0x0000000089a00000|  0%| F|  |TAMS 0x0000000089900000, 0x0000000089900000| Untracked 
| 122|0x0000000089a00000, 0x0000000089a00000, 0x0000000089b00000|  0%| F|  |TAMS 0x0000000089a00000, 0x0000000089a00000| Untracked 
| 123|0x0000000089b00000, 0x0000000089b00000, 0x0000000089c00000|  0%| F|  |TAMS 0x0000000089b00000, 0x0000000089b00000| Untracked 
| 124|0x0000000089c00000, 0x0000000089c00000, 0x0000000089d00000|  0%| F|  |TAMS 0x0000000089c00000, 0x0000000089c00000| Untracked 
| 125|0x0000000089d00000, 0x0000000089d00000, 0x0000000089e00000|  0%| F|  |TAMS 0x0000000089d00000, 0x0000000089d00000| Untracked 

Card table byte_map: [0x000001d3c16c0000,0x000001d3c1ab0000] _byte_map_base: 0x000001d3c12b0000

Marking Bits (Prev, Next): (CMBitMap*) 0x000001d3a98889a8, (CMBitMap*) 0x000001d3a98889e0
 Prev Bits: [0x000001d3c1ea0000, 0x000001d3c3e20000)
 Next Bits: [0x000001d3c3e20000, 0x000001d3c5da0000)

Polling page: 0x000001d3a7780000

Metaspace:

Usage:
  Non-class:     34.02 MB capacity,    33.32 MB ( 98%) used,   571.41 KB (  2%) free+waste,   138.44 KB ( <1%) overhead. 
      Class:      5.02 MB capacity,     4.50 MB ( 90%) used,   462.30 KB (  9%) free+waste,    68.00 KB (  1%) overhead. 
       Both:     39.04 MB capacity,    37.83 MB ( 97%) used,     1.01 MB (  3%) free+waste,   206.44 KB ( <1%) overhead. 

Virtual space:
  Non-class space:       36.00 MB reserved,      34.17 MB ( 95%) committed 
      Class space:        1.00 GB reserved,       5.13 MB ( <1%) committed 
             Both:        1.04 GB reserved,      39.29 MB (  4%) committed 

Chunk freelists:
   Non-Class:  26.00 KB
       Class:  11.00 KB
        Both:  37.00 KB

MaxMetaspaceSize: 17179869184.00 GB
CompressedClassSpaceSize: 1.00 GB
Initial GC threshold: 20.80 MB
Current GC threshold: 58.41 MB
CDS: off

CodeHeap 'non-profiled nmethods': size=238336Kb used=6402Kb max_used=6402Kb free=231933Kb
 bounds [0x000001d3b26e0000, 0x000001d3b2d30000, 0x000001d3c0fa0000]
CodeHeap 'non-nmethods': size=7424Kb used=1318Kb max_used=1318Kb free=6105Kb
 bounds [0x000001d3b1fa0000, 0x000001d3b2210000, 0x000001d3b26e0000]
 total_blobs=4392 nmethods=3867 adapters=460
 compilation: enabled
              stopped_count=0, restarted_count=0
 full_count=0

Compilation events (20 events):
Event: 13.051 Thread 0x000001d3c908d800 3859       1       org.springframework.context.support.PropertySourcesPlaceholderConfigurer$$Lambda$581/0x000000010048c040::resolveStringValue (13 bytes)
Event: 13.051 Thread 0x000001d3c908d800 nmethod 3859 0x000001d3b2d1cc10 code [0x000001d3b2d1cdc0, 0x000001d3b2d1cea8]
Event: 13.051 Thread 0x000001d3c908d800 3860       1       org.springframework.context.support.PropertySourcesPlaceholderConfigurer::lambda$processProperties$0 (54 bytes)
Event: 13.051 Thread 0x000001d3c908d800 nmethod 3860 0x000001d3b2d1cf90 code [0x000001d3b2d1d180, 0x000001d3b2d1d388]
Event: 13.051 Thread 0x000001d3c908d800 3858       1       org.springframework.beans.factory.config.BeanDefinitionVisitor::resolveStringValue (42 bytes)
Event: 13.051 Thread 0x000001d3c908d800 nmethod 3858 0x000001d3b2d1d510 code [0x000001d3b2d1d6e0, 0x000001d3b2d1d8c8]
Event: 13.051 Thread 0x000001d3c908d800 3861       1       org.springframework.beans.factory.config.BeanDefinitionVisitor::visitBeanDefinition (77 bytes)
Event: 13.052 Thread 0x000001d3c908d800 nmethod 3861 0x000001d3b2d1da10 code [0x000001d3b2d1dd80, 0x000001d3b2d1e878]
Event: 13.052 Thread 0x000001d3c908d800 3862       1       org.springframework.beans.factory.config.BeanDefinitionVisitor::visitParentName (33 bytes)
Event: 13.052 Thread 0x000001d3c908d800 nmethod 3862 0x000001d3b2d1ef10 code [0x000001d3b2d1f0e0, 0x000001d3b2d1f258]
Event: 13.052 Thread 0x000001d3c908d800 3863       1       org.springframework.beans.factory.config.BeanDefinitionVisitor::visitBeanClassName (33 bytes)
Event: 13.052 Thread 0x000001d3c908d800 nmethod 3863 0x000001d3b2d1f390 code [0x000001d3b2d1f560, 0x000001d3b2d1f6d8]
Event: 13.052 Thread 0x000001d3c908d800 3864       1       org.springframework.beans.factory.config.BeanDefinitionVisitor::visitFactoryBeanName (33 bytes)
Event: 13.052 Thread 0x000001d3c908d800 nmethod 3864 0x000001d3b2d1f810 code [0x000001d3b2d1f9e0, 0x000001d3b2d1fb58]
Event: 13.052 Thread 0x000001d3c908d800 3865       1       org.springframework.beans.factory.config.BeanDefinitionVisitor::visitFactoryMethodName (33 bytes)
Event: 13.053 Thread 0x000001d3c908d800 nmethod 3865 0x000001d3b2d1fc90 code [0x000001d3b2d1fe60, 0x000001d3b2d1ffd8]
Event: 13.053 Thread 0x000001d3c908d800 3866       1       org.springframework.beans.factory.config.BeanDefinitionVisitor::visitScope (33 bytes)
Event: 13.053 Thread 0x000001d3c908d800 nmethod 3866 0x000001d3b2d20110 code [0x000001d3b2d202e0, 0x000001d3b2d20458]
Event: 13.070 Thread 0x000001d3c908d800 3867       1       java.beans.PropertyEditorSupport::setSource (6 bytes)
Event: 13.070 Thread 0x000001d3c908d800 nmethod 3867 0x000001d3b2d20590 code [0x000001d3b2d20740, 0x000001d3b2d20838]

GC Heap History (13 events):
Event: 2.218 GC heap before
{Heap before GC invocations=0 (full 0):
 garbage-first heap   total 129024K, used 24576K [0x0000000082000000, 0x0000000100000000)
  region size 1024K, 24 young (24576K), 0 survivors (0K)
 Metaspace       used 11953K, capacity 12229K, committed 12416K, reserved 1060864K
  class space    used 1208K, capacity 1335K, committed 1408K, reserved 1048576K
}
Event: 2.275 GC heap after
{Heap after GC invocations=1 (full 0):
 garbage-first heap   total 129024K, used 8821K [0x0000000082000000, 0x0000000100000000)
  region size 1024K, 3 young (3072K), 3 survivors (3072K)
 Metaspace       used 11953K, capacity 12229K, committed 12416K, reserved 1060864K
  class space    used 1208K, capacity 1335K, committed 1408K, reserved 1048576K
}
Event: 3.020 GC heap before
{Heap before GC invocations=1 (full 0):
 garbage-first heap   total 129024K, used 28277K [0x0000000082000000, 0x0000000100000000)
  region size 1024K, 22 young (22528K), 3 survivors (3072K)
 Metaspace       used 14819K, capacity 15174K, committed 15360K, reserved 1062912K
  class space    used 1599K, capacity 1721K, committed 1792K, reserved 1048576K
}
Event: 3.025 GC heap after
{Heap after GC invocations=2 (full 0):
 garbage-first heap   total 129024K, used 9798K [0x0000000082000000, 0x0000000100000000)
  region size 1024K, 1 young (1024K), 1 survivors (1024K)
 Metaspace       used 14819K, capacity 15174K, committed 15360K, reserved 1062912K
  class space    used 1599K, capacity 1721K, committed 1792K, reserved 1048576K
}
Event: 5.332 GC heap before
{Heap before GC invocations=2 (full 0):
 garbage-first heap   total 129024K, used 51782K [0x0000000082000000, 0x0000000100000000)
  region size 1024K, 43 young (44032K), 1 survivors (1024K)
 Metaspace       used 20442K, capacity 21024K, committed 21248K, reserved 1069056K
  class space    used 2311K, capacity 2540K, committed 2560K, reserved 1048576K
}
Event: 5.339 GC heap after
{Heap after GC invocations=3 (full 0):
 garbage-first heap   total 129024K, used 11830K [0x0000000082000000, 0x0000000100000000)
  region size 1024K, 3 young (3072K), 3 survivors (3072K)
 Metaspace       used 20442K, capacity 21024K, committed 21248K, reserved 1069056K
  class space    used 2311K, capacity 2540K, committed 2560K, reserved 1048576K
}
Event: 6.839 GC heap before
{Heap before GC invocations=4 (full 0):
 garbage-first heap   total 129024K, used 64054K [0x0000000082000000, 0x0000000100000000)
  region size 1024K, 55 young (56320K), 3 survivors (3072K)
 Metaspace       used 27456K, capacity 28345K, committed 28416K, reserved 1075200K
  class space    used 3212K, capacity 3557K, committed 3584K, reserved 1048576K
}
Event: 6.869 GC heap after
{Heap after GC invocations=5 (full 0):
 garbage-first heap   total 129024K, used 13718K [0x0000000082000000, 0x0000000100000000)
  region size 1024K, 5 young (5120K), 5 survivors (5120K)
 Metaspace       used 27456K, capacity 28345K, committed 28416K, reserved 1075200K
  class space    used 3212K, capacity 3557K, committed 3584K, reserved 1048576K
}
Event: 8.131 GC heap before
{Heap before GC invocations=5 (full 0):
 garbage-first heap   total 129024K, used 73110K [0x0000000082000000, 0x0000000100000000)
  region size 1024K, 64 young (65536K), 5 survivors (5120K)
 Metaspace       used 30873K, capacity 31889K, committed 32000K, reserved 1077248K
  class space    used 3639K, capacity 4058K, committed 4096K, reserved 1048576K
}
Event: 8.145 GC heap after
{Heap after GC invocations=6 (full 0):
 garbage-first heap   total 129024K, used 16314K [0x0000000082000000, 0x0000000100000000)
  region size 1024K, 7 young (7168K), 7 survivors (7168K)
 Metaspace       used 30873K, capacity 31889K, committed 32000K, reserved 1077248K
  class space    used 3639K, capacity 4058K, committed 4096K, reserved 1048576K
}
Event: 10.894 GC heap before
{Heap before GC invocations=6 (full 0):
 garbage-first heap   total 129024K, used 71610K [0x0000000082000000, 0x0000000100000000)
  region size 1024K, 63 young (64512K), 7 survivors (7168K)
 Metaspace       used 34341K, capacity 35509K, committed 35628K, reserved 1081344K
  class space    used 3995K, capacity 4450K, committed 4480K, reserved 1048576K
}
Event: 10.912 GC heap after
{Heap after GC invocations=7 (full 0):
 garbage-first heap   total 129024K, used 16916K [0x0000000082000000, 0x0000000100000000)
  region size 1024K, 6 young (6144K), 6 survivors (6144K)
 Metaspace       used 34341K, capacity 35509K, committed 35628K, reserved 1081344K
  class space    used 3995K, capacity 4450K, committed 4480K, reserved 1048576K
}
Event: 13.072 GC heap before
{Heap before GC invocations=8 (full 0):
 garbage-first heap   total 129024K, used 84500K [0x0000000082000000, 0x0000000100000000)
  region size 1024K, 72 young (73728K), 6 survivors (6144K)
 Metaspace       used 38734K, capacity 39975K, committed 40236K, reserved 1085440K
  class space    used 4610K, capacity 5141K, committed 5248K, reserved 1048576K
}

Deoptimization events (20 events):
Event: 12.990 Thread 0x000001d3a9846800 DEOPT PACKING pc=0x000001d3b2cfcca4 sp=0x000000200d5fe680
Event: 12.990 Thread 0x000001d3a9846800 DEOPT UNPACKING pc=0x000001d3b1fea95e sp=0x000000200d5fdb48 mode 1
Event: 12.992 Thread 0x000001d3a9846800 DEOPT PACKING pc=0x000001d3b2cfcca4 sp=0x000000200d5fe680
Event: 12.992 Thread 0x000001d3a9846800 DEOPT UNPACKING pc=0x000001d3b1fea95e sp=0x000000200d5fdb48 mode 1
Event: 13.026 Thread 0x000001d3a9846800 DEOPT PACKING pc=0x000001d3b2cfcca4 sp=0x000000200d5fe680
Event: 13.026 Thread 0x000001d3a9846800 DEOPT UNPACKING pc=0x000001d3b1fea95e sp=0x000000200d5fdb48 mode 1
Event: 13.033 Thread 0x000001d3a9846800 DEOPT PACKING pc=0x000001d3b2cfcca4 sp=0x000000200d5fe680
Event: 13.033 Thread 0x000001d3a9846800 DEOPT UNPACKING pc=0x000001d3b1fea95e sp=0x000000200d5fdb48 mode 1
Event: 13.044 Thread 0x000001d3a9846800 DEOPT PACKING pc=0x000001d3b2a7c3fc sp=0x000000200d5fe720
Event: 13.044 Thread 0x000001d3a9846800 DEOPT UNPACKING pc=0x000001d3b1fea95e sp=0x000000200d5fdc58 mode 1
Event: 13.044 Thread 0x000001d3a9846800 DEOPT PACKING pc=0x000001d3b2a7c3fc sp=0x000000200d5fe720
Event: 13.044 Thread 0x000001d3a9846800 DEOPT UNPACKING pc=0x000001d3b1fea95e sp=0x000000200d5fdc58 mode 1
Event: 13.056 Thread 0x000001d3a9846800 DEOPT PACKING pc=0x000001d3b28b13f4 sp=0x000000200d5fe3a0
Event: 13.056 Thread 0x000001d3a9846800 DEOPT UNPACKING pc=0x000001d3b1fea95e sp=0x000000200d5fd838 mode 1
Event: 13.056 Thread 0x000001d3a9846800 DEOPT PACKING pc=0x000001d3b28b0a1c sp=0x000000200d5fe470
Event: 13.056 Thread 0x000001d3a9846800 DEOPT UNPACKING pc=0x000001d3b1fea95e sp=0x000000200d5fd928 mode 1
Event: 13.057 Thread 0x000001d3a9846800 DEOPT PACKING pc=0x000001d3b28b13f4 sp=0x000000200d5fe3a0
Event: 13.057 Thread 0x000001d3a9846800 DEOPT UNPACKING pc=0x000001d3b1fea95e sp=0x000000200d5fd838 mode 1
Event: 13.057 Thread 0x000001d3a9846800 DEOPT PACKING pc=0x000001d3b28b0a1c sp=0x000000200d5fe470
Event: 13.057 Thread 0x000001d3a9846800 DEOPT UNPACKING pc=0x000001d3b1fea95e sp=0x000000200d5fd928 mode 1

Classes redefined (0 events):
No events

Internal exceptions (20 events):
Event: 6.972 Thread 0x000001d3a9846800 Exception <a 'java/lang/ClassNotFoundException'{0x0000000089471798}: org/springframework/beans/factory/AwareCustomizer> (0x0000000089471798) thrown at [./src/hotspot/share/classfile/systemDictionary.cpp, line 230]
Event: 6.973 Thread 0x000001d3a9846800 Exception <a 'java/lang/ClassNotFoundException'{0x0000000089492068}: org/springframework/context/ApplicationStartupAwareCustomizer> (0x0000000089492068) thrown at [./src/hotspot/share/classfile/systemDictionary.cpp, line 230]
Event: 6.974 Thread 0x000001d3a9846800 Exception <a 'java/lang/ClassNotFoundException'{0x00000000894b06f8}: org/springframework/beans/factory/AwareCustomizer> (0x00000000894b06f8) thrown at [./src/hotspot/share/classfile/systemDictionary.cpp, line 230]
Event: 6.974 Thread 0x000001d3a9846800 Exception <a 'java/lang/ClassNotFoundException'{0x00000000894d17b0}: org/springframework/beans/factory/BeanClassLoaderAwareCustomizer> (0x00000000894d17b0) thrown at [./src/hotspot/share/classfile/systemDictionary.cpp, line 230]
Event: 6.975 Thread 0x000001d3a9846800 Exception <a 'java/lang/ClassNotFoundException'{0x00000000894efbe0}: org/springframework/beans/factory/AwareCustomizer> (0x00000000894efbe0) thrown at [./src/hotspot/share/classfile/systemDictionary.cpp, line 230]
Event: 6.976 Thread 0x000001d3a9846800 Exception <a 'java/lang/ClassNotFoundException'{0x000000008930ede0}: org/springframework/context/EnvironmentAwareCustomizer> (0x000000008930ede0) thrown at [./src/hotspot/share/classfile/systemDictionary.cpp, line 230]
Event: 6.976 Thread 0x000001d3a9846800 Exception <a 'java/lang/ClassNotFoundException'{0x000000008932d188}: org/springframework/beans/factory/AwareCustomizer> (0x000000008932d188) thrown at [./src/hotspot/share/classfile/systemDictionary.cpp, line 230]
Event: 7.263 Thread 0x000001d3ca498800 Exception <a 'java/lang/NoClassDefFoundError'{0x0000000087ef7240}: org/glassfish/jersey/server/monitoring/ApplicationEventListener> (0x0000000087ef7240) thrown at [./src/hotspot/share/classfile/systemDictionary.cpp, line 219]
Event: 7.376 Thread 0x000001d3a9846800 Exception <a 'java/lang/IncompatibleClassChangeError'{0x0000000087608270}: Found class java.lang.Object, but interface was expected> (0x0000000087608270) thrown at [./src/hotspot/share/interpreter/linkResolver.cpp, line 839]
Event: 7.413 Thread 0x000001d3c9bd7000 Exception <a 'java/lang/reflect/InvocationTargetException'{0x0000000089816440}> (0x0000000089816440) thrown at [./src/hotspot/share/runtime/reflection.cpp, line 1247]
Event: 7.722 Thread 0x000001d3a9846800 Exception <a 'java/lang/NoSuchMethodError'{0x0000000086fc7210}: 'void java.lang.invoke.DirectMethodHandle$Holder.invokeInterface(java.lang.Object, java.lang.Object, java.lang.Object, java.lang.Object)'> (0x0000000086fc7210) thrown at [./src/hotspot/share/interpreter/linkResolver.cpp, line 773]
Event: 7.920 Thread 0x000001d3c9bd7000 Exception <a 'java/lang/reflect/InvocationTargetException'{0x0000000089822d08}> (0x0000000089822d08) thrown at [./src/hotspot/share/runtime/reflection.cpp, line 1247]
Event: 8.427 Thread 0x000001d3c9bd7000 Exception <a 'java/lang/reflect/InvocationTargetException'{0x00000000897099e8}> (0x00000000897099e8) thrown at [./src/hotspot/share/runtime/reflection.cpp, line 1247]
Event: 10.641 Thread 0x000001d3a9846800 Exception <a 'java/lang/NoSuchMethodError'{0x0000000086c9eea0}: 'int java.lang.invoke.DirectMethodHandle$Holder.invokeStaticInit(java.lang.Object)'> (0x0000000086c9eea0) thrown at [./src/hotspot/share/interpreter/linkResolver.cpp, line 773]
Event: 10.641 Thread 0x000001d3a9846800 Exception <a 'java/lang/NoSuchMethodError'{0x0000000086ca3c60}: 'int java.lang.invoke.DirectMethodHandle$Holder.invokeVirtual(java.lang.Object, java.lang.Object, java.lang.Object)'> (0x0000000086ca3c60) thrown at [./src/hotspot/share/interpreter/linkResolver.cpp, line 773]
Event: 11.765 Thread 0x000001d3cb26f000 Exception <a 'java/lang/reflect/InvocationTargetException'{0x00000000881118f8}> (0x00000000881118f8) thrown at [./src/hotspot/share/runtime/reflection.cpp, line 1247]
Event: 12.270 Thread 0x000001d3cb26f000 Exception <a 'java/lang/reflect/InvocationTargetException'{0x0000000088120f78}> (0x0000000088120f78) thrown at [./src/hotspot/share/runtime/reflection.cpp, line 1247]
Event: 12.797 Thread 0x000001d3cb26f000 Exception <a 'java/lang/reflect/InvocationTargetException'{0x000000008812d750}> (0x000000008812d750) thrown at [./src/hotspot/share/runtime/reflection.cpp, line 1247]
Event: 13.056 Thread 0x000001d3a9846800 Exception <a 'java/lang/NoClassDefFoundError'{0x000000008564e330}: org/flywaydb/core/Flyway> (0x000000008564e330) thrown at [./src/hotspot/share/classfile/systemDictionary.cpp, line 219]
Event: 13.057 Thread 0x000001d3a9846800 Exception <a 'java/lang/NoClassDefFoundError'{0x000000008565c0a0}: liquibase/integration/spring/SpringLiquibase> (0x000000008565c0a0) thrown at [./src/hotspot/share/classfile/systemDictionary.cpp, line 219]

Events (20 events):
Event: 13.057 loading class org/springframework/boot/r2dbc/init/R2dbcScriptDatabaseInitializer done
Event: 13.058 loading class org/springframework/boot/sql/init/AbstractScriptDatabaseInitializer
Event: 13.058 loading class org/springframework/boot/sql/init/AbstractScriptDatabaseInitializer done
Event: 13.060 loading class org/springframework/boot/autoconfigure/flyway/FlywayMigrationInitializer
Event: 13.060 loading class org/springframework/boot/autoconfigure/flyway/FlywayMigrationInitializer done
Event: 13.061 loading class org/springframework/boot/jdbc/AbstractDataSourceInitializer
Event: 13.061 loading class org/springframework/boot/jdbc/AbstractDataSourceInitializer done
Event: 13.063 loading class org/springframework/boot/jdbc/init/DataSourceScriptDatabaseInitializer
Event: 13.063 loading class org/springframework/boot/jdbc/init/DataSourceScriptDatabaseInitializer done
Event: 13.066 loading class org/springframework/context/event/EventExpressionEvaluator
Event: 13.066 loading class org/springframework/context/event/EventExpressionEvaluator done
Event: 13.069 loading class org/springframework/context/expression/CachedExpressionEvaluator
Event: 13.069 loading class org/springframework/context/expression/CachedExpressionEvaluator done
Event: 13.070 loading class org/springframework/security/config/crypto/RsaKeyConversionServicePostProcessor
Event: 13.070 loading class org/springframework/security/config/crypto/RsaKeyConversionServicePostProcessor done
Event: 13.071 loading class org/springframework/security/config/crypto/RsaKeyConversionServicePostProcessor$ResourceKeyConverterAdapter
Event: 13.071 loading class org/springframework/security/config/crypto/RsaKeyConversionServicePostProcessor$ResourceKeyConverterAdapter done
Event: 13.071 loading class org/springframework/security/converter/RsaKeyConverters
Event: 13.071 loading class org/springframework/security/converter/RsaKeyConverters done
Event: 13.072 Executing VM operation: G1CollectForAllocation


Dynamic libraries:
0x00007ff70c530000 - 0x00007ff70c53d000 	C:\Users\Admin\.jdks\corretto-11.0.17\bin\java.exe
0x00007ff9d3e50000 - 0x00007ff9d4048000 	C:\Windows\SYSTEM32\ntdll.dll
0x00007ff9d3630000 - 0x00007ff9d36ef000 	C:\Windows\System32\KERNEL32.DLL
0x00007ff9d1b60000 - 0x00007ff9d1e32000 	C:\Windows\System32\KERNELBASE.dll
0x00007ff9d1540000 - 0x00007ff9d1640000 	C:\Windows\System32\ucrtbase.dll
0x00007ff9b7b00000 - 0x00007ff9b7b17000 	C:\Users\Admin\.jdks\corretto-11.0.17\bin\jli.dll
0x00007ff9a38e0000 - 0x00007ff9a38f9000 	C:\Users\Admin\.jdks\corretto-11.0.17\bin\VCRUNTIME140.dll
0x00007ff9d2020000 - 0x00007ff9d21c1000 	C:\Windows\System32\USER32.dll
0x00007ff9d1b30000 - 0x00007ff9d1b52000 	C:\Windows\System32\win32u.dll
0x00007ff9ba680000 - 0x00007ff9ba91a000 	C:\Windows\WinSxS\amd64_microsoft.windows.common-controls_6595b64144ccf1df_6.0.19041.1110_none_60b5254171f9507e\COMCTL32.dll
0x00007ff9d2de0000 - 0x00007ff9d2e7e000 	C:\Windows\System32\msvcrt.dll
0x00007ff9d1ea0000 - 0x00007ff9d1ecb000 	C:\Windows\System32\GDI32.dll
0x00007ff9d18d0000 - 0x00007ff9d19df000 	C:\Windows\System32\gdi32full.dll
0x00007ff9d19e0000 - 0x00007ff9d1a7d000 	C:\Windows\System32\msvcp_win.dll
0x00007ff9d2da0000 - 0x00007ff9d2dd2000 	C:\Windows\System32\IMM32.DLL
0x00007ff999060000 - 0x00007ff9990fb000 	C:\Users\Admin\.jdks\corretto-11.0.17\bin\msvcp140.dll
0x00007ff95cdf0000 - 0x00007ff95d975000 	C:\Users\Admin\.jdks\corretto-11.0.17\bin\server\jvm.dll
0x00007ff9d2700000 - 0x00007ff9d27ae000 	C:\Windows\System32\ADVAPI32.dll
0x00007ff9d3ca0000 - 0x00007ff9d3d3c000 	C:\Windows\System32\sechost.dll
0x00007ff9d2c70000 - 0x00007ff9d2d95000 	C:\Windows\System32\RPCRT4.dll
0x00007ff9d1e90000 - 0x00007ff9d1e98000 	C:\Windows\System32\PSAPI.DLL
0x00007ff9bdc80000 - 0x00007ff9bdc89000 	C:\Windows\SYSTEM32\WSOCK32.dll
0x00007ff9ae5e0000 - 0x00007ff9ae607000 	C:\Windows\SYSTEM32\WINMM.dll
0x00007ff9c9320000 - 0x00007ff9c932a000 	C:\Windows\SYSTEM32\VERSION.dll
0x00007ff9d3da0000 - 0x00007ff9d3e0b000 	C:\Windows\System32\WS2_32.dll
0x00007ff9cfd50000 - 0x00007ff9cfd62000 	C:\Windows\SYSTEM32\kernel.appcore.dll
0x00007ff9c9da0000 - 0x00007ff9c9db0000 	C:\Users\Admin\.jdks\corretto-11.0.17\bin\verify.dll
0x00007ff9cf130000 - 0x00007ff9cf314000 	C:\Windows\SYSTEM32\DBGHELP.DLL
0x00007ff9b7e90000 - 0x00007ff9b7ec5000 	C:\Windows\SYSTEM32\dbgcore.DLL
0x00007ff9d1670000 - 0x00007ff9d16f2000 	C:\Windows\System32\bcryptPrimitives.dll
0x00007ff99da30000 - 0x00007ff99da58000 	C:\Users\Admin\.jdks\corretto-11.0.17\bin\java.dll
0x00007ff9a1c20000 - 0x00007ff9a1c2a000 	C:\Users\Admin\.jdks\corretto-11.0.17\bin\jimage.dll
0x00007ff9c68b0000 - 0x00007ff9c68e8000 	C:\Users\Admin\.jdks\corretto-11.0.17\bin\jdwp.dll
0x00007ff9cd000000 - 0x00007ff9cd00e000 	C:\Users\Admin\.jdks\corretto-11.0.17\bin\instrument.dll
0x00007ff99da10000 - 0x00007ff99da28000 	C:\Users\Admin\.jdks\corretto-11.0.17\bin\zip.dll
0x00007ff9d2ee0000 - 0x00007ff9d3624000 	C:\Windows\System32\SHELL32.dll
0x00007ff9cf5a0000 - 0x00007ff9cfd32000 	C:\Windows\SYSTEM32\windows.storage.dll
0x00007ff9d21d0000 - 0x00007ff9d2525000 	C:\Windows\System32\combase.dll
0x00007ff9d0ec0000 - 0x00007ff9d0ef0000 	C:\Windows\SYSTEM32\Wldp.dll
0x00007ff9d3780000 - 0x00007ff9d382d000 	C:\Windows\System32\SHCORE.dll
0x00007ff9d3d40000 - 0x00007ff9d3d95000 	C:\Windows\System32\shlwapi.dll
0x00007ff9d1480000 - 0x00007ff9d149f000 	C:\Windows\SYSTEM32\profapi.dll
0x00007ff9ccf20000 - 0x00007ff9ccf2a000 	C:\Users\Admin\.jdks\corretto-11.0.17\bin\dt_socket.dll
0x00007ff9d0ca0000 - 0x00007ff9d0d0a000 	C:\Windows\system32\mswsock.dll
0x00007ff99d870000 - 0x00007ff99d889000 	C:\Users\Admin\.jdks\corretto-11.0.17\bin\net.dll
0x00007ff9c9670000 - 0x00007ff9c977c000 	C:\Windows\SYSTEM32\WINHTTP.dll
0x00007ff99d850000 - 0x00007ff99d863000 	C:\Users\Admin\.jdks\corretto-11.0.17\bin\nio.dll
0x00007ff9d09b0000 - 0x00007ff9d0a7a000 	C:\Windows\SYSTEM32\DNSAPI.dll
0x00007ff9d0960000 - 0x00007ff9d099b000 	C:\Windows\SYSTEM32\IPHLPAPI.DLL
0x00007ff9d1f30000 - 0x00007ff9d1f38000 	C:\Windows\System32\NSI.dll
0x00007ff9c9bb0000 - 0x00007ff9c9bba000 	C:\Windows\System32\rasadhlp.dll
0x00007ff9c4b10000 - 0x00007ff9c4b90000 	C:\Windows\System32\fwpuclnt.dll
0x00007ff9d1640000 - 0x00007ff9d1667000 	C:\Windows\System32\bcrypt.dll
0x00007ff9cb7d0000 - 0x00007ff9cb7d9000 	C:\Users\Admin\.jdks\corretto-11.0.17\bin\management.dll
0x00007ff9cb7c0000 - 0x00007ff9cb7cb000 	C:\Users\Admin\.jdks\corretto-11.0.17\bin\management_ext.dll
0x00007ff9d0f00000 - 0x00007ff9d0f18000 	C:\Windows\SYSTEM32\CRYPTSP.dll
0x00007ff9d0570000 - 0x00007ff9d05a4000 	C:\Windows\system32\rsaenh.dll
0x00007ff9d1400000 - 0x00007ff9d142e000 	C:\Windows\SYSTEM32\USERENV.dll
0x00007ff9d0e30000 - 0x00007ff9d0e3c000 	C:\Windows\SYSTEM32\CRYPTBASE.dll
0x00007ff9c9920000 - 0x00007ff9c9937000 	C:\Windows\SYSTEM32\dhcpcsvc6.DLL
0x00007ff9c98c0000 - 0x00007ff9c98dd000 	C:\Windows\SYSTEM32\dhcpcsvc.DLL
0x00007ff99e9c0000 - 0x00007ff99e9d7000 	C:\Windows\system32\napinsp.dll
0x00007ff99e9a0000 - 0x00007ff99e9bb000 	C:\Windows\system32\pnrpnsp.dll
0x00007ff9cc2b0000 - 0x00007ff9cc2c5000 	C:\Windows\system32\wshbth.dll
0x00007ff9ccdb0000 - 0x00007ff9ccdcd000 	C:\Windows\system32\NLAapi.dll
0x00007ff99e980000 - 0x00007ff99e992000 	C:\Windows\System32\winrnr.dll

dbghelp: loaded successfully - version: 4.0.5 - missing functions: none
symbol engine: initialized successfully - sym options: 0x614 - pdb path: .;C:\Users\Admin\.jdks\corretto-11.0.17\bin;C:\Windows\SYSTEM32;C:\Windows\WinSxS\amd64_microsoft.windows.common-controls_6595b64144ccf1df_6.0.19041.1110_none_60b5254171f9507e;C:\Users\Admin\.jdks\corretto-11.0.17\bin\server

VM Arguments:
jvm_args: -agentlib:jdwp=transport=dt_socket,address=127.0.0.1:50612,suspend=y,server=n -XX:TieredStopAtLevel=1 -Xverify:none -Dspring.output.ansi.enabled=always -Dcom.sun.management.jmxremote -Dspring.jmx.enabled=true -Dspring.liveBeansView.mbeanDomain -Dspring.application.admin.enabled=true -Dmanagement.endpoints.jmx.exposure.include=* -javaagent:C:\Users\Admin\AppData\Local\JetBrains\IntelliJIdea2022.3\captureAgent\debugger-agent.jar=file:/C:/Users/Admin/AppData/Local/Temp/capture.props -Dfile.encoding=UTF-8 
java_command: com.tass.apigw.ApiGwApplication
java_class_path (initial): D:\Batch_4\tasc_training\moi\microservice_smart\api-gw\build\classes\java\main;D:\Batch_4\tasc_training\moi\microservice_smart\api-gw\build\resources\main;C:\Users\Admin\.gradle\caches\modules-2\files-2.1\org.projectlombok\lombok\1.18.22\9c08ea24c6eb714e2d6170e8122c069a0ba9aacf\lombok-1.18.22.jar;C:\Users\Admin\.gradle\caches\modules-2\files-2.1\org.springframework.boot\spring-boot-configuration-processor\2.6.6\f4b65c31c47798e79dd8ede03930f3e8775f0576\spring-boot-configuration-processor-2.6.6.jar;D:\Batch_4\tasc_training\moi\microservice_smart\common\build\classes\java\main;C:\Users\Admin\.gradle\caches\modules-2\files-2.1\org.apache.commons\commons-lang3\3.12.0\c6842c86792ff03b9f1d1fe2aab8dc23aa6c6f0e\commons-lang3-3.12.0.jar;C:\Users\Admin\.gradle\caches\modules-2\files-2.1\org.springframework.cloud\spring-cloud-starter-netflix-zuul\2.2.10.RELEASE\7ecfdd2b9faebfa524997bb4e371b08dd7463cab\spring-cloud-starter-netflix-zuul-2.2.10.RELEASE.jar;C:\Users\Admin\.gradle\caches\modules-2\files-2.1\org.springframework.boot\spring-boot-starter-web\2.6.2\685b236afc0144a52383cd2c52731dd016f9badd\spring-boot-starter-web-2.6.2.jar;C:\Users\Admin\.gradle\caches\modules-2\files-2.1\org.springframework.boot\spring-boot-starter-log4j2\2.6.2\3c02e16d4ef4cd27da654ce7b635ed404f693506\spring-boot-starter-log4j2-2.6.2.jar;C:\Users\Admin\.gradle\caches\modules-2\files-2.1\org.springframework.boot\spring-boot-starter-data-redis\2.6.6\ffe0f27d44a16ab6be555ebabf678982afe37541\spring-boot-starter-data-redis-2.6.6.jar;C:\Users\Admin\.gradle\caches\modules-2\files-2.1\org.redisson\redisson-spring-data-26\3.18.1\ae978907d4ec57eeea268e98baab1ef35c4fea46\redisson-spring-data-26-3.18.1.jar;C:\Users\Admin\.gradle\caches\modules-2\files-2.1\redis.clients\jedis\3.9.0\567a2c54db3e1564c63d1c5f6a1b45d7d35198ba\jedis-3.9.0.jar;C:\Users\Admin\.gradle\caches\modules-2\files-2.1\org.springframework.boot\spring-boot-starter-security\2.6.2\43ee0478a25124223e4bc0300d94239f96086253\s
Launcher Type: SUN_STANDARD

[Global flags]
     bool BytecodeVerificationLocal                = false                                     {product} {command line}
     bool BytecodeVerificationRemote               = false                                     {product} {command line}
     intx CICompilerCount                          = 4                                         {product} {ergonomic}
     uint ConcGCThreads                            = 2                                         {product} {ergonomic}
     uint G1ConcRefinementThreads                  = 8                                         {product} {ergonomic}
   size_t G1HeapRegionSize                         = 1048576                                   {product} {ergonomic}
    uintx GCDrainStackTargetSize                   = 64                                        {product} {ergonomic}
   size_t InitialHeapSize                          = 132120576                                 {product} {ergonomic}
     bool ManagementServer                         = true                                      {product} {command line}
   size_t MarkStackSize                            = 4194304                                   {product} {ergonomic}
   size_t MaxHeapSize                              = 2113929216                                {product} {ergonomic}
   size_t MaxNewSize                               = 1267728384                                {product} {ergonomic}
   size_t MinHeapDeltaBytes                        = 1048576                                   {product} {ergonomic}
    uintx NonNMethodCodeHeapSize                   = 7549744                                {pd product} {ergonomic}
    uintx NonProfiledCodeHeapSize                  = 244108496                              {pd product} {ergonomic}
    uintx ProfiledCodeHeapSize                     = 0                                      {pd product} {ergonomic}
    uintx ReservedCodeCacheSize                    = 251658240                              {pd product} {ergonomic}
     bool SegmentedCodeCache                       = true                                      {product} {ergonomic}
     intx TieredStopAtLevel                        = 1                                         {product} {command line}
     bool UseCompressedClassPointers               = true                                 {lp64_product} {ergonomic}
     bool UseCompressedOops                        = true                                 {lp64_product} {ergonomic}
     bool UseG1GC                                  = true                                      {product} {ergonomic}
     bool UseLargePagesIndividualAllocation        = false                                  {pd product} {ergonomic}

Logging:
Log output configuration:
 #0: stdout all=warning uptime,level,tags
 #1: stderr all=off uptime,level,tags

Environment Variables:
PATH=C:\Program Files (x86)\Common Files\Oracle\Java\javapath;C:\Windows\system32;C:\Windows;C:\Windows\System32\Wbem;C:\Windows\System32\WindowsPowerShell\v1.0\;C:\Windows\System32\OpenSSH\;C:\Program Files\Microsoft SQL Server\130\Tools\Binn\;C:\Program Files\Microsoft SQL Server\Client SDK\ODBC\170\Tools\Binn\;C:\Program Files\Azure Data Studio\bin;C:\Program Files (x86)\Microsoft SQL Server\150\Tools\Binn\;C:\Program Files\Microsoft SQL Server\150\Tools\Binn\;C:\Program Files\Microsoft SQL Server\150\DTS\Binn\;C:\Program Files (x86)\Microsoft SQL Server\150\DTS\Binn\;D:\XAMPP\php;D:\Composer;C:\Program Files\nodejs\;C:\Program Files\Microsoft SQL Server Migration Assistant for MySQL\bin\;D:\Git\cmd;C:\Program Files\Docker\Docker\resources\bin;C:\Program Files\MySQL\MySQL Shell 8.0\bin\;C:\Users\Admin\AppData\Local\Microsoft\WindowsApps;C:\Users\Admin\AppData\Local\GitHubDesktop\bin;C:\Program Files\Azure Data Studio\bin;C:\Users\Admin\AppData\Roaming\Composer\vendor\bin;C:\Users\Admin\AppData\Roaming\npm;C:\Users\Admin\AppData\Local\Programs\Microsoft VS Code\bin;C:\Program Files\heroku\bin;D:\grid_database\DataGrip 2022.2.5\bin;;C:\Program Files\JetBrains\IntelliJ IDEA 2022.3.1\bin;
USERNAME=Admin
OS=Windows_NT
PROCESSOR_IDENTIFIER=Intel64 Family 6 Model 165 Stepping 2, GenuineIntel
TMP=C:\Users\Admin\AppData\Local\Temp
TEMP=C:\Users\Admin\AppData\Local\Temp



---------------  S Y S T E M  ---------------

OS: Windows 10 , 64 bit Build 19041 (10.0.19041.2364)
OS uptime: 0 days 21:22 hours
Hyper-V role detected

CPU:total 8 (initial active 8) (4 cores per cpu, 2 threads per core) family 6 model 165 stepping 2 microcode 0xea, cmov, cx8, fxsr, mmx, sse, sse2, sse3, ssse3, sse4.1, sse4.2, popcnt, avx, avx2, aes, clmul, erms, 3dnowpref, lzcnt, ht, tsc, tscinvbit, bmi1, bmi2, adx, fma

Memory: 4k page, system-wide physical 8059M (219M free)
TotalPageFile size 20347M (AvailPageFile size 27M)
current process WorkingSet (physical memory assigned to process): 188M, peak: 188M
current process commit charge ("private bytes"): 267M, peak: 292M

vm_info: OpenJDK 64-Bit Server VM (11.0.17+8-LTS) for windows-amd64 JRE (11.0.17+8-LTS), built on Oct 14 2022 18:02:01 by "Administrator" with MS VC++ 15.9 (VS2017)

END.
