#
# There is insufficient memory for the Java Runtime Environment to continue.
# Native memory allocation (malloc) failed to allocate 1048576 bytes for AllocateHeap
# Possible reasons:
#   The system is out of physical RAM or swap space
#   The process is running with CompressedOops enabled, and the Java Heap may be blocking the growth of the native heap
# Possible solutions:
#   Reduce memory load on the system
#   Increase physical memory or swap space
#   Check if swap backing store is full
#   Decrease Java heap size (-Xmx/-Xms)
#   Decrease number of Java threads
#   Decrease Java thread stack sizes (-Xss)
#   Set larger code cache with -XX:ReservedCodeCacheSize=
#   JVM is running with Unscaled Compressed Oops mode in which the Java heap is
#     placed in the first 4GB address space. The Java Heap base address is the
#     maximum limit for the native heap growth. Please use -XX:HeapBaseMinAddress
#     to set the Java Heap base and to place the Java Heap above 4GB virtual address.
# This output file may be truncated or incomplete.
#
#  Out of Memory Error (./src/hotspot/share/memory/allocation.cpp:46), pid=16296, tid=13452
#
# JRE version: OpenJDK Runtime Environment Corretto-11.0.17.8.1 (11.0.17+8) (build 11.0.17+8-LTS)
# Java VM: OpenJDK 64-Bit Server VM Corretto-11.0.17.8.1 (11.0.17+8-LTS, mixed mode, tiered, compressed oops, g1 gc, windows-amd64)
# No core dump will be written. Minidumps are not enabled by default on client versions of Windows
#

---------------  S U M M A R Y ------------

Command Line: -agentlib:jdwp=transport=dt_socket,address=127.0.0.1:52511,suspend=y,server=n -XX:TieredStopAtLevel=1 -Xverify:none -Dspring.output.ansi.enabled=always -Dcom.sun.management.jmxremote -Dspring.jmx.enabled=true -Dspring.liveBeansView.mbeanDomain -Dspring.application.admin.enabled=true -Dmanagement.endpoints.jmx.exposure.include=* -javaagent:C:\Users\Admin\AppData\Local\JetBrains\IntelliJIdea2022.3\captureAgent\debugger-agent.jar=file:/C:/Users/Admin/AppData/Local/Temp/capture.props -Dfile.encoding=UTF-8 com.tass.orderservice.OrderServiceApplication

Host: Intel(R) Core(TM) i5-10300H CPU @ 2.50GHz, 8 cores, 7G,  Windows 10 , 64 bit Build 19041 (10.0.19041.2364)
Time: Fri Jan 13 23:23:07 2023 SE Asia Standard Time elapsed time: 12.294262 seconds (0d 0h 0m 12s)

---------------  T H R E A D  ---------------

Current thread (0x0000023def752000):  VMThread "VM Thread" [stack: 0x000000e35ff00000,0x000000e360000000] [id=13452]

Stack: [0x000000e35ff00000,0x000000e360000000]
[error occurred during error reporting (printing stack bounds), id 0xc0000005, EXCEPTION_ACCESS_VIOLATION (0xc0000005) at pc=0x0000023dd8f0112d]

Native frames: (J=compiled Java code, j=interpreted, Vv=VM code, C=native code)
V  [jvm.dll+0x61f66a]
V  [jvm.dll+0x7ac889]
V  [jvm.dll+0x7adf78]
V  [jvm.dll+0x7ae5b5]
V  [jvm.dll+0x7ae56b]
V  [jvm.dll+0x61e9f7]
V  [jvm.dll+0x61f108]
C  [ntdll.dll+0xa241f]
C  [ntdll.dll+0x514a4]
C  [ntdll.dll+0xa0f4e]
C  0x0000023dd8f0112d

VM_Operation (0x000000e35f9fa260): CollectForMetadataAllocation, mode: safepoint, requested by thread 0x0000023dd07a1000


---------------  P R O C E S S  ---------------

Threads class SMR info:
_java_thread_list=0x0000023df13f2270, length=23, elements={
0x0000023dd07a1000, 0x0000023def77c000, 0x0000023deff90800, 0x0000023deffdf800,
0x0000023deffe0800, 0x0000023deffe4800, 0x0000023deffec800, 0x0000023deffee000,
0x0000023def70c000, 0x0000023df0224000, 0x0000023df0225000, 0x0000023df0226000,
0x0000023df0a72000, 0x0000023df0a4a800, 0x0000023df1907000, 0x0000023df2069000,
0x0000023df3eec800, 0x0000023df3eed000, 0x0000023df3eee000, 0x0000023df3ef6800,
0x0000023df3ece800, 0x0000023df4222000, 0x0000023df4223800
}

Java Threads: ( => current thread )
  0x0000023dd07a1000 JavaThread "main" [_thread_blocked, id=19468, stack(0x000000e35f900000,0x000000e35fa00000)]
  0x0000023def77c000 JavaThread "Reference Handler" daemon [_thread_blocked, id=18520, stack(0x000000e360000000,0x000000e360100000)]
  0x0000023deff90800 JavaThread "Finalizer" daemon [_thread_blocked, id=17292, stack(0x000000e360100000,0x000000e360200000)]
  0x0000023deffdf800 JavaThread "Signal Dispatcher" daemon [_thread_blocked, id=9920, stack(0x000000e360200000,0x000000e360300000)]
  0x0000023deffe0800 JavaThread "Attach Listener" daemon [_thread_blocked, id=4704, stack(0x000000e360300000,0x000000e360400000)]
  0x0000023deffe4800 JavaThread "Service Thread" daemon [_thread_blocked, id=20400, stack(0x000000e360400000,0x000000e360500000)]
  0x0000023deffec800 JavaThread "C1 CompilerThread0" daemon [_thread_blocked, id=10876, stack(0x000000e360500000,0x000000e360600000)]
  0x0000023deffee000 JavaThread "Sweeper thread" daemon [_thread_blocked, id=13556, stack(0x000000e360600000,0x000000e360700000)]
  0x0000023def70c000 JavaThread "Common-Cleaner" daemon [_thread_blocked, id=18060, stack(0x000000e360700000,0x000000e360800000)]
  0x0000023df0224000 JavaThread "JDWP Transport Listener: dt_socket" daemon [_thread_blocked, id=10540, stack(0x000000e360800000,0x000000e360900000)]
  0x0000023df0225000 JavaThread "JDWP Event Helper Thread" daemon [_thread_blocked, id=20164, stack(0x000000e360900000,0x000000e360a00000)]
  0x0000023df0226000 JavaThread "JDWP Command Reader" daemon [_thread_in_native, id=2516, stack(0x000000e360a00000,0x000000e360b00000)]
  0x0000023df0a72000 JavaThread "RMI TCP Accept-0" daemon [_thread_in_native, id=13256, stack(0x000000e360b00000,0x000000e360c00000)]
  0x0000023df0a4a800 JavaThread "RMI TCP Connection(2)-172.31.208.1" daemon [_thread_in_native, id=15456, stack(0x000000e360f00000,0x000000e361000000)]
  0x0000023df1907000 JavaThread "RMI Scheduler(0)" daemon [_thread_blocked, id=18040, stack(0x000000e361100000,0x000000e361200000)]
  0x0000023df2069000 JavaThread "RMI TCP Connection(4)-172.31.208.1" daemon [_thread_in_native, id=16084, stack(0x000000e361400000,0x000000e361500000)]
  0x0000023df3eec800 JavaThread "Catalina-utility-1" [_thread_blocked, id=13764, stack(0x000000e361200000,0x000000e361300000)]
  0x0000023df3eed000 JavaThread "Catalina-utility-2" [_thread_blocked, id=13448, stack(0x000000e361500000,0x000000e361600000)]
  0x0000023df3eee000 JavaThread "container-0" [_thread_blocked, id=17456, stack(0x000000e361600000,0x000000e361700000)]
  0x0000023df3ef6800 JavaThread "mysql-cj-abandoned-connection-cleanup" daemon [_thread_blocked, id=16564, stack(0x000000e361700000,0x000000e361800000)]
  0x0000023df3ece800 JavaThread "RMI TCP Connection(idle)" daemon [_thread_blocked, id=4468, stack(0x000000e361800000,0x000000e361900000)]
  0x0000023df4222000 JavaThread "bach4 housekeeper" daemon [_thread_blocked, id=9484, stack(0x000000e361e00000,0x000000e361f00000)]
  0x0000023df4223800 JavaThread "bach4 connection adder" daemon [_thread_blocked, id=13224, stack(0x000000e361f00000,0x000000e362000000)]

Other Threads:
=>0x0000023def752000 VMThread "VM Thread" [stack: 0x000000e35ff00000,0x000000e360000000] [id=13452]
  0x0000023df0a30800 WatcherThread [stack: 0x000000e360c00000,0x000000e360d00000] [id=12468]
  0x0000023dd07ba800 GCTaskThread "GC Thread#0" [stack: 0x000000e35fa00000,0x000000e35fb00000] [id=14172]
  0x0000023df0ac6800 GCTaskThread "GC Thread#1" [stack: 0x000000e360d00000,0x000000e360e00000] [id=15388]
  0x0000023df0afd000 GCTaskThread "GC Thread#2" [stack: 0x000000e360e00000,0x000000e360f00000] [id=9368]
  0x0000023df1cc2800 GCTaskThread "GC Thread#3" [stack: 0x000000e361300000,0x000000e361400000] [id=14300]
  0x0000023df4109800 GCTaskThread "GC Thread#4" [stack: 0x000000e361a00000,0x000000e361b00000] [id=14096]
  0x0000023df3ed1000 GCTaskThread "GC Thread#5" [stack: 0x000000e361b00000,0x000000e361c00000] [id=16740]
  0x0000023df00e1000 GCTaskThread "GC Thread#6" [stack: 0x000000e361c00000,0x000000e361d00000] [id=18900]
  0x0000023df00e2000 GCTaskThread "GC Thread#7" [stack: 0x000000e361d00000,0x000000e361e00000] [id=18784]
  0x0000023dd07eb800 ConcurrentGCThread "G1 Main Marker" [stack: 0x000000e35fb00000,0x000000e35fc00000] [id=1836]
  0x0000023dd07ed800 ConcurrentGCThread "G1 Conc#0" [stack: 0x000000e35fc00000,0x000000e35fd00000] [id=16708]
  0x0000023df1562000 ConcurrentGCThread "G1 Conc#1" [stack: 0x000000e361000000,0x000000e361100000] [id=12088]
  0x0000023dd085d800 ConcurrentGCThread "G1 Refine#0" [stack: 0x000000e35fd00000,0x000000e35fe00000] [id=12032]
  0x0000023dd085e800 ConcurrentGCThread "G1 Young RemSet Sampling" [stack: 0x000000e35fe00000,0x000000e35ff00000] [id=18760]

Threads with active compile tasks:

VM state:at safepoint (normal execution)

VM Mutex/Monitor currently owned by a thread:  ([mutex/lock_event])
[0x0000023dd079dd30] Threads_lock - owner thread: 0x0000023def752000
[0x0000023dd079df70] Heap_lock - owner thread: 0x0000023dd07a1000

Heap address: 0x0000000082000000, size: 2016 MB, Compressed Oops mode: 32-bit
Narrow klass base: 0x0000000000000000, Narrow klass shift: 3
Compressed class space size: 1073741824 Address: 0x0000000100000000

Heap:
 garbage-first heap   total 155648K, used 29196K [0x0000000082000000, 0x0000000100000000)
  region size 1024K, 5 young (5120K), 5 survivors (5120K)
 Metaspace       used 68171K, capacity 69916K, committed 70016K, reserved 1122304K
  class space    used 8571K, capacity 9295K, committed 9344K, reserved 1048576K
Heap Regions: E=young(eden), S=young(survivor), O=old, HS=humongous(starts), HC=humongous(continues), CS=collection set, F=free, A=archive, TAMS=top-at-mark-start (previous, next)
|   0|0x0000000082000000, 0x0000000082100000, 0x0000000082100000|100%|HS|  |TAMS 0x0000000082100000, 0x0000000082100000| Complete 
|   1|0x0000000082100000, 0x0000000082200000, 0x0000000082200000|100%| O|  |TAMS 0x0000000082200000, 0x0000000082200000| Untracked 
|   2|0x0000000082200000, 0x0000000082300000, 0x0000000082300000|100%| O|  |TAMS 0x0000000082300000, 0x0000000082300000| Untracked 
|   3|0x0000000082300000, 0x0000000082400000, 0x0000000082400000|100%| O|  |TAMS 0x0000000082400000, 0x0000000082400000| Untracked 
|   4|0x0000000082400000, 0x0000000082500000, 0x0000000082500000|100%| O|  |TAMS 0x0000000082500000, 0x0000000082500000| Untracked 
|   5|0x0000000082500000, 0x0000000082600000, 0x0000000082600000|100%| O|  |TAMS 0x0000000082600000, 0x0000000082600000| Untracked 
|   6|0x0000000082600000, 0x0000000082700000, 0x0000000082700000|100%| O|  |TAMS 0x0000000082700000, 0x0000000082700000| Untracked 
|   7|0x0000000082700000, 0x0000000082800000, 0x0000000082800000|100%| O|  |TAMS 0x0000000082800000, 0x0000000082800000| Untracked 
|   8|0x0000000082800000, 0x0000000082900000, 0x0000000082900000|100%| O|  |TAMS 0x0000000082900000, 0x0000000082900000| Untracked 
|   9|0x0000000082900000, 0x0000000082a00000, 0x0000000082a00000|100%| O|  |TAMS 0x0000000082a00000, 0x0000000082a00000| Untracked 
|  10|0x0000000082a00000, 0x0000000082b00000, 0x0000000082b00000|100%| O|  |TAMS 0x0000000082b00000, 0x0000000082b00000| Untracked 
|  11|0x0000000082b00000, 0x0000000082c00000, 0x0000000082c00000|100%| O|  |TAMS 0x0000000082c00000, 0x0000000082c00000| Untracked 
|  12|0x0000000082c00000, 0x0000000082d00000, 0x0000000082d00000|100%| O|  |TAMS 0x0000000082d00000, 0x0000000082d00000| Untracked 
|  13|0x0000000082d00000, 0x0000000082e00000, 0x0000000082e00000|100%| O|  |TAMS 0x0000000082e00000, 0x0000000082e00000| Untracked 
|  14|0x0000000082e00000, 0x0000000082f00000, 0x0000000082f00000|100%| O|  |TAMS 0x0000000082f00000, 0x0000000082f00000| Untracked 
|  15|0x0000000082f00000, 0x0000000083000000, 0x0000000083000000|100%| O|  |TAMS 0x0000000082fe5c00, 0x0000000083000000| Untracked 
|  16|0x0000000083000000, 0x0000000083100000, 0x0000000083100000|100%| O|  |TAMS 0x0000000083000000, 0x0000000083100000| Untracked 
|  17|0x0000000083100000, 0x0000000083200000, 0x0000000083200000|100%| O|  |TAMS 0x0000000083100000, 0x0000000083200000| Untracked 
|  18|0x0000000083200000, 0x0000000083300000, 0x0000000083300000|100%| O|  |TAMS 0x0000000083200000, 0x0000000083300000| Untracked 
|  19|0x0000000083300000, 0x0000000083400000, 0x0000000083400000|100%| O|  |TAMS 0x0000000083400000, 0x0000000083400000| Untracked 
|  20|0x0000000083400000, 0x0000000083500000, 0x0000000083500000|100%| O|  |TAMS 0x0000000083500000, 0x0000000083500000| Untracked 
|  21|0x0000000083500000, 0x0000000083600000, 0x0000000083600000|100%| O|  |TAMS 0x0000000083500000, 0x0000000083600000| Untracked 
|  22|0x0000000083600000, 0x0000000083700000, 0x0000000083700000|100%| O|  |TAMS 0x0000000083600000, 0x0000000083700000| Untracked 
|  23|0x0000000083700000, 0x00000000837b9200, 0x0000000083800000| 72%| O|  |TAMS 0x0000000083700000, 0x00000000837b9200| Untracked 
|  24|0x0000000083800000, 0x0000000083800000, 0x0000000083900000|  0%| F|  |TAMS 0x0000000083800000, 0x0000000083800000| Untracked 
|  25|0x0000000083900000, 0x0000000083900000, 0x0000000083a00000|  0%| F|  |TAMS 0x0000000083900000, 0x0000000083900000| Untracked 
|  26|0x0000000083a00000, 0x0000000083a00000, 0x0000000083b00000|  0%| F|  |TAMS 0x0000000083a00000, 0x0000000083a00000| Untracked 
|  27|0x0000000083b00000, 0x0000000083b00000, 0x0000000083c00000|  0%| F|  |TAMS 0x0000000083b00000, 0x0000000083b00000| Untracked 
|  28|0x0000000083c00000, 0x0000000083c00000, 0x0000000083d00000|  0%| F|  |TAMS 0x0000000083c00000, 0x0000000083c00000| Untracked 
|  29|0x0000000083d00000, 0x0000000083d00000, 0x0000000083e00000|  0%| F|  |TAMS 0x0000000083d00000, 0x0000000083d00000| Untracked 
|  30|0x0000000083e00000, 0x0000000083e00000, 0x0000000083f00000|  0%| F|  |TAMS 0x0000000083e00000, 0x0000000083e00000| Untracked 
|  31|0x0000000083f00000, 0x0000000083f00000, 0x0000000084000000|  0%| F|  |TAMS 0x0000000083f00000, 0x0000000083f00000| Untracked 
|  32|0x0000000084000000, 0x0000000084000000, 0x0000000084100000|  0%| F|  |TAMS 0x0000000084000000, 0x0000000084000000| Untracked 
|  33|0x0000000084100000, 0x0000000084100000, 0x0000000084200000|  0%| F|  |TAMS 0x0000000084100000, 0x0000000084100000| Untracked 
|  34|0x0000000084200000, 0x0000000084200000, 0x0000000084300000|  0%| F|  |TAMS 0x0000000084200000, 0x0000000084200000| Untracked 
|  35|0x0000000084300000, 0x0000000084300000, 0x0000000084400000|  0%| F|  |TAMS 0x0000000084300000, 0x0000000084300000| Untracked 
|  36|0x0000000084400000, 0x0000000084400000, 0x0000000084500000|  0%| F|  |TAMS 0x0000000084400000, 0x0000000084400000| Untracked 
|  37|0x0000000084500000, 0x0000000084500000, 0x0000000084600000|  0%| F|  |TAMS 0x0000000084500000, 0x0000000084500000| Untracked 
|  38|0x0000000084600000, 0x0000000084600000, 0x0000000084700000|  0%| F|  |TAMS 0x0000000084600000, 0x0000000084600000| Untracked 
|  39|0x0000000084700000, 0x0000000084700000, 0x0000000084800000|  0%| F|  |TAMS 0x0000000084700000, 0x0000000084700000| Untracked 
|  40|0x0000000084800000, 0x0000000084800000, 0x0000000084900000|  0%| F|  |TAMS 0x0000000084800000, 0x0000000084800000| Untracked 
|  41|0x0000000084900000, 0x0000000084900000, 0x0000000084a00000|  0%| F|  |TAMS 0x0000000084900000, 0x0000000084900000| Untracked 
|  42|0x0000000084a00000, 0x0000000084a00000, 0x0000000084b00000|  0%| F|  |TAMS 0x0000000084a00000, 0x0000000084a00000| Untracked 
|  43|0x0000000084b00000, 0x0000000084b00000, 0x0000000084c00000|  0%| F|  |TAMS 0x0000000084b00000, 0x0000000084b00000| Untracked 
|  44|0x0000000084c00000, 0x0000000084c00000, 0x0000000084d00000|  0%| F|  |TAMS 0x0000000084c00000, 0x0000000084c00000| Untracked 
|  45|0x0000000084d00000, 0x0000000084d00000, 0x0000000084e00000|  0%| F|  |TAMS 0x0000000084d00000, 0x0000000084d00000| Untracked 
|  46|0x0000000084e00000, 0x0000000084e00000, 0x0000000084f00000|  0%| F|  |TAMS 0x0000000084e00000, 0x0000000084e00000| Untracked 
|  47|0x0000000084f00000, 0x0000000084f00000, 0x0000000085000000|  0%| F|  |TAMS 0x0000000084f00000, 0x0000000084f00000| Untracked 
|  48|0x0000000085000000, 0x0000000085000000, 0x0000000085100000|  0%| F|  |TAMS 0x0000000085000000, 0x0000000085000000| Untracked 
|  49|0x0000000085100000, 0x0000000085100000, 0x0000000085200000|  0%| F|  |TAMS 0x0000000085100000, 0x0000000085100000| Untracked 
|  50|0x0000000085200000, 0x0000000085200000, 0x0000000085300000|  0%| F|  |TAMS 0x0000000085200000, 0x0000000085200000| Untracked 
|  51|0x0000000085300000, 0x0000000085300000, 0x0000000085400000|  0%| F|  |TAMS 0x0000000085300000, 0x0000000085300000| Untracked 
|  52|0x0000000085400000, 0x0000000085400000, 0x0000000085500000|  0%| F|  |TAMS 0x0000000085400000, 0x0000000085400000| Untracked 
|  53|0x0000000085500000, 0x0000000085500000, 0x0000000085600000|  0%| F|  |TAMS 0x0000000085500000, 0x0000000085500000| Untracked 
|  54|0x0000000085600000, 0x0000000085600000, 0x0000000085700000|  0%| F|  |TAMS 0x0000000085600000, 0x0000000085600000| Untracked 
|  55|0x0000000085700000, 0x0000000085700000, 0x0000000085800000|  0%| F|  |TAMS 0x0000000085700000, 0x0000000085700000| Untracked 
|  56|0x0000000085800000, 0x0000000085800000, 0x0000000085900000|  0%| F|  |TAMS 0x0000000085800000, 0x0000000085800000| Untracked 
|  57|0x0000000085900000, 0x0000000085900000, 0x0000000085a00000|  0%| F|  |TAMS 0x0000000085900000, 0x0000000085900000| Untracked 
|  58|0x0000000085a00000, 0x0000000085a00000, 0x0000000085b00000|  0%| F|  |TAMS 0x0000000085a00000, 0x0000000085a00000| Untracked 
|  59|0x0000000085b00000, 0x0000000085b00000, 0x0000000085c00000|  0%| F|  |TAMS 0x0000000085b00000, 0x0000000085b00000| Untracked 
|  60|0x0000000085c00000, 0x0000000085c00000, 0x0000000085d00000|  0%| F|  |TAMS 0x0000000085c00000, 0x0000000085c00000| Untracked 
|  61|0x0000000085d00000, 0x0000000085d00000, 0x0000000085e00000|  0%| F|  |TAMS 0x0000000085d00000, 0x0000000085d00000| Untracked 
|  62|0x0000000085e00000, 0x0000000085e00000, 0x0000000085f00000|  0%| F|  |TAMS 0x0000000085e00000, 0x0000000085e00000| Untracked 
|  63|0x0000000085f00000, 0x0000000085f00000, 0x0000000086000000|  0%| F|  |TAMS 0x0000000085f00000, 0x0000000085f00000| Untracked 
|  64|0x0000000086000000, 0x0000000086000000, 0x0000000086100000|  0%| F|  |TAMS 0x0000000086000000, 0x0000000086000000| Untracked 
|  65|0x0000000086100000, 0x0000000086100000, 0x0000000086200000|  0%| F|  |TAMS 0x0000000086100000, 0x0000000086100000| Untracked 
|  66|0x0000000086200000, 0x0000000086200000, 0x0000000086300000|  0%| F|  |TAMS 0x0000000086200000, 0x0000000086200000| Untracked 
|  67|0x0000000086300000, 0x0000000086300000, 0x0000000086400000|  0%| F|  |TAMS 0x0000000086300000, 0x0000000086300000| Untracked 
|  68|0x0000000086400000, 0x0000000086400000, 0x0000000086500000|  0%| F|  |TAMS 0x0000000086400000, 0x0000000086400000| Untracked 
|  69|0x0000000086500000, 0x0000000086500000, 0x0000000086600000|  0%| F|  |TAMS 0x0000000086500000, 0x0000000086500000| Untracked 
|  70|0x0000000086600000, 0x0000000086600000, 0x0000000086700000|  0%| F|  |TAMS 0x0000000086600000, 0x0000000086600000| Untracked 
|  71|0x0000000086700000, 0x0000000086700000, 0x0000000086800000|  0%| F|  |TAMS 0x0000000086700000, 0x0000000086700000| Untracked 
|  72|0x0000000086800000, 0x0000000086800000, 0x0000000086900000|  0%| F|  |TAMS 0x0000000086800000, 0x0000000086800000| Untracked 
|  73|0x0000000086900000, 0x0000000086900000, 0x0000000086a00000|  0%| F|  |TAMS 0x0000000086900000, 0x0000000086900000| Untracked 
|  74|0x0000000086a00000, 0x0000000086a00000, 0x0000000086b00000|  0%| F|  |TAMS 0x0000000086a00000, 0x0000000086a00000| Untracked 
|  75|0x0000000086b00000, 0x0000000086b00000, 0x0000000086c00000|  0%| F|  |TAMS 0x0000000086b00000, 0x0000000086b00000| Untracked 
|  76|0x0000000086c00000, 0x0000000086c00000, 0x0000000086d00000|  0%| F|  |TAMS 0x0000000086c00000, 0x0000000086c00000| Untracked 
|  77|0x0000000086d00000, 0x0000000086d00000, 0x0000000086e00000|  0%| F|  |TAMS 0x0000000086d00000, 0x0000000086d00000| Untracked 
|  78|0x0000000086e00000, 0x0000000086e00000, 0x0000000086f00000|  0%| F|  |TAMS 0x0000000086e00000, 0x0000000086e00000| Untracked 
|  79|0x0000000086f00000, 0x0000000086f00000, 0x0000000087000000|  0%| F|  |TAMS 0x0000000086f00000, 0x0000000086f00000| Untracked 
|  80|0x0000000087000000, 0x0000000087000000, 0x0000000087100000|  0%| F|  |TAMS 0x0000000087000000, 0x0000000087000000| Untracked 
|  81|0x0000000087100000, 0x0000000087100000, 0x0000000087200000|  0%| F|  |TAMS 0x0000000087100000, 0x0000000087100000| Untracked 
|  82|0x0000000087200000, 0x0000000087200000, 0x0000000087300000|  0%| F|  |TAMS 0x0000000087200000, 0x0000000087200000| Untracked 
|  83|0x0000000087300000, 0x0000000087300000, 0x0000000087400000|  0%| F|  |TAMS 0x0000000087300000, 0x0000000087300000| Untracked 
|  84|0x0000000087400000, 0x0000000087400000, 0x0000000087500000|  0%| F|  |TAMS 0x0000000087400000, 0x0000000087400000| Untracked 
|  85|0x0000000087500000, 0x0000000087500000, 0x0000000087600000|  0%| F|  |TAMS 0x0000000087500000, 0x0000000087500000| Untracked 
|  86|0x0000000087600000, 0x0000000087600000, 0x0000000087700000|  0%| F|  |TAMS 0x0000000087600000, 0x0000000087600000| Untracked 
|  87|0x0000000087700000, 0x0000000087700000, 0x0000000087800000|  0%| F|  |TAMS 0x0000000087700000, 0x0000000087700000| Untracked 
|  88|0x0000000087800000, 0x0000000087800000, 0x0000000087900000|  0%| F|  |TAMS 0x0000000087800000, 0x0000000087800000| Untracked 
|  89|0x0000000087900000, 0x0000000087900000, 0x0000000087a00000|  0%| F|  |TAMS 0x0000000087900000, 0x0000000087900000| Untracked 
|  90|0x0000000087a00000, 0x0000000087a00000, 0x0000000087b00000|  0%| F|  |TAMS 0x0000000087a00000, 0x0000000087a00000| Untracked 
|  91|0x0000000087b00000, 0x0000000087b00000, 0x0000000087c00000|  0%| F|  |TAMS 0x0000000087b00000, 0x0000000087b00000| Untracked 
|  92|0x0000000087c00000, 0x0000000087c00000, 0x0000000087d00000|  0%| F|  |TAMS 0x0000000087c00000, 0x0000000087c00000| Untracked 
|  93|0x0000000087d00000, 0x0000000087d00000, 0x0000000087e00000|  0%| F|  |TAMS 0x0000000087d00000, 0x0000000087d00000| Untracked 
|  94|0x0000000087e00000, 0x0000000087e00000, 0x0000000087f00000|  0%| F|  |TAMS 0x0000000087e00000, 0x0000000087e00000| Untracked 
|  95|0x0000000087f00000, 0x0000000087f00000, 0x0000000088000000|  0%| F|  |TAMS 0x0000000087f00000, 0x0000000087f00000| Untracked 
|  96|0x0000000088000000, 0x0000000088000000, 0x0000000088100000|  0%| F|  |TAMS 0x0000000088000000, 0x0000000088000000| Untracked 
|  97|0x0000000088100000, 0x0000000088100000, 0x0000000088200000|  0%| F|  |TAMS 0x0000000088100000, 0x0000000088100000| Untracked 
|  98|0x0000000088200000, 0x0000000088200000, 0x0000000088300000|  0%| F|  |TAMS 0x0000000088200000, 0x0000000088200000| Untracked 
|  99|0x0000000088300000, 0x0000000088300000, 0x0000000088400000|  0%| F|  |TAMS 0x0000000088300000, 0x0000000088300000| Untracked 
| 100|0x0000000088400000, 0x0000000088400000, 0x0000000088500000|  0%| F|  |TAMS 0x0000000088400000, 0x0000000088400000| Untracked 
| 101|0x0000000088500000, 0x0000000088500000, 0x0000000088600000|  0%| F|  |TAMS 0x0000000088500000, 0x0000000088500000| Untracked 
| 102|0x0000000088600000, 0x0000000088600000, 0x0000000088700000|  0%| F|  |TAMS 0x0000000088600000, 0x0000000088600000| Untracked 
| 103|0x0000000088700000, 0x0000000088700000, 0x0000000088800000|  0%| F|  |TAMS 0x0000000088700000, 0x0000000088700000| Untracked 
| 104|0x0000000088800000, 0x0000000088800000, 0x0000000088900000|  0%| F|  |TAMS 0x0000000088800000, 0x0000000088800000| Untracked 
| 105|0x0000000088900000, 0x0000000088900000, 0x0000000088a00000|  0%| F|  |TAMS 0x0000000088900000, 0x0000000088900000| Untracked 
| 106|0x0000000088a00000, 0x0000000088a00000, 0x0000000088b00000|  0%| F|  |TAMS 0x0000000088a00000, 0x0000000088a00000| Untracked 
| 107|0x0000000088b00000, 0x0000000088b00000, 0x0000000088c00000|  0%| F|  |TAMS 0x0000000088b00000, 0x0000000088b00000| Untracked 
| 108|0x0000000088c00000, 0x0000000088c00000, 0x0000000088d00000|  0%| F|  |TAMS 0x0000000088c00000, 0x0000000088c00000| Untracked 
| 109|0x0000000088d00000, 0x0000000088d00000, 0x0000000088e00000|  0%| F|  |TAMS 0x0000000088d00000, 0x0000000088d00000| Untracked 
| 110|0x0000000088e00000, 0x0000000088e00000, 0x0000000088f00000|  0%| F|  |TAMS 0x0000000088e00000, 0x0000000088e00000| Untracked 
| 111|0x0000000088f00000, 0x0000000088f00000, 0x0000000089000000|  0%| F|  |TAMS 0x0000000088f00000, 0x0000000088f00000| Untracked 
| 112|0x0000000089000000, 0x0000000089000000, 0x0000000089100000|  0%| F|  |TAMS 0x0000000089000000, 0x0000000089000000| Untracked 
| 113|0x0000000089100000, 0x0000000089100000, 0x0000000089200000|  0%| F|  |TAMS 0x0000000089100000, 0x0000000089100000| Untracked 
| 114|0x0000000089200000, 0x0000000089200000, 0x0000000089300000|  0%| F|  |TAMS 0x0000000089200000, 0x0000000089200000| Untracked 
| 115|0x0000000089300000, 0x0000000089300000, 0x0000000089400000|  0%| F|  |TAMS 0x0000000089300000, 0x0000000089300000| Untracked 
| 116|0x0000000089400000, 0x0000000089400000, 0x0000000089500000|  0%| F|  |TAMS 0x0000000089400000, 0x0000000089400000| Untracked 
| 117|0x0000000089500000, 0x0000000089500000, 0x0000000089600000|  0%| F|  |TAMS 0x0000000089500000, 0x0000000089500000| Untracked 
| 118|0x0000000089600000, 0x0000000089600000, 0x0000000089700000|  0%| F|  |TAMS 0x0000000089600000, 0x0000000089600000| Untracked 
| 119|0x0000000089700000, 0x0000000089700000, 0x0000000089800000|  0%| F|  |TAMS 0x0000000089700000, 0x0000000089700000| Untracked 
| 120|0x0000000089800000, 0x0000000089800000, 0x0000000089900000|  0%| F|  |TAMS 0x0000000089800000, 0x0000000089800000| Untracked 
| 121|0x0000000089900000, 0x0000000089900000, 0x0000000089a00000|  0%| F|  |TAMS 0x0000000089900000, 0x0000000089900000| Untracked 
| 122|0x0000000089a00000, 0x0000000089a00000, 0x0000000089b00000|  0%| F|  |TAMS 0x0000000089a00000, 0x0000000089a00000| Untracked 
| 123|0x0000000089b00000, 0x0000000089b00000, 0x0000000089c00000|  0%| F|  |TAMS 0x0000000089b00000, 0x0000000089b00000| Untracked 
| 124|0x0000000089c00000, 0x0000000089c00000, 0x0000000089d00000|  0%| F|  |TAMS 0x0000000089c00000, 0x0000000089c00000| Untracked 
| 125|0x0000000089d00000, 0x0000000089d00000, 0x0000000089e00000|  0%| F|  |TAMS 0x0000000089d00000, 0x0000000089d00000| Untracked 
| 126|0x0000000089e00000, 0x0000000089e00000, 0x0000000089f00000|  0%| F|  |TAMS 0x0000000089e00000, 0x0000000089e00000| Untracked 
| 127|0x0000000089f00000, 0x0000000089f00000, 0x000000008a000000|  0%| F|  |TAMS 0x0000000089f00000, 0x0000000089f00000| Untracked 
| 128|0x000000008a000000, 0x000000008a000000, 0x000000008a100000|  0%| F|  |TAMS 0x000000008a000000, 0x000000008a000000| Untracked 
| 129|0x000000008a100000, 0x000000008a100000, 0x000000008a200000|  0%| F|  |TAMS 0x000000008a100000, 0x000000008a100000| Untracked 
| 130|0x000000008a200000, 0x000000008a200000, 0x000000008a300000|  0%| F|  |TAMS 0x000000008a200000, 0x000000008a200000| Untracked 
| 131|0x000000008a300000, 0x000000008a300000, 0x000000008a400000|  0%| F|  |TAMS 0x000000008a300000, 0x000000008a300000| Untracked 
| 132|0x000000008a400000, 0x000000008a400000, 0x000000008a500000|  0%| F|  |TAMS 0x000000008a400000, 0x000000008a400000| Untracked 
| 133|0x000000008a500000, 0x000000008a500000, 0x000000008a600000|  0%| F|  |TAMS 0x000000008a500000, 0x000000008a500000| Untracked 
| 134|0x000000008a600000, 0x000000008a600000, 0x000000008a700000|  0%| F|  |TAMS 0x000000008a600000, 0x000000008a600000| Untracked 
| 135|0x000000008a700000, 0x000000008a7ca0a8, 0x000000008a800000| 78%| S|CS|TAMS 0x000000008a700000, 0x000000008a700000| Complete 
| 136|0x000000008a800000, 0x000000008a900000, 0x000000008a900000|100%| S|CS|TAMS 0x000000008a800000, 0x000000008a800000| Complete 
| 137|0x000000008a900000, 0x000000008aa00000, 0x000000008aa00000|100%| S|CS|TAMS 0x000000008a900000, 0x000000008a900000| Complete 
| 138|0x000000008aa00000, 0x000000008ab00000, 0x000000008ab00000|100%| S|CS|TAMS 0x000000008aa00000, 0x000000008aa00000| Complete 
| 139|0x000000008ab00000, 0x000000008ac00000, 0x000000008ac00000|100%| S|CS|TAMS 0x000000008ab00000, 0x000000008ab00000| Complete 
| 140|0x000000008ac00000, 0x000000008ac00000, 0x000000008ad00000|  0%| F|  |TAMS 0x000000008ac00000, 0x000000008ac00000| Untracked 
| 141|0x000000008ad00000, 0x000000008ad00000, 0x000000008ae00000|  0%| F|  |TAMS 0x000000008ad00000, 0x000000008ad00000| Untracked 
| 142|0x000000008ae00000, 0x000000008ae00000, 0x000000008af00000|  0%| F|  |TAMS 0x000000008ae00000, 0x000000008ae00000| Untracked 
| 143|0x000000008af00000, 0x000000008af00000, 0x000000008b000000|  0%| F|  |TAMS 0x000000008af00000, 0x000000008af00000| Untracked 
| 144|0x000000008b000000, 0x000000008b000000, 0x000000008b100000|  0%| F|  |TAMS 0x000000008b000000, 0x000000008b000000| Untracked 
| 145|0x000000008b100000, 0x000000008b100000, 0x000000008b200000|  0%| F|  |TAMS 0x000000008b100000, 0x000000008b100000| Untracked 
| 146|0x000000008b200000, 0x000000008b200000, 0x000000008b300000|  0%| F|  |TAMS 0x000000008b200000, 0x000000008b200000| Untracked 
| 147|0x000000008b300000, 0x000000008b300000, 0x000000008b400000|  0%| F|  |TAMS 0x000000008b300000, 0x000000008b300000| Untracked 
| 148|0x000000008b400000, 0x000000008b400000, 0x000000008b500000|  0%| F|  |TAMS 0x000000008b400000, 0x000000008b400000| Untracked 
| 149|0x000000008b500000, 0x000000008b500000, 0x000000008b600000|  0%| F|  |TAMS 0x000000008b500000, 0x000000008b500000| Untracked 
| 150|0x000000008b600000, 0x000000008b600000, 0x000000008b700000|  0%| F|  |TAMS 0x000000008b600000, 0x000000008b600000| Untracked 
| 151|0x000000008b700000, 0x000000008b700000, 0x000000008b800000|  0%| F|  |TAMS 0x000000008b700000, 0x000000008b700000| Untracked 

Card table byte_map: [0x0000023de8620000,0x0000023de8a10000] _byte_map_base: 0x0000023de8210000

Marking Bits (Prev, Next): (CMBitMap*) 0x0000023dd07e1b10, (CMBitMap*) 0x0000023dd07e1ad8
 Prev Bits: [0x0000023dead80000, 0x0000023decd00000)
 Next Bits: [0x0000023de8e00000, 0x0000023dead80000)

Polling page: 0x0000023dce6f0000

Metaspace:

Usage:
  Non-class:     59.20 MB capacity,    58.20 MB ( 98%) used,   803.02 KB (  1%) free+waste,   218.44 KB ( <1%) overhead. 
      Class:      9.08 MB capacity,     8.37 MB ( 92%) used,   618.26 KB (  7%) free+waste,   104.75 KB (  1%) overhead. 
       Both:     68.28 MB capacity,    66.57 MB ( 98%) used,     1.39 MB (  2%) free+waste,   323.19 KB ( <1%) overhead. 

Virtual space:
  Non-class space:       72.00 MB reserved,      59.25 MB ( 82%) committed 
      Class space:        1.00 GB reserved,       9.13 MB ( <1%) committed 
             Both:        1.07 GB reserved,      68.38 MB (  6%) committed 

Chunk freelists:
   Non-Class:  51.00 KB
       Class:  17.00 KB
        Both:  68.00 KB

MaxMetaspaceSize: 17179869184.00 GB
CompressedClassSpaceSize: 1.00 GB
Initial GC threshold: 20.80 MB
Current GC threshold: 98.66 MB
CDS: off

CodeHeap 'non-profiled nmethods': size=238336Kb used=9010Kb max_used=9010Kb free=229325Kb
 bounds [0x0000023dd9640000, 0x0000023dd9f10000, 0x0000023de7f00000]
CodeHeap 'non-nmethods': size=7424Kb used=1415Kb max_used=1415Kb free=6008Kb
 bounds [0x0000023dd8f00000, 0x0000023dd9170000, 0x0000023dd9640000]
 total_blobs=6088 nmethods=5435 adapters=588
 compilation: enabled
              stopped_count=0, restarted_count=0
 full_count=0

Compilation events (20 events):
Event: 12.159 Thread 0x0000023deffec800 5426       1       org.aspectj.weaver.UnresolvedType::isSimpleType (16 bytes)
Event: 12.159 Thread 0x0000023deffec800 nmethod 5426 0x0000023dd9f08a90 code [0x0000023dd9f08c40, 0x0000023dd9f08d18]
Event: 12.169 Thread 0x0000023deffec800 5427       1       sun.reflect.generics.repository.ConstructorRepository::computeParameterTypes (62 bytes)
Event: 12.170 Thread 0x0000023deffec800 nmethod 5427 0x0000023dd9f08d90 code [0x0000023dd9f08f60, 0x0000023dd9f09348]
Event: 12.172 Thread 0x0000023deffec800 5428       1       org.aspectj.weaver.ResolvedMemberImpl::getParameterSignatureErased (67 bytes)
Event: 12.172 Thread 0x0000023deffec800 nmethod 5428 0x0000023dd9f09590 code [0x0000023dd9f09780, 0x0000023dd9f09b68]
Event: 12.177 Thread 0x0000023deffec800 5429       1       org.aspectj.weaver.TypeVariable::resolve (295 bytes)
Event: 12.177 Thread 0x0000023deffec800 nmethod 5429 0x0000023dd9f09d90 code [0x0000023dd9f0a000, 0x0000023dd9f0a878]
Event: 12.178 Thread 0x0000023deffec800 5430       1       org.aspectj.weaver.TypeVariableReferenceType::getSignature (39 bytes)
Event: 12.178 Thread 0x0000023deffec800 nmethod 5430 0x0000023dd9f0ae10 code [0x0000023dd9f0b020, 0x0000023dd9f0b768]
Event: 12.178 Thread 0x0000023deffec800 5431       1       org.aspectj.weaver.TypeVariableReferenceType::resolve (11 bytes)
Event: 12.178 Thread 0x0000023deffec800 nmethod 5431 0x0000023dd9f0ba10 code [0x0000023dd9f0bbc0, 0x0000023dd9f0bcc8]
Event: 12.199 Thread 0x0000023deffec800 5432       1       org.aspectj.weaver.ArrayReferenceType::isParameterizedType (16 bytes)
Event: 12.199 Thread 0x0000023deffec800 nmethod 5432 0x0000023dd9f0bd90 code [0x0000023dd9f0bf40, 0x0000023dd9f0c018]
Event: 12.199 Thread 0x0000023deffec800 5433       1       org.aspectj.weaver.ArrayReferenceType::isTypeVariableReference (16 bytes)
Event: 12.199 Thread 0x0000023deffec800 nmethod 5433 0x0000023dd9f0c090 code [0x0000023dd9f0c240, 0x0000023dd9f0c318]
Event: 12.201 Thread 0x0000023deffec800 5434       1       java.util.HashSet::<init> (17 bytes)
Event: 12.201 Thread 0x0000023deffec800 nmethod 5434 0x0000023dd9f0c390 code [0x0000023dd9f0c560, 0x0000023dd9f0c708]
Event: 12.262 Thread 0x0000023deffec800 5435       1       sun.reflect.generics.reflectiveObjects.LazyReflectiveObjectGenerator::<init> (10 bytes)
Event: 12.262 Thread 0x0000023deffec800 nmethod 5435 0x0000023dd9f0c810 code [0x0000023dd9f0c9c0, 0x0000023dd9f0cab8]

GC Heap History (20 events):
Event: 3.389 GC heap before
{Heap before GC invocations=3 (full 0):
 garbage-first heap   total 129024K, used 28224K [0x0000000082000000, 0x0000000100000000)
  region size 1024K, 22 young (22528K), 6 survivors (6144K)
 Metaspace       used 22119K, capacity 22962K, committed 23168K, reserved 1069056K
  class space    used 2575K, capacity 2894K, committed 2944K, reserved 1048576K
}
Event: 3.398 GC heap after
{Heap after GC invocations=4 (full 0):
 garbage-first heap   total 129024K, used 12770K [0x0000000082000000, 0x0000000100000000)
  region size 1024K, 1 young (1024K), 1 survivors (1024K)
 Metaspace       used 22119K, capacity 22962K, committed 23168K, reserved 1069056K
  class space    used 2575K, capacity 2894K, committed 2944K, reserved 1048576K
}
Event: 3.940 GC heap before
{Heap before GC invocations=4 (full 0):
 garbage-first heap   total 129024K, used 69090K [0x0000000082000000, 0x0000000100000000)
  region size 1024K, 56 young (57344K), 1 survivors (1024K)
 Metaspace       used 29004K, capacity 29936K, committed 30080K, reserved 1075200K
  class space    used 3503K, capacity 3850K, committed 3968K, reserved 1048576K
}
Event: 3.947 GC heap after
{Heap after GC invocations=5 (full 0):
 garbage-first heap   total 129024K, used 14389K [0x0000000082000000, 0x0000000100000000)
  region size 1024K, 3 young (3072K), 3 survivors (3072K)
 Metaspace       used 29004K, capacity 29936K, committed 30080K, reserved 1075200K
  class space    used 3503K, capacity 3850K, committed 3968K, reserved 1048576K
}
Event: 4.587 GC heap before
{Heap before GC invocations=5 (full 0):
 garbage-first heap   total 129024K, used 73781K [0x0000000082000000, 0x0000000100000000)
  region size 1024K, 62 young (63488K), 3 survivors (3072K)
 Metaspace       used 33459K, capacity 34444K, committed 34688K, reserved 1079296K
  class space    used 4015K, capacity 4398K, committed 4480K, reserved 1048576K
}
Event: 4.595 GC heap after
{Heap after GC invocations=6 (full 0):
 garbage-first heap   total 129024K, used 16471K [0x0000000082000000, 0x0000000100000000)
  region size 1024K, 5 young (5120K), 5 survivors (5120K)
 Metaspace       used 33459K, capacity 34444K, committed 34688K, reserved 1079296K
  class space    used 4015K, capacity 4398K, committed 4480K, reserved 1048576K
}
Event: 5.087 GC heap before
{Heap before GC invocations=6 (full 0):
 garbage-first heap   total 129024K, used 42071K [0x0000000082000000, 0x0000000100000000)
  region size 1024K, 31 young (31744K), 5 survivors (5120K)
 Metaspace       used 34717K, capacity 35746K, committed 35840K, reserved 1081344K
  class space    used 4154K, capacity 4572K, committed 4608K, reserved 1048576K
}
Event: 5.097 GC heap after
{Heap after GC invocations=7 (full 0):
 garbage-first heap   total 129024K, used 16866K [0x0000000082000000, 0x0000000100000000)
  region size 1024K, 5 young (5120K), 5 survivors (5120K)
 Metaspace       used 34717K, capacity 35746K, committed 35840K, reserved 1081344K
  class space    used 4154K, capacity 4572K, committed 4608K, reserved 1048576K
}
Event: 6.264 GC heap before
{Heap before GC invocations=8 (full 0):
 garbage-first heap   total 129024K, used 77282K [0x0000000082000000, 0x0000000100000000)
  region size 1024K, 65 young (66560K), 5 survivors (5120K)
 Metaspace       used 40360K, capacity 41602K, committed 41728K, reserved 1085440K
  class space    used 4812K, capacity 5309K, committed 5376K, reserved 1048576K
}
Event: 6.276 GC heap after
{Heap after GC invocations=9 (full 0):
 garbage-first heap   total 129024K, used 19119K [0x0000000082000000, 0x0000000100000000)
  region size 1024K, 7 young (7168K), 7 survivors (7168K)
 Metaspace       used 40360K, capacity 41602K, committed 41728K, reserved 1085440K
  class space    used 4812K, capacity 5309K, committed 5376K, reserved 1048576K
}
Event: 7.786 GC heap before
{Heap before GC invocations=9 (full 0):
 garbage-first heap   total 129024K, used 81583K [0x0000000082000000, 0x0000000100000000)
  region size 1024K, 68 young (69632K), 7 survivors (7168K)
 Metaspace       used 46114K, capacity 47598K, committed 47872K, reserved 1091584K
  class space    used 5550K, capacity 6124K, committed 6144K, reserved 1048576K
}
Event: 7.817 GC heap after
{Heap after GC invocations=10 (full 0):
 garbage-first heap   total 155648K, used 21915K [0x0000000082000000, 0x0000000100000000)
  region size 1024K, 8 young (8192K), 8 survivors (8192K)
 Metaspace       used 46114K, capacity 47598K, committed 47872K, reserved 1091584K
  class space    used 5550K, capacity 6124K, committed 6144K, reserved 1048576K
}
Event: 9.360 GC heap before
{Heap before GC invocations=10 (full 0):
 garbage-first heap   total 155648K, used 106907K [0x0000000082000000, 0x0000000100000000)
  region size 1024K, 87 young (89088K), 8 survivors (8192K)
 Metaspace       used 53621K, capacity 55281K, committed 55424K, reserved 1097728K
  class space    used 6603K, capacity 7244K, committed 7296K, reserved 1048576K
}
Event: 9.379 GC heap after
{Heap after GC invocations=11 (full 0):
 garbage-first heap   total 155648K, used 24673K [0x0000000082000000, 0x0000000100000000)
  region size 1024K, 9 young (9216K), 9 survivors (9216K)
 Metaspace       used 53621K, capacity 55281K, committed 55424K, reserved 1097728K
  class space    used 6603K, capacity 7244K, committed 7296K, reserved 1048576K
}
Event: 9.833 GC heap before
{Heap before GC invocations=11 (full 0):
 garbage-first heap   total 155648K, used 39009K [0x0000000082000000, 0x0000000100000000)
  region size 1024K, 24 young (24576K), 9 survivors (9216K)
 Metaspace       used 58400K, capacity 60057K, committed 60160K, reserved 1101824K
  class space    used 7194K, capacity 7853K, committed 7936K, reserved 1048576K
}
Event: 9.844 GC heap after
{Heap after GC invocations=12 (full 0):
 garbage-first heap   total 155648K, used 26419K [0x0000000082000000, 0x0000000100000000)
  region size 1024K, 8 young (8192K), 8 survivors (8192K)
 Metaspace       used 58400K, capacity 60057K, committed 60160K, reserved 1101824K
  class space    used 7194K, capacity 7853K, committed 7936K, reserved 1048576K
}
Event: 12.044 GC heap before
{Heap before GC invocations=13 (full 0):
 garbage-first heap   total 155648K, used 110387K [0x0000000082000000, 0x0000000100000000)
  region size 1024K, 91 young (93184K), 8 survivors (8192K)
 Metaspace       used 67616K, capacity 69388K, committed 69760K, reserved 1110016K
  class space    used 8526K, capacity 9225K, committed 9344K, reserved 1048576K
}
Event: 12.055 GC heap after
{Heap after GC invocations=14 (full 0):
 garbage-first heap   total 155648K, used 28645K [0x0000000082000000, 0x0000000100000000)
  region size 1024K, 7 young (7168K), 7 survivors (7168K)
 Metaspace       used 67616K, capacity 69388K, committed 69760K, reserved 1110016K
  class space    used 8526K, capacity 9225K, committed 9344K, reserved 1048576K
}
Event: 12.283 GC heap before
{Heap before GC invocations=14 (full 0):
 garbage-first heap   total 155648K, used 39909K [0x0000000082000000, 0x0000000100000000)
  region size 1024K, 19 young (19456K), 7 survivors (7168K)
 Metaspace       used 68171K, capacity 69916K, committed 70016K, reserved 1120256K
  class space    used 8571K, capacity 9295K, committed 9344K, reserved 1048576K
}
Event: 12.292 GC heap after
{Heap after GC invocations=15 (full 0):
 garbage-first heap   total 155648K, used 29196K [0x0000000082000000, 0x0000000100000000)
  region size 1024K, 5 young (5120K), 5 survivors (5120K)
 Metaspace       used 68171K, capacity 69916K, committed 70016K, reserved 1120256K
  class space    used 8571K, capacity 9295K, committed 9344K, reserved 1048576K
}

Deoptimization events (20 events):
Event: 12.201 Thread 0x0000023dd07a1000 DEOPT PACKING pc=0x0000023dd99d357c sp=0x000000e35f9fc880
Event: 12.201 Thread 0x0000023dd07a1000 DEOPT UNPACKING pc=0x0000023dd8f4a95e sp=0x000000e35f9fbdb8 mode 1
Event: 12.201 Thread 0x0000023dd07a1000 DEOPT PACKING pc=0x0000023dd99d357c sp=0x000000e35f9fc880
Event: 12.201 Thread 0x0000023dd07a1000 DEOPT UNPACKING pc=0x0000023dd8f4a95e sp=0x000000e35f9fbdb8 mode 1
Event: 12.201 Thread 0x0000023dd07a1000 DEOPT PACKING pc=0x0000023dd9899184 sp=0x000000e35f9fc7e0
Event: 12.201 Thread 0x0000023dd07a1000 DEOPT UNPACKING pc=0x0000023dd8f4a95e sp=0x000000e35f9fbcd0 mode 1
Event: 12.201 Thread 0x0000023dd07a1000 DEOPT PACKING pc=0x0000023dd9c3b51c sp=0x000000e35f9fc8b0
Event: 12.201 Thread 0x0000023dd07a1000 DEOPT UNPACKING pc=0x0000023dd8f4a95e sp=0x000000e35f9fbdc8 mode 1
Event: 12.201 Thread 0x0000023dd07a1000 DEOPT PACKING pc=0x0000023dd99d357c sp=0x000000e35f9fc800
Event: 12.201 Thread 0x0000023dd07a1000 DEOPT UNPACKING pc=0x0000023dd8f4a95e sp=0x000000e35f9fbd38 mode 1
Event: 12.201 Thread 0x0000023dd07a1000 DEOPT PACKING pc=0x0000023dd99d357c sp=0x000000e35f9fc880
Event: 12.201 Thread 0x0000023dd07a1000 DEOPT UNPACKING pc=0x0000023dd8f4a95e sp=0x000000e35f9fbdb8 mode 1
Event: 12.201 Thread 0x0000023dd07a1000 DEOPT PACKING pc=0x0000023dd99d357c sp=0x000000e35f9fc880
Event: 12.202 Thread 0x0000023dd07a1000 DEOPT UNPACKING pc=0x0000023dd8f4a95e sp=0x000000e35f9fbdb8 mode 1
Event: 12.202 Thread 0x0000023dd07a1000 DEOPT PACKING pc=0x0000023dd99d357c sp=0x000000e35f9fc880
Event: 12.202 Thread 0x0000023dd07a1000 DEOPT UNPACKING pc=0x0000023dd8f4a95e sp=0x000000e35f9fbdb8 mode 1
Event: 12.202 Thread 0x0000023dd07a1000 DEOPT PACKING pc=0x0000023dd9899184 sp=0x000000e35f9fc7e0
Event: 12.202 Thread 0x0000023dd07a1000 DEOPT UNPACKING pc=0x0000023dd8f4a95e sp=0x000000e35f9fbcd0 mode 1
Event: 12.202 Thread 0x0000023dd07a1000 DEOPT PACKING pc=0x0000023dd9c3b51c sp=0x000000e35f9fc8b0
Event: 12.202 Thread 0x0000023dd07a1000 DEOPT UNPACKING pc=0x0000023dd8f4a95e sp=0x000000e35f9fbdc8 mode 1

Classes redefined (0 events):
No events

Internal exceptions (20 events):
Event: 11.874 Thread 0x0000023dd07a1000 Exception <a 'java/lang/ClassNotFoundException'{0x000000008633ac30}: java/lang/ObjectCustomizer> (0x000000008633ac30) thrown at [./src/hotspot/share/classfile/systemDictionary.cpp, line 230]
Event: 11.875 Thread 0x0000023dd07a1000 Exception <a 'java/lang/ClassNotFoundException'{0x00000000863661f0}: org/springframework/data/repository/core/support/RepositoryFactoryBeanSupportCustomizer> (0x00000000863661f0) thrown at [./src/hotspot/share/classfile/systemDictionary.cpp, line 230]
Event: 11.878 Thread 0x0000023dd07a1000 Exception <a 'java/lang/ClassNotFoundException'{0x00000000863bafa8}: org/springframework/data/repository/core/support/TransactionalRepositoryFactoryBeanSupportCustomizer> (0x00000000863bafa8) thrown at [./src/hotspot/share/classfile/systemDictionary.cpp, line 230]
Event: 11.879 Thread 0x0000023dd07a1000 Exception <a 'java/lang/ClassNotFoundException'{0x00000000863eb608}: org/springframework/data/jpa/repository/support/JpaRepositoryFactoryBeanCustomizer> (0x00000000863eb608) thrown at [./src/hotspot/share/classfile/systemDictionary.cpp, line 230]
Event: 11.882 Thread 0x0000023dd07a1000 Exception <a 'java/lang/ClassNotFoundException'{0x000000008623a7e0}: org/springframework/beans/factory/BeanFactoryAwareCustomizer> (0x000000008623a7e0) thrown at [./src/hotspot/share/classfile/systemDictionary.cpp, line 230]
Event: 11.884 Thread 0x0000023dd07a1000 Exception <a 'java/lang/ClassNotFoundException'{0x000000008625a260}: org/springframework/beans/factory/AwareCustomizer> (0x000000008625a260) thrown at [./src/hotspot/share/classfile/systemDictionary.cpp, line 230]
Event: 11.885 Thread 0x0000023dd07a1000 Exception <a 'java/lang/ClassNotFoundException'{0x000000008627b948}: org/springframework/beans/factory/InitializingBeanCustomizer> (0x000000008627b948) thrown at [./src/hotspot/share/classfile/systemDictionary.cpp, line 230]
Event: 11.885 Thread 0x0000023dd07a1000 Exception <a 'java/lang/ClassNotFoundException'{0x00000000862a4b58}: org/springframework/data/repository/core/support/RepositoryFactoryInformationCustomizer> (0x00000000862a4b58) thrown at [./src/hotspot/share/classfile/systemDictionary.cpp, line 230]
Event: 11.887 Thread 0x0000023dd07a1000 Exception <a 'java/lang/ClassNotFoundException'{0x00000000862cba30}: org/springframework/beans/factory/FactoryBeanCustomizer> (0x00000000862cba30) thrown at [./src/hotspot/share/classfile/systemDictionary.cpp, line 230]
Event: 11.888 Thread 0x0000023dd07a1000 Exception <a 'java/lang/ClassNotFoundException'{0x00000000862f1618}: org/springframework/beans/factory/BeanClassLoaderAwareCustomizer> (0x00000000862f1618) thrown at [./src/hotspot/share/classfile/systemDictionary.cpp, line 230]
Event: 11.890 Thread 0x0000023dd07a1000 Exception <a 'java/lang/ClassNotFoundException'{0x0000000086111060}: org/springframework/beans/factory/AwareCustomizer> (0x0000000086111060) thrown at [./src/hotspot/share/classfile/systemDictionary.cpp, line 230]
Event: 11.892 Thread 0x0000023dd07a1000 Exception <a 'java/lang/ClassNotFoundException'{0x00000000861326e0}: org/springframework/beans/factory/BeanFactoryAwareCustomizer> (0x00000000861326e0) thrown at [./src/hotspot/share/classfile/systemDictionary.cpp, line 230]
Event: 11.894 Thread 0x0000023dd07a1000 Exception <a 'java/lang/ClassNotFoundException'{0x0000000086152160}: org/springframework/beans/factory/AwareCustomizer> (0x0000000086152160) thrown at [./src/hotspot/share/classfile/systemDictionary.cpp, line 230]
Event: 11.895 Thread 0x0000023dd07a1000 Exception <a 'java/lang/ClassNotFoundException'{0x0000000086175680}: org/springframework/context/ApplicationEventPublisherAwareCustomizer> (0x0000000086175680) thrown at [./src/hotspot/share/classfile/systemDictionary.cpp, line 230]
Event: 11.896 Thread 0x0000023dd07a1000 Exception <a 'java/lang/ClassNotFoundException'{0x00000000861955e8}: org/springframework/beans/factory/AwareCustomizer> (0x00000000861955e8) thrown at [./src/hotspot/share/classfile/systemDictionary.cpp, line 230]
Event: 11.909 Thread 0x0000023dd07a1000 Exception <a 'java/lang/ClassNotFoundException'{0x00000000861ddea8}: java/lang/ObjectCustomizer> (0x00000000861ddea8) thrown at [./src/hotspot/share/classfile/systemDictionary.cpp, line 230]
Event: 11.912 Thread 0x0000023dd07a1000 Exception <a 'java/lang/ClassNotFoundException'{0x0000000086004dc8}: org/springframework/core/io/support/PropertiesLoaderSupportCustomizer> (0x0000000086004dc8) thrown at [./src/hotspot/share/classfile/systemDictionary.cpp, line 230]
Event: 11.916 Thread 0x0000023dd07a1000 Exception <a 'java/lang/ClassNotFoundException'{0x0000000086031908}: org/springframework/beans/factory/config/PropertiesFactoryBeanCustomizer> (0x0000000086031908) thrown at [./src/hotspot/share/classfile/systemDictionary.cpp, line 230]
Event: 11.933 Thread 0x0000023dd07a1000 Exception <a 'java/lang/ClassNotFoundException'{0x0000000086062228}: org/springframework/beans/factory/FactoryBeanCustomizer> (0x0000000086062228) thrown at [./src/hotspot/share/classfile/systemDictionary.cpp, line 230]
Event: 11.935 Thread 0x0000023dd07a1000 Exception <a 'java/lang/ClassNotFoundException'{0x00000000860862e8}: org/springframework/beans/factory/InitializingBeanCustomizer> (0x00000000860862e8) thrown at [./src/hotspot/share/classfile/systemDictionary.cpp, line 230]

Events (20 events):
Event: 12.250 loading class org/springframework/data/jpa/mapping/JpaMetamodelMappingContext$Metamodels done
Event: 12.255 loading class org/springframework/data/jpa/provider/PersistenceProvider
Event: 12.255 loading class org/springframework/data/jpa/provider/PersistenceProvider done
Event: 12.256 loading class org/springframework/data/jpa/provider/QueryExtractor
Event: 12.256 loading class org/springframework/data/jpa/provider/QueryExtractor done
Event: 12.256 loading class org/springframework/data/jpa/provider/ProxyIdAccessor
Event: 12.256 loading class org/springframework/data/jpa/provider/ProxyIdAccessor done
Event: 12.257 loading class org/springframework/data/jpa/provider/PersistenceProvider$1
Event: 12.257 loading class org/springframework/data/jpa/provider/PersistenceProvider$1 done
Event: 12.257 loading class org/springframework/data/jpa/provider/PersistenceProvider$2
Event: 12.257 loading class org/springframework/data/jpa/provider/PersistenceProvider$2 done
Event: 12.257 loading class org/springframework/data/jpa/provider/PersistenceProvider$3
Event: 12.257 loading class org/springframework/data/jpa/provider/PersistenceProvider$3 done
Event: 12.258 loading class org/springframework/data/jpa/provider/JpaClassUtils
Event: 12.258 loading class org/springframework/data/jpa/provider/JpaClassUtils done
Event: 12.259 loading class org/springframework/data/mapping/context/AbstractMappingContext
Event: 12.259 loading class org/springframework/data/mapping/context/AbstractMappingContext done
Event: 12.265 loading class org/springframework/data/jpa/mapping/JpaPersistentEntityImpl
Event: 12.265 loading class org/springframework/data/jpa/mapping/JpaPersistentEntityImpl done
Event: 12.283 Executing VM operation: CollectForMetadataAllocation


Dynamic libraries:
0x00007ff602250000 - 0x00007ff60225d000 	C:\Users\Admin\.jdks\corretto-11.0.17\bin\java.exe
0x00007ff9d3e50000 - 0x00007ff9d4048000 	C:\Windows\SYSTEM32\ntdll.dll
0x00007ff9d3630000 - 0x00007ff9d36ef000 	C:\Windows\System32\KERNEL32.DLL
0x00007ff9d1b60000 - 0x00007ff9d1e32000 	C:\Windows\System32\KERNELBASE.dll
0x00007ff9d1540000 - 0x00007ff9d1640000 	C:\Windows\System32\ucrtbase.dll
0x00007ff9ba9b0000 - 0x00007ff9ba9c7000 	C:\Users\Admin\.jdks\corretto-11.0.17\bin\jli.dll
0x00007ff9d2020000 - 0x00007ff9d21c1000 	C:\Windows\System32\USER32.dll
0x00007ff9d1b30000 - 0x00007ff9d1b52000 	C:\Windows\System32\win32u.dll
0x00007ff9d1ea0000 - 0x00007ff9d1ecb000 	C:\Windows\System32\GDI32.dll
0x00007ff9d18d0000 - 0x00007ff9d19df000 	C:\Windows\System32\gdi32full.dll
0x00007ff9d19e0000 - 0x00007ff9d1a7d000 	C:\Windows\System32\msvcp_win.dll
0x00007ff9ba5d0000 - 0x00007ff9ba5e9000 	C:\Users\Admin\.jdks\corretto-11.0.17\bin\VCRUNTIME140.dll
0x00007ff9ba680000 - 0x00007ff9ba91a000 	C:\Windows\WinSxS\amd64_microsoft.windows.common-controls_6595b64144ccf1df_6.0.19041.1110_none_60b5254171f9507e\COMCTL32.dll
0x00007ff9d2de0000 - 0x00007ff9d2e7e000 	C:\Windows\System32\msvcrt.dll
0x00007ff9d2da0000 - 0x00007ff9d2dd2000 	C:\Windows\System32\IMM32.DLL
0x00007ff999060000 - 0x00007ff9990fb000 	C:\Users\Admin\.jdks\corretto-11.0.17\bin\msvcp140.dll
0x00007ff94cd40000 - 0x00007ff94d8c5000 	C:\Users\Admin\.jdks\corretto-11.0.17\bin\server\jvm.dll
0x00007ff9d2700000 - 0x00007ff9d27ae000 	C:\Windows\System32\ADVAPI32.dll
0x00007ff9d3ca0000 - 0x00007ff9d3d3c000 	C:\Windows\System32\sechost.dll
0x00007ff9d2c70000 - 0x00007ff9d2d95000 	C:\Windows\System32\RPCRT4.dll
0x00007ff9d1e90000 - 0x00007ff9d1e98000 	C:\Windows\System32\PSAPI.DLL
0x00007ff9cd000000 - 0x00007ff9cd009000 	C:\Windows\SYSTEM32\WSOCK32.dll
0x00007ff9d3da0000 - 0x00007ff9d3e0b000 	C:\Windows\System32\WS2_32.dll
0x00007ff9ae5e0000 - 0x00007ff9ae607000 	C:\Windows\SYSTEM32\WINMM.dll
0x00007ff9c9320000 - 0x00007ff9c932a000 	C:\Windows\SYSTEM32\VERSION.dll
0x00007ff9cfd50000 - 0x00007ff9cfd62000 	C:\Windows\SYSTEM32\kernel.appcore.dll
0x00007ff9c9330000 - 0x00007ff9c9340000 	C:\Users\Admin\.jdks\corretto-11.0.17\bin\verify.dll
0x00007ff9cf130000 - 0x00007ff9cf314000 	C:\Windows\SYSTEM32\DBGHELP.DLL
0x00007ff9b7e90000 - 0x00007ff9b7ec5000 	C:\Windows\SYSTEM32\dbgcore.DLL
0x00007ff9d1670000 - 0x00007ff9d16f2000 	C:\Windows\System32\bcryptPrimitives.dll
0x00007ff99d0d0000 - 0x00007ff99d0f8000 	C:\Users\Admin\.jdks\corretto-11.0.17\bin\java.dll
0x00007ff9c8df0000 - 0x00007ff9c8dfa000 	C:\Users\Admin\.jdks\corretto-11.0.17\bin\jimage.dll
0x00007ff9ca360000 - 0x00007ff9ca398000 	C:\Users\Admin\.jdks\corretto-11.0.17\bin\jdwp.dll
0x00007ff9c9e50000 - 0x00007ff9c9e5e000 	C:\Users\Admin\.jdks\corretto-11.0.17\bin\instrument.dll
0x00007ff9a6b30000 - 0x00007ff9a6b48000 	C:\Users\Admin\.jdks\corretto-11.0.17\bin\zip.dll
0x00007ff9d2ee0000 - 0x00007ff9d3624000 	C:\Windows\System32\SHELL32.dll
0x00007ff9cf5a0000 - 0x00007ff9cfd32000 	C:\Windows\SYSTEM32\windows.storage.dll
0x00007ff9d21d0000 - 0x00007ff9d2525000 	C:\Windows\System32\combase.dll
0x00007ff9d0ec0000 - 0x00007ff9d0ef0000 	C:\Windows\SYSTEM32\Wldp.dll
0x00007ff9d3780000 - 0x00007ff9d382d000 	C:\Windows\System32\SHCORE.dll
0x00007ff9d3d40000 - 0x00007ff9d3d95000 	C:\Windows\System32\shlwapi.dll
0x00007ff9d1480000 - 0x00007ff9d149f000 	C:\Windows\SYSTEM32\profapi.dll
0x00007ff9c9e40000 - 0x00007ff9c9e4a000 	C:\Users\Admin\.jdks\corretto-11.0.17\bin\dt_socket.dll
0x00007ff9d0ca0000 - 0x00007ff9d0d0a000 	C:\Windows\system32\mswsock.dll
0x00007ff9a60d0000 - 0x00007ff9a60e9000 	C:\Users\Admin\.jdks\corretto-11.0.17\bin\net.dll
0x00007ff9c9670000 - 0x00007ff9c977c000 	C:\Windows\SYSTEM32\WINHTTP.dll
0x00007ff99e220000 - 0x00007ff99e233000 	C:\Users\Admin\.jdks\corretto-11.0.17\bin\nio.dll
0x00007ff9d09b0000 - 0x00007ff9d0a7a000 	C:\Windows\SYSTEM32\DNSAPI.dll
0x00007ff9d0960000 - 0x00007ff9d099b000 	C:\Windows\SYSTEM32\IPHLPAPI.DLL
0x00007ff9d1f30000 - 0x00007ff9d1f38000 	C:\Windows\System32\NSI.dll
0x00007ff9c9bb0000 - 0x00007ff9c9bba000 	C:\Windows\System32\rasadhlp.dll
0x00007ff9c4b10000 - 0x00007ff9c4b90000 	C:\Windows\System32\fwpuclnt.dll
0x00007ff9d1640000 - 0x00007ff9d1667000 	C:\Windows\System32\bcrypt.dll
0x00007ff9bc550000 - 0x00007ff9bc559000 	C:\Users\Admin\.jdks\corretto-11.0.17\bin\management.dll
0x00007ff9bc300000 - 0x00007ff9bc30b000 	C:\Users\Admin\.jdks\corretto-11.0.17\bin\management_ext.dll
0x00007ff9d0f00000 - 0x00007ff9d0f18000 	C:\Windows\SYSTEM32\CRYPTSP.dll
0x00007ff9d0570000 - 0x00007ff9d05a4000 	C:\Windows\system32\rsaenh.dll
0x00007ff9d1400000 - 0x00007ff9d142e000 	C:\Windows\SYSTEM32\USERENV.dll
0x00007ff9d0e30000 - 0x00007ff9d0e3c000 	C:\Windows\SYSTEM32\CRYPTBASE.dll
0x00007ff9c9920000 - 0x00007ff9c9937000 	C:\Windows\SYSTEM32\dhcpcsvc6.DLL
0x00007ff9c98c0000 - 0x00007ff9c98dd000 	C:\Windows\SYSTEM32\dhcpcsvc.DLL
0x00007ff99e9c0000 - 0x00007ff99e9d7000 	C:\Windows\system32\napinsp.dll
0x00007ff99e9a0000 - 0x00007ff99e9bb000 	C:\Windows\system32\pnrpnsp.dll
0x00007ff9cc2b0000 - 0x00007ff9cc2c5000 	C:\Windows\system32\wshbth.dll
0x00007ff9ccdb0000 - 0x00007ff9ccdcd000 	C:\Windows\system32\NLAapi.dll
0x00007ff99e980000 - 0x00007ff99e992000 	C:\Windows\System32\winrnr.dll
0x00007ff9c9e10000 - 0x00007ff9c9e35000 	C:\Users\Admin\.jdks\corretto-11.0.17\bin\sunec.dll
0x00007ff9c9dd0000 - 0x00007ff9c9dde000 	C:\Users\Admin\.jdks\corretto-11.0.17\bin\sunmscapi.dll
0x00007ff9d1770000 - 0x00007ff9d18c6000 	C:\Windows\System32\CRYPT32.dll
0x00007ff9d1010000 - 0x00007ff9d1037000 	C:\Windows\SYSTEM32\ncrypt.dll
0x00007ff9d0fd0000 - 0x00007ff9d100b000 	C:\Windows\SYSTEM32\NTASN1.dll

dbghelp: loaded successfully - version: 4.0.5 - missing functions: none
symbol engine: initialized successfully - sym options: 0x614 - pdb path: .;C:\Users\Admin\.jdks\corretto-11.0.17\bin;C:\Windows\SYSTEM32;C:\Windows\WinSxS\amd64_microsoft.windows.common-controls_6595b64144ccf1df_6.0.19041.1110_none_60b5254171f9507e;C:\Users\Admin\.jdks\corretto-11.0.17\bin\server

VM Arguments:
jvm_args: -agentlib:jdwp=transport=dt_socket,address=127.0.0.1:52511,suspend=y,server=n -XX:TieredStopAtLevel=1 -Xverify:none -Dspring.output.ansi.enabled=always -Dcom.sun.management.jmxremote -Dspring.jmx.enabled=true -Dspring.liveBeansView.mbeanDomain -Dspring.application.admin.enabled=true -Dmanagement.endpoints.jmx.exposure.include=* -javaagent:C:\Users\Admin\AppData\Local\JetBrains\IntelliJIdea2022.3\captureAgent\debugger-agent.jar=file:/C:/Users/Admin/AppData/Local/Temp/capture.props -Dfile.encoding=UTF-8 
java_command: com.tass.orderservice.OrderServiceApplication
java_class_path (initial): D:\Batch_4\tasc_training\moi\microservice_smart\order-service\build\classes\java\main;D:\Batch_4\tasc_training\moi\microservice_smart\order-service\build\resources\main;C:\Users\Admin\.gradle\caches\modules-2\files-2.1\org.projectlombok\lombok\1.18.24\13a394eed5c4f9efb2a6d956e2086f1d81e857d9\lombok-1.18.24.jar;C:\Users\Admin\.gradle\caches\modules-2\files-2.1\org.springframework.boot\spring-boot-configuration-processor\2.7.2\12575686ba3820571ea79bfd08d6d27534b97a0e\spring-boot-configuration-processor-2.7.2.jar;D:\Batch_4\tasc_training\moi\microservice_smart\common\build\classes\java\main;C:\Users\Admin\.gradle\caches\modules-2\files-2.1\org.springframework.cloud\spring-cloud-starter-openfeign\3.1.2\ddfa43f87a64700b4e54f3960d1aa996193c4bd4\spring-cloud-starter-openfeign-3.1.2.jar;C:\Users\Admin\.gradle\caches\modules-2\files-2.1\org.springframework.security\spring-security-crypto\5.5.3\45fc09a7a2484ef843a9db4652e6ff984bc2e537\spring-security-crypto-5.5.3.jar;C:\Users\Admin\.gradle\caches\modules-2\files-2.1\org.springframework.boot\spring-boot-starter-data-jpa\2.7.2\11ac3a239c4644dc8e338fafff1fb66557abcf2f\spring-boot-starter-data-jpa-2.7.2.jar;C:\Users\Admin\.gradle\caches\modules-2\files-2.1\org.springframework.boot\spring-boot-starter-web\2.7.2\dd8a77a26900a86d9962598cbbd360f6b69bab5e\spring-boot-starter-web-2.7.2.jar;C:\Users\Admin\.gradle\caches\modules-2\files-2.1\org.springframework.boot\spring-boot-starter-data-redis\2.7.2\925229db65afa7652f17878c6a1bc2fd5351f8d9\spring-boot-starter-data-redis-2.7.2.jar;C:\Users\Admin\.gradle\caches\modules-2\files-2.1\org.redisson\redisson-spring-data-26\3.18.1\ae978907d4ec57eeea268e98baab1ef35c4fea46\redisson-spring-data-26-3.18.1.jar;C:\Users\Admin\.gradle\caches\modules-2\files-2.1\redis.clients\jedis\3.9.0\567a2c54db3e1564c63d1c5f6a1b45d7d35198ba\jedis-3.9.0.jar;C:\Users\Admin\.gradle\caches\modules-2\files-2.1\org.apache.commons\commons-lang3\3.12.0\c6842c86792ff03b9f1d1fe2aab8dc23aa6c6f0e\c
Launcher Type: SUN_STANDARD

[Global flags]
     bool BytecodeVerificationLocal                = false                                     {product} {command line}
     bool BytecodeVerificationRemote               = false                                     {product} {command line}
     intx CICompilerCount                          = 4                                         {product} {ergonomic}
     uint ConcGCThreads                            = 2                                         {product} {ergonomic}
     uint G1ConcRefinementThreads                  = 8                                         {product} {ergonomic}
   size_t G1HeapRegionSize                         = 1048576                                   {product} {ergonomic}
    uintx GCDrainStackTargetSize                   = 64                                        {product} {ergonomic}
   size_t InitialHeapSize                          = 132120576                                 {product} {ergonomic}
     bool ManagementServer                         = true                                      {product} {command line}
   size_t MarkStackSize                            = 4194304                                   {product} {ergonomic}
   size_t MaxHeapSize                              = 2113929216                                {product} {ergonomic}
   size_t MaxNewSize                               = 1267728384                                {product} {ergonomic}
   size_t MinHeapDeltaBytes                        = 1048576                                   {product} {ergonomic}
    uintx NonNMethodCodeHeapSize                   = 7549744                                {pd product} {ergonomic}
    uintx NonProfiledCodeHeapSize                  = 244108496                              {pd product} {ergonomic}
    uintx ProfiledCodeHeapSize                     = 0                                      {pd product} {ergonomic}
    uintx ReservedCodeCacheSize                    = 251658240                              {pd product} {ergonomic}
     bool SegmentedCodeCache                       = true                                      {product} {ergonomic}
     intx TieredStopAtLevel                        = 1                                         {product} {command line}
     bool UseCompressedClassPointers               = true                                 {lp64_product} {ergonomic}
     bool UseCompressedOops                        = true                                 {lp64_product} {ergonomic}
     bool UseG1GC                                  = true                                      {product} {ergonomic}
     bool UseLargePagesIndividualAllocation        = false                                  {pd product} {ergonomic}

Logging:
Log output configuration:
 #0: stdout all=warning uptime,level,tags
 #1: stderr all=off uptime,level,tags

Environment Variables:
PATH=C:\Program Files (x86)\Common Files\Oracle\Java\javapath;C:\Windows\system32;C:\Windows;C:\Windows\System32\Wbem;C:\Windows\System32\WindowsPowerShell\v1.0\;C:\Windows\System32\OpenSSH\;C:\Program Files\Microsoft SQL Server\130\Tools\Binn\;C:\Program Files\Microsoft SQL Server\Client SDK\ODBC\170\Tools\Binn\;C:\Program Files\Azure Data Studio\bin;C:\Program Files (x86)\Microsoft SQL Server\150\Tools\Binn\;C:\Program Files\Microsoft SQL Server\150\Tools\Binn\;C:\Program Files\Microsoft SQL Server\150\DTS\Binn\;C:\Program Files (x86)\Microsoft SQL Server\150\DTS\Binn\;D:\XAMPP\php;D:\Composer;C:\Program Files\nodejs\;C:\Program Files\Microsoft SQL Server Migration Assistant for MySQL\bin\;D:\Git\cmd;C:\Program Files\Docker\Docker\resources\bin;C:\Program Files\MySQL\MySQL Shell 8.0\bin\;C:\Users\Admin\AppData\Local\Microsoft\WindowsApps;C:\Users\Admin\AppData\Local\GitHubDesktop\bin;C:\Program Files\Azure Data Studio\bin;C:\Users\Admin\AppData\Roaming\Composer\vendor\bin;C:\Users\Admin\AppData\Roaming\npm;C:\Users\Admin\AppData\Local\Programs\Microsoft VS Code\bin;C:\Program Files\heroku\bin;D:\grid_database\DataGrip 2022.2.5\bin;;C:\Program Files\JetBrains\IntelliJ IDEA 2022.3.1\bin;
USERNAME=Admin
OS=Windows_NT
PROCESSOR_IDENTIFIER=Intel64 Family 6 Model 165 Stepping 2, GenuineIntel
TMP=C:\Users\Admin\AppData\Local\Temp
TEMP=C:\Users\Admin\AppData\Local\Temp



---------------  S Y S T E M  ---------------

OS: Windows 10 , 64 bit Build 19041 (10.0.19041.2364)
OS uptime: 0 days 9:40 hours
Hyper-V role detected

CPU:total 8 (initial active 8) (4 cores per cpu, 2 threads per core) family 6 model 165 stepping 2 microcode 0xea, cmov, cx8, fxsr, mmx, sse, sse2, sse3, ssse3, sse4.1, sse4.2, popcnt, avx, avx2, aes, clmul, erms, 3dnowpref, lzcnt, ht, tsc, tscinvbit, bmi1, bmi2, adx, fma

Memory: 4k page, system-wide physical 8059M (445M free)
TotalPageFile size 20347M (AvailPageFile size 0M)
current process WorkingSet (physical memory assigned to process): 269M, peak: 269M
current process commit charge ("private bytes"): 339M, peak: 340M

vm_info: OpenJDK 64-Bit Server VM (11.0.17+8-LTS) for windows-amd64 JRE (11.0.17+8-LTS), built on Oct 14 2022 18:02:01 by "Administrator" with MS VC++ 15.9 (VS2017)

END.
