#
# There is insufficient memory for the Java Runtime Environment to continue.
# Native memory allocation (malloc) failed to allocate 32744 bytes for ChunkPool::allocate
# Possible reasons:
#   The system is out of physical RAM or swap space
#   The process is running with CompressedOops enabled, and the Java Heap may be blocking the growth of the native heap
# Possible solutions:
#   Reduce memory load on the system
#   Increase physical memory or swap space
#   Check if swap backing store is full
#   Decrease Java heap size (-Xmx/-Xms)
#   Decrease number of Java threads
#   Decrease Java thread stack sizes (-Xss)
#   Set larger code cache with -XX:ReservedCodeCacheSize=
#   JVM is running with Unscaled Compressed Oops mode in which the Java heap is
#     placed in the first 4GB address space. The Java Heap base address is the
#     maximum limit for the native heap growth. Please use -XX:HeapBaseMinAddress
#     to set the Java Heap base and to place the Java Heap above 4GB virtual address.
# This output file may be truncated or incomplete.
#
#  Out of Memory Error (./src/hotspot/share/memory/arena.cpp:81), pid=9052, tid=12340
#
# JRE version: OpenJDK Runtime Environment Corretto-11.0.17.8.1 (11.0.17+8) (build 11.0.17+8-LTS)
# Java VM: OpenJDK 64-Bit Server VM Corretto-11.0.17.8.1 (11.0.17+8-LTS, mixed mode, tiered, compressed oops, g1 gc, windows-amd64)
# No core dump will be written. Minidumps are not enabled by default on client versions of Windows
#

---------------  S U M M A R Y ------------

Command Line: -agentlib:jdwp=transport=dt_socket,address=127.0.0.1:63394,suspend=y,server=n -XX:TieredStopAtLevel=1 -Xverify:none -Dspring.output.ansi.enabled=always -Dcom.sun.management.jmxremote -Dspring.jmx.enabled=true -Dspring.liveBeansView.mbeanDomain -Dspring.application.admin.enabled=true -Dmanagement.endpoints.jmx.exposure.include=* -javaagent:C:\Users\Admin\AppData\Local\JetBrains\IntelliJIdea2022.3\captureAgent\debugger-agent.jar=file:/C:/Users/Admin/AppData/Local/Temp/capture.props -Dfile.encoding=UTF-8 com.tass.apigw.ApiGwApplication

Host: Intel(R) Core(TM) i5-10300H CPU @ 2.50GHz, 8 cores, 7G,  Windows 10 , 64 bit Build 19041 (10.0.19041.2364)
Time: Fri Jan 13 23:22:21 2023 SE Asia Standard Time elapsed time: 18.214826 seconds (0d 0h 0m 18s)

---------------  T H R E A D  ---------------

Current thread (0x0000012bebd06800):  VMThread "VM Thread" [stack: 0x00000024e0a00000,0x00000024e0b00000] [id=12340] _threads_hazard_ptr=0x0000012bf0bcf040

Stack: [0x00000024e0a00000,0x00000024e0b00000]
[error occurred during error reporting (printing stack bounds), id 0xc0000005, EXCEPTION_ACCESS_VIOLATION (0xc0000005) at pc=0x0000012bd4d0112d]

Native frames: (J=compiled Java code, j=interpreted, Vv=VM code, C=native code)
V  [jvm.dll+0x61f66a]
V  [jvm.dll+0x7ac889]
V  [jvm.dll+0x7adf78]
V  [jvm.dll+0x7ae5b5]
V  [jvm.dll+0x7ae56b]
V  [jvm.dll+0x61e9f7]
V  [jvm.dll+0x61f108]
C  [ntdll.dll+0xa241f]
C  [ntdll.dll+0x514a4]
C  [ntdll.dll+0xa0f4e]
C  0x0000012bd4d0112d

VM_Operation (0x00000024e0bfedf0): BulkRevokeBias, mode: safepoint, requested by thread 0x0000012bec542800


---------------  P R O C E S S  ---------------

Threads class SMR info:
_java_thread_list=0x0000012bf0bcf040, length=72, elements={
0x0000012bcada7800, 0x0000012bec542800, 0x0000012bec54b800, 0x0000012bec592800,
0x0000012bec593800, 0x0000012bec598000, 0x0000012bec5a1000, 0x0000012bec5a6000,
0x0000012bebcc5000, 0x0000012bec7ef000, 0x0000012bec80f000, 0x0000012bec812000,
0x0000012bed0c8800, 0x0000012beddc3000, 0x0000012bedf08000, 0x0000012bee879800,
0x0000012bf0165000, 0x0000012bed0e8000, 0x0000012bf03d4800, 0x0000012bf039e000,
0x0000012bf0410000, 0x0000012bf0410800, 0x0000012bf0411800, 0x0000012bf040e000,
0x0000012bf0412800, 0x0000012bf0413000, 0x0000012bf040d800, 0x0000012bf0414000,
0x0000012bf040f000, 0x0000012bf0a8a000, 0x0000012bf0a84800, 0x0000012bf0a8b000,
0x0000012bf0a89000, 0x0000012bf0a85000, 0x0000012bf0a86000, 0x0000012bf0a87800,
0x0000012bf0a88800, 0x0000012bf0a8b800, 0x0000012bf0a8c800, 0x0000012bf0a86800,
0x0000012bf0a92000, 0x0000012bf0a91800, 0x0000012bf0a93000, 0x0000012bf0a8d800,
0x0000012bf0a8f000, 0x0000012bf0a8e000, 0x0000012bf0a8f800, 0x0000012bf0a90800,
0x0000012bf0bbe000, 0x0000012bf0bc2000, 0x0000012bf0bc0800, 0x0000012bf0bbd800,
0x0000012bf0bc4800, 0x0000012bf0bbf800, 0x0000012bf0bbf000, 0x0000012bf0bc3000,
0x0000012bf0bc4000, 0x0000012bf0bc1800, 0x0000012bf0bc6000, 0x0000012bf0bc8000,
0x0000012bf0bc8800, 0x0000012bf0bc7000, 0x0000012bf0bc9800, 0x0000012bf0bca800,
0x0000012bf0bcb000, 0x0000012bf0bc5800, 0x0000012bf0bcc000, 0x0000012b8322c800,
0x0000012b8322f000, 0x0000012b8322e000, 0x0000012b8322f800, 0x0000012b83230800
}

Java Threads: ( => current thread )
  0x0000012bcada7800 JavaThread "main" [_thread_blocked, id=924, stack(0x00000024e0400000,0x00000024e0500000)]
  0x0000012bec542800 JavaThread "Reference Handler" daemon [_thread_blocked, id=18668, stack(0x00000024e0b00000,0x00000024e0c00000)]
  0x0000012bec54b800 JavaThread "Finalizer" daemon [_thread_blocked, id=5412, stack(0x00000024e0c00000,0x00000024e0d00000)]
  0x0000012bec592800 JavaThread "Signal Dispatcher" daemon [_thread_blocked, id=20224, stack(0x00000024e0d00000,0x00000024e0e00000)]
  0x0000012bec593800 JavaThread "Attach Listener" daemon [_thread_blocked, id=19936, stack(0x00000024e0e00000,0x00000024e0f00000)]
  0x0000012bec598000 JavaThread "Service Thread" daemon [_thread_blocked, id=4984, stack(0x00000024e0f00000,0x00000024e1000000)]
  0x0000012bec5a1000 JavaThread "C1 CompilerThread0" daemon [_thread_blocked, id=2772, stack(0x00000024e1000000,0x00000024e1100000)]
  0x0000012bec5a6000 JavaThread "Sweeper thread" daemon [_thread_blocked, id=4228, stack(0x00000024e1100000,0x00000024e1200000)]
  0x0000012bebcc5000 JavaThread "Common-Cleaner" daemon [_thread_blocked, id=12716, stack(0x00000024e1200000,0x00000024e1300000)]
  0x0000012bec7ef000 JavaThread "JDWP Transport Listener: dt_socket" daemon [_thread_blocked, id=14016, stack(0x00000024e1300000,0x00000024e1400000)]
  0x0000012bec80f000 JavaThread "JDWP Event Helper Thread" daemon [_thread_blocked, id=18756, stack(0x00000024e1400000,0x00000024e1500000)]
  0x0000012bec812000 JavaThread "JDWP Command Reader" daemon [_thread_in_native, id=4556, stack(0x00000024e1500000,0x00000024e1600000)]
  0x0000012bed0c8800 JavaThread "RMI TCP Accept-0" daemon [_thread_in_native, id=19720, stack(0x00000024e1600000,0x00000024e1700000)]
  0x0000012beddc3000 JavaThread "RMI TCP Connection(2)-172.31.208.1" daemon [_thread_in_native, id=14376, stack(0x00000024e1a00000,0x00000024e1b00000)]
  0x0000012bedf08000 JavaThread "RMI Scheduler(0)" daemon [_thread_blocked, id=13420, stack(0x00000024e1b00000,0x00000024e1c00000)]
  0x0000012bee879800 JavaThread "RMI TCP Connection(4)-172.31.208.1" daemon [_thread_in_native, id=18648, stack(0x00000024e1d00000,0x00000024e1e00000)]
  0x0000012bf0165000 JavaThread "RMI TCP Connection(6)-172.31.208.1" daemon [_thread_in_native, id=6380, stack(0x00000024e1e00000,0x00000024e1f00000)]
  0x0000012bed0e8000 JavaThread "spring.cloud.inetutils" daemon [_thread_blocked, id=17736, stack(0x00000024e2000000,0x00000024e2100000)]
  0x0000012bf03d4800 JavaThread "RxIoScheduler-1 (Evictor)" daemon [_thread_blocked, id=14480, stack(0x00000024e2100000,0x00000024e2200000)]
  0x0000012bf039e000 JavaThread "Catalina-utility-1" [_thread_blocked, id=9484, stack(0x00000024e2200000,0x00000024e2300000)]
  0x0000012bf0410000 JavaThread "Catalina-utility-2" [_thread_blocked, id=12132, stack(0x00000024e2300000,0x00000024e2400000)]
  0x0000012bf0410800 JavaThread "container-0" [_thread_blocked, id=14260, stack(0x00000024e2400000,0x00000024e2500000)]
  0x0000012bf0411800 JavaThread "RMI TCP Connection(8)-172.31.208.1" daemon [_thread_in_native, id=15668, stack(0x00000024e2500000,0x00000024e2600000)]
  0x0000012bf040e000 JavaThread "Thread-3" daemon [_thread_in_native, id=5852, stack(0x00000024e2600000,0x00000024e2700000)]
  0x0000012bf0412800 JavaThread "redisson-netty-2-1" [_thread_in_native, id=16664, stack(0x00000024e2700000,0x00000024e2800000)]
  0x0000012bf0413000 JavaThread "redisson-netty-2-2" [_thread_in_native, id=14316, stack(0x00000024e2c00000,0x00000024e2d00000)]
  0x0000012bf040d800 JavaThread "redisson-netty-2-3" [_thread_in_native, id=19272, stack(0x00000024e2d00000,0x00000024e2e00000)]
  0x0000012bf0414000 JavaThread "redisson-netty-2-4" [_thread_in_native, id=14112, stack(0x00000024e2e00000,0x00000024e2f00000)]
  0x0000012bf040f000 JavaThread "redisson-timer-4-1" [_thread_blocked, id=14092, stack(0x00000024e3000000,0x00000024e3100000)]
  0x0000012bf0a8a000 JavaThread "redisson-netty-2-5" [_thread_in_native, id=13736, stack(0x00000024e3100000,0x00000024e3200000)]
  0x0000012bf0a84800 JavaThread "redisson-netty-2-6" [_thread_in_native, id=10116, stack(0x00000024e3200000,0x00000024e3300000)]
  0x0000012bf0a8b000 JavaThread "redisson-netty-2-7" [_thread_in_native, id=2264, stack(0x00000024e3300000,0x00000024e3400000)]
  0x0000012bf0a89000 JavaThread "redisson-netty-2-8" [_thread_in_native, id=18856, stack(0x00000024e3400000,0x00000024e3500000)]
  0x0000012bf0a85000 JavaThread "redisson-netty-2-9" [_thread_in_native, id=17560, stack(0x00000024e3500000,0x00000024e3600000)]
  0x0000012bf0a86000 JavaThread "redisson-netty-2-10" [_thread_in_native, id=8668, stack(0x00000024e3600000,0x00000024e3700000)]
  0x0000012bf0a87800 JavaThread "redisson-netty-2-11" [_thread_in_native, id=19220, stack(0x00000024e3700000,0x00000024e3800000)]
  0x0000012bf0a88800 JavaThread "redisson-netty-2-12" [_thread_in_native, id=3828, stack(0x00000024e3800000,0x00000024e3900000)]
  0x0000012bf0a8b800 JavaThread "redisson-netty-2-13" [_thread_in_native, id=11536, stack(0x00000024e3900000,0x00000024e3a00000)]
  0x0000012bf0a8c800 JavaThread "redisson-netty-2-14" [_thread_in_native, id=4616, stack(0x00000024e3a00000,0x00000024e3b00000)]
  0x0000012bf0a86800 JavaThread "redisson-netty-2-15" [_thread_in_native, id=18416, stack(0x00000024e3b00000,0x00000024e3c00000)]
  0x0000012bf0a92000 JavaThread "redisson-netty-2-16" [_thread_in_native, id=19052, stack(0x00000024e3c00000,0x00000024e3d00000)]
  0x0000012bf0a91800 JavaThread "redisson-netty-2-17" [_thread_in_native, id=15856, stack(0x00000024e3d00000,0x00000024e3e00000)]
  0x0000012bf0a93000 JavaThread "redisson-netty-2-18" [_thread_in_native, id=15744, stack(0x00000024e3e00000,0x00000024e3f00000)]
  0x0000012bf0a8d800 JavaThread "redisson-netty-2-19" [_thread_in_native, id=19344, stack(0x00000024e3f00000,0x00000024e4000000)]
  0x0000012bf0a8f000 JavaThread "redisson-netty-2-20" [_thread_in_native, id=14352, stack(0x00000024e4000000,0x00000024e4100000)]
  0x0000012bf0a8e000 JavaThread "redisson-netty-2-21" [_thread_in_native, id=7560, stack(0x00000024e4100000,0x00000024e4200000)]
  0x0000012bf0a8f800 JavaThread "redisson-netty-2-22" [_thread_in_native, id=2860, stack(0x00000024e4200000,0x00000024e4300000)]
  0x0000012bf0a90800 JavaThread "redisson-netty-2-23" [_thread_in_native, id=3988, stack(0x00000024e4300000,0x00000024e4400000)]
  0x0000012bf0bbe000 JavaThread "redisson-netty-2-24" [_thread_in_native, id=18680, stack(0x00000024e4400000,0x00000024e4500000)]
  0x0000012bf0bc2000 JavaThread "redisson-netty-2-25" [_thread_in_native, id=13956, stack(0x00000024e4500000,0x00000024e4600000)]
  0x0000012bf0bc0800 JavaThread "redisson-netty-2-26" [_thread_in_native, id=19552, stack(0x00000024e4600000,0x00000024e4700000)]
  0x0000012bf0bbd800 JavaThread "redisson-netty-2-27" [_thread_in_native, id=17460, stack(0x00000024e4700000,0x00000024e4800000)]
  0x0000012bf0bc4800 JavaThread "redisson-netty-2-28" [_thread_in_native, id=19284, stack(0x00000024e4800000,0x00000024e4900000)]
  0x0000012bf0bbf800 JavaThread "redisson-netty-2-29" [_thread_in_native, id=15948, stack(0x00000024e4900000,0x00000024e4a00000)]
  0x0000012bf0bbf000 JavaThread "RMI TCP Connection(9)-172.31.208.1" daemon [_thread_in_native, id=904, stack(0x00000024e4a00000,0x00000024e4b00000)]
  0x0000012bf0bc3000 JavaThread "redisson-netty-2-30" [_thread_in_native, id=10464, stack(0x00000024e4b00000,0x00000024e4c00000)]
  0x0000012bf0bc4000 JavaThread "redisson-netty-2-31" [_thread_in_native, id=20356, stack(0x00000024e4d00000,0x00000024e4e00000)]
  0x0000012bf0bc1800 JavaThread "redisson-netty-2-32" [_thread_in_native, id=2144, stack(0x00000024e4c00000,0x00000024e4d00000)]
  0x0000012bf0bc6000 JavaThread "ClassGraph-worker-0" daemon [_thread_blocked, id=6988, stack(0x00000024e4e00000,0x00000024e4f00000)]
  0x0000012bf0bc8000 JavaThread "ClassGraph-worker-1" daemon [_thread_blocked, id=9104, stack(0x00000024e4f00000,0x00000024e5000000)]
  0x0000012bf0bc8800 JavaThread "ClassGraph-worker-2" daemon [_thread_blocked, id=18620, stack(0x00000024e5000000,0x00000024e5100000)]
  0x0000012bf0bc7000 JavaThread "ClassGraph-worker-3" daemon [_thread_blocked, id=19100, stack(0x00000024e5100000,0x00000024e5200000)]
  0x0000012bf0bc9800 JavaThread "ClassGraph-worker-4" daemon [_thread_blocked, id=12688, stack(0x00000024e5200000,0x00000024e5300000)]
  0x0000012bf0bca800 JavaThread "ClassGraph-worker-5" daemon [_thread_blocked, id=14284, stack(0x00000024e5300000,0x00000024e5400000)]
  0x0000012bf0bcb000 JavaThread "ClassGraph-worker-6" daemon [_thread_blocked, id=9624, stack(0x00000024e5400000,0x00000024e5500000)]
  0x0000012bf0bc5800 JavaThread "ClassGraph-worker-7" daemon [_thread_blocked, id=18376, stack(0x00000024e5500000,0x00000024e5600000)]
  0x0000012bf0bcc000 JavaThread "ClassGraph-worker-8" daemon [_thread_blocked, id=17228, stack(0x00000024e5600000,0x00000024e5700000)]
  0x0000012b8322c800 JavaThread "ClassGraph-worker-9" daemon [_thread_blocked, id=11344, stack(0x00000024e5700000,0x00000024e5800000)]
  0x0000012b8322f000 JavaThread "ClassGraph-worker-10" daemon [_thread_blocked, id=6856, stack(0x00000024e5800000,0x00000024e5900000)]
  0x0000012b8322e000 JavaThread "ClassGraph-worker-11" daemon [_thread_blocked, id=15244, stack(0x00000024e5900000,0x00000024e5a00000)]
  0x0000012b8322f800 JavaThread "ClassGraph-worker-12" daemon [_thread_blocked, id=17588, stack(0x00000024e5a00000,0x00000024e5b00000)]
  0x0000012b83230800 JavaThread "ClassGraph-worker-13" daemon [_thread_blocked, id=6376, stack(0x00000024e5b00000,0x00000024e5c00000)]

Other Threads:
=>0x0000012bebd06800 VMThread "VM Thread" [stack: 0x00000024e0a00000,0x00000024e0b00000] [id=12340] _threads_hazard_ptr=0x0000012bf0bcf040
  0x0000012bed159800 WatcherThread [stack: 0x00000024e1700000,0x00000024e1800000] [id=6740]
  0x0000012bcadc0800 GCTaskThread "GC Thread#0" [stack: 0x00000024e0500000,0x00000024e0600000] [id=9972]
  0x0000012bed19c800 GCTaskThread "GC Thread#1" [stack: 0x00000024e1800000,0x00000024e1900000] [id=1412]
  0x0000012bed173800 GCTaskThread "GC Thread#2" [stack: 0x00000024e1900000,0x00000024e1a00000] [id=16156]
  0x0000012bee277000 GCTaskThread "GC Thread#3" [stack: 0x00000024e1f00000,0x00000024e2000000] [id=4032]
  0x0000012bf04b6800 GCTaskThread "GC Thread#4" [stack: 0x00000024e2800000,0x00000024e2900000] [id=9916]
  0x0000012bf0532800 GCTaskThread "GC Thread#5" [stack: 0x00000024e2900000,0x00000024e2a00000] [id=17728]
  0x0000012bf0399800 GCTaskThread "GC Thread#6" [stack: 0x00000024e2a00000,0x00000024e2b00000] [id=17448]
  0x0000012bf04f8800 GCTaskThread "GC Thread#7" [stack: 0x00000024e2b00000,0x00000024e2c00000] [id=8840]
  0x0000012bcadf0800 ConcurrentGCThread "G1 Main Marker" [stack: 0x00000024e0600000,0x00000024e0700000] [id=18392]
  0x0000012bcadf2000 ConcurrentGCThread "G1 Conc#0" [stack: 0x00000024e0700000,0x00000024e0800000] [id=9560]
  0x0000012bedbb2000 ConcurrentGCThread "G1 Conc#1" [stack: 0x00000024e1c00000,0x00000024e1d00000] [id=14692]
  0x0000012bebb73800 ConcurrentGCThread "G1 Refine#0" [stack: 0x00000024e0800000,0x00000024e0900000] [id=18256]
  0x0000012bebb74800 ConcurrentGCThread "G1 Young RemSet Sampling" [stack: 0x00000024e0900000,0x00000024e0a00000] [id=14656]

Threads with active compile tasks:
C1 CompilerThread0    18235 5615 % !   1       io.github.classgraph.ClasspathElementZip::open @ 583 (1079 bytes)

VM state:at safepoint (normal execution)

VM Mutex/Monitor currently owned by a thread:  ([mutex/lock_event])
[0x0000012bcada2720] Threads_lock - owner thread: 0x0000012bebd06800

Heap address: 0x0000000082000000, size: 2016 MB, Compressed Oops mode: 32-bit
Narrow klass base: 0x0000000000000000, Narrow klass shift: 3
Compressed class space size: 1073741824 Address: 0x0000000100000000

Heap:
 garbage-first heap   total 155648K, used 39033K [0x0000000082000000, 0x0000000100000000)
  region size 1024K, 8 young (8192K), 7 survivors (7168K)
 Metaspace       used 61377K, capacity 63268K, committed 63532K, reserved 1103872K
  class space    used 7469K, capacity 8209K, committed 8320K, reserved 1048576K
Heap Regions: E=young(eden), S=young(survivor), O=old, HS=humongous(starts), HC=humongous(continues), CS=collection set, F=free, A=archive, TAMS=top-at-mark-start (previous, next)
|   0|0x0000000082000000, 0x0000000082100000, 0x0000000082100000|100%| O|  |TAMS 0x0000000082100000, 0x0000000082000000| Untracked 
|   1|0x0000000082100000, 0x0000000082200000, 0x0000000082200000|100%| O|  |TAMS 0x0000000082200000, 0x0000000082100000| Untracked 
|   2|0x0000000082200000, 0x0000000082300000, 0x0000000082300000|100%| O|  |TAMS 0x0000000082300000, 0x0000000082200000| Untracked 
|   3|0x0000000082300000, 0x0000000082400000, 0x0000000082400000|100%| O|  |TAMS 0x0000000082400000, 0x0000000082300000| Untracked 
|   4|0x0000000082400000, 0x0000000082500000, 0x0000000082500000|100%| O|  |TAMS 0x0000000082500000, 0x0000000082400000| Untracked 
|   5|0x0000000082500000, 0x0000000082600000, 0x0000000082600000|100%| O|  |TAMS 0x0000000082600000, 0x0000000082500000| Untracked 
|   6|0x0000000082600000, 0x0000000082700000, 0x0000000082700000|100%| O|  |TAMS 0x0000000082700000, 0x0000000082600000| Untracked 
|   7|0x0000000082700000, 0x0000000082800000, 0x0000000082800000|100%| O|  |TAMS 0x0000000082800000, 0x0000000082700000| Untracked 
|   8|0x0000000082800000, 0x0000000082900000, 0x0000000082900000|100%| O|  |TAMS 0x0000000082900000, 0x0000000082800000| Untracked 
|   9|0x0000000082900000, 0x0000000082a00000, 0x0000000082a00000|100%| O|  |TAMS 0x0000000082a00000, 0x0000000082900000| Untracked 
|  10|0x0000000082a00000, 0x0000000082b00000, 0x0000000082b00000|100%| O|  |TAMS 0x0000000082b00000, 0x0000000082a00000| Untracked 
|  11|0x0000000082b00000, 0x0000000082c00000, 0x0000000082c00000|100%| O|  |TAMS 0x0000000082c00000, 0x0000000082b00000| Untracked 
|  12|0x0000000082c00000, 0x0000000082d00000, 0x0000000082d00000|100%| O|  |TAMS 0x0000000082d00000, 0x0000000082c00000| Untracked 
|  13|0x0000000082d00000, 0x0000000082e00000, 0x0000000082e00000|100%| O|  |TAMS 0x0000000082e00000, 0x0000000082d00000| Untracked 
|  14|0x0000000082e00000, 0x0000000082f00000, 0x0000000082f00000|100%| O|  |TAMS 0x0000000082f00000, 0x0000000082e00000| Untracked 
|  15|0x0000000082f00000, 0x0000000083000000, 0x0000000083000000|100%| O|  |TAMS 0x0000000083000000, 0x0000000082f00000| Untracked 
|  16|0x0000000083000000, 0x0000000083100000, 0x0000000083100000|100%| O|  |TAMS 0x0000000083095e00, 0x0000000083000000| Untracked 
|  17|0x0000000083100000, 0x0000000083200000, 0x0000000083200000|100%| O|  |TAMS 0x0000000083100000, 0x0000000083100000| Untracked 
|  18|0x0000000083200000, 0x0000000083300000, 0x0000000083300000|100%| O|  |TAMS 0x0000000083300000, 0x0000000083200000| Untracked 
|  19|0x0000000083300000, 0x0000000083400000, 0x0000000083400000|100%| O|  |TAMS 0x0000000083400000, 0x0000000083300000| Untracked 
|  20|0x0000000083400000, 0x0000000083500000, 0x0000000083500000|100%| O|  |TAMS 0x0000000083500000, 0x0000000083400000| Untracked 
|  21|0x0000000083500000, 0x0000000083600000, 0x0000000083600000|100%| O|  |TAMS 0x0000000083600000, 0x0000000083500000| Untracked 
|  22|0x0000000083600000, 0x0000000083700000, 0x0000000083700000|100%| O|  |TAMS 0x0000000083700000, 0x0000000083600000| Untracked 
|  23|0x0000000083700000, 0x0000000083800000, 0x0000000083800000|100%| O|  |TAMS 0x0000000083800000, 0x0000000083700000| Untracked 
|  24|0x0000000083800000, 0x0000000083900000, 0x0000000083900000|100%| O|  |TAMS 0x0000000083800000, 0x0000000083800000| Untracked 
|  25|0x0000000083900000, 0x0000000083a00000, 0x0000000083a00000|100%| O|  |TAMS 0x0000000083900000, 0x0000000083900000| Untracked 
|  26|0x0000000083a00000, 0x0000000083b00000, 0x0000000083b00000|100%| O|  |TAMS 0x0000000083a00000, 0x0000000083a00000| Untracked 
|  27|0x0000000083b00000, 0x0000000083c00000, 0x0000000083c00000|100%| O|  |TAMS 0x0000000083b00000, 0x0000000083b00000| Untracked 
|  28|0x0000000083c00000, 0x0000000083d00000, 0x0000000083d00000|100%| O|  |TAMS 0x0000000083c00000, 0x0000000083c00000| Untracked 
|  29|0x0000000083d00000, 0x0000000083e00000, 0x0000000083e00000|100%| O|  |TAMS 0x0000000083d00000, 0x0000000083d00000| Untracked 
|  30|0x0000000083e00000, 0x0000000083f00000, 0x0000000083f00000|100%| O|  |TAMS 0x0000000083e00000, 0x0000000083e00000| Untracked 
|  31|0x0000000083f00000, 0x0000000083fe7400, 0x0000000084000000| 90%| O|  |TAMS 0x0000000083f00000, 0x0000000083f00000| Untracked 
|  32|0x0000000084000000, 0x0000000084000000, 0x0000000084100000|  0%| F|  |TAMS 0x0000000084000000, 0x0000000084000000| Untracked 
|  33|0x0000000084100000, 0x0000000084100000, 0x0000000084200000|  0%| F|  |TAMS 0x0000000084100000, 0x0000000084100000| Untracked 
|  34|0x0000000084200000, 0x0000000084200000, 0x0000000084300000|  0%| F|  |TAMS 0x0000000084200000, 0x0000000084200000| Untracked 
|  35|0x0000000084300000, 0x0000000084300000, 0x0000000084400000|  0%| F|  |TAMS 0x0000000084300000, 0x0000000084300000| Untracked 
|  36|0x0000000084400000, 0x0000000084400000, 0x0000000084500000|  0%| F|  |TAMS 0x0000000084400000, 0x0000000084400000| Untracked 
|  37|0x0000000084500000, 0x0000000084500000, 0x0000000084600000|  0%| F|  |TAMS 0x0000000084500000, 0x0000000084500000| Untracked 
|  38|0x0000000084600000, 0x0000000084600000, 0x0000000084700000|  0%| F|  |TAMS 0x0000000084600000, 0x0000000084600000| Untracked 
|  39|0x0000000084700000, 0x0000000084700000, 0x0000000084800000|  0%| F|  |TAMS 0x0000000084700000, 0x0000000084700000| Untracked 
|  40|0x0000000084800000, 0x0000000084800000, 0x0000000084900000|  0%| F|  |TAMS 0x0000000084800000, 0x0000000084800000| Untracked 
|  41|0x0000000084900000, 0x0000000084900000, 0x0000000084a00000|  0%| F|  |TAMS 0x0000000084900000, 0x0000000084900000| Untracked 
|  42|0x0000000084a00000, 0x0000000084a00000, 0x0000000084b00000|  0%| F|  |TAMS 0x0000000084a00000, 0x0000000084a00000| Untracked 
|  43|0x0000000084b00000, 0x0000000084b00000, 0x0000000084c00000|  0%| F|  |TAMS 0x0000000084b00000, 0x0000000084b00000| Untracked 
|  44|0x0000000084c00000, 0x0000000084c00000, 0x0000000084d00000|  0%| F|  |TAMS 0x0000000084c00000, 0x0000000084c00000| Untracked 
|  45|0x0000000084d00000, 0x0000000084d00000, 0x0000000084e00000|  0%| F|  |TAMS 0x0000000084d00000, 0x0000000084d00000| Untracked 
|  46|0x0000000084e00000, 0x0000000084e00000, 0x0000000084f00000|  0%| F|  |TAMS 0x0000000084e00000, 0x0000000084e00000| Untracked 
|  47|0x0000000084f00000, 0x0000000084f00000, 0x0000000085000000|  0%| F|  |TAMS 0x0000000084f00000, 0x0000000084f00000| Untracked 
|  48|0x0000000085000000, 0x0000000085000000, 0x0000000085100000|  0%| F|  |TAMS 0x0000000085000000, 0x0000000085000000| Untracked 
|  49|0x0000000085100000, 0x0000000085100000, 0x0000000085200000|  0%| F|  |TAMS 0x0000000085100000, 0x0000000085100000| Untracked 
|  50|0x0000000085200000, 0x0000000085200000, 0x0000000085300000|  0%| F|  |TAMS 0x0000000085200000, 0x0000000085200000| Untracked 
|  51|0x0000000085300000, 0x0000000085300000, 0x0000000085400000|  0%| F|  |TAMS 0x0000000085300000, 0x0000000085300000| Untracked 
|  52|0x0000000085400000, 0x0000000085400000, 0x0000000085500000|  0%| F|  |TAMS 0x0000000085400000, 0x0000000085400000| Untracked 
|  53|0x0000000085500000, 0x0000000085500000, 0x0000000085600000|  0%| F|  |TAMS 0x0000000085500000, 0x0000000085500000| Untracked 
|  54|0x0000000085600000, 0x0000000085600000, 0x0000000085700000|  0%| F|  |TAMS 0x0000000085600000, 0x0000000085600000| Untracked 
|  55|0x0000000085700000, 0x0000000085700000, 0x0000000085800000|  0%| F|  |TAMS 0x0000000085700000, 0x0000000085700000| Untracked 
|  56|0x0000000085800000, 0x0000000085800000, 0x0000000085900000|  0%| F|  |TAMS 0x0000000085800000, 0x0000000085800000| Untracked 
|  57|0x0000000085900000, 0x0000000085900000, 0x0000000085a00000|  0%| F|  |TAMS 0x0000000085900000, 0x0000000085900000| Untracked 
|  58|0x0000000085a00000, 0x0000000085a00000, 0x0000000085b00000|  0%| F|  |TAMS 0x0000000085a00000, 0x0000000085a00000| Untracked 
|  59|0x0000000085b00000, 0x0000000085b00000, 0x0000000085c00000|  0%| F|  |TAMS 0x0000000085b00000, 0x0000000085b00000| Untracked 
|  60|0x0000000085c00000, 0x0000000085c00000, 0x0000000085d00000|  0%| F|  |TAMS 0x0000000085c00000, 0x0000000085c00000| Untracked 
|  61|0x0000000085d00000, 0x0000000085d00000, 0x0000000085e00000|  0%| F|  |TAMS 0x0000000085d00000, 0x0000000085d00000| Untracked 
|  62|0x0000000085e00000, 0x0000000085e00000, 0x0000000085f00000|  0%| F|  |TAMS 0x0000000085e00000, 0x0000000085e00000| Untracked 
|  63|0x0000000085f00000, 0x0000000085f00000, 0x0000000086000000|  0%| F|  |TAMS 0x0000000085f00000, 0x0000000085f00000| Untracked 
|  64|0x0000000086000000, 0x0000000086000000, 0x0000000086100000|  0%| F|  |TAMS 0x0000000086000000, 0x0000000086000000| Untracked 
|  65|0x0000000086100000, 0x0000000086100000, 0x0000000086200000|  0%| F|  |TAMS 0x0000000086100000, 0x0000000086100000| Untracked 
|  66|0x0000000086200000, 0x0000000086200000, 0x0000000086300000|  0%| F|  |TAMS 0x0000000086200000, 0x0000000086200000| Untracked 
|  67|0x0000000086300000, 0x0000000086300000, 0x0000000086400000|  0%| F|  |TAMS 0x0000000086300000, 0x0000000086300000| Untracked 
|  68|0x0000000086400000, 0x0000000086400000, 0x0000000086500000|  0%| F|  |TAMS 0x0000000086400000, 0x0000000086400000| Untracked 
|  69|0x0000000086500000, 0x0000000086537370, 0x0000000086600000| 21%| S|CS|TAMS 0x0000000086500000, 0x0000000086500000| Complete 
|  70|0x0000000086600000, 0x0000000086700000, 0x0000000086700000|100%| S|CS|TAMS 0x0000000086600000, 0x0000000086600000| Complete 
|  71|0x0000000086700000, 0x0000000086800000, 0x0000000086800000|100%| S|CS|TAMS 0x0000000086700000, 0x0000000086700000| Complete 
|  72|0x0000000086800000, 0x0000000086900000, 0x0000000086900000|100%| S|CS|TAMS 0x0000000086800000, 0x0000000086800000| Complete 
|  73|0x0000000086900000, 0x0000000086a00000, 0x0000000086a00000|100%| S|CS|TAMS 0x0000000086900000, 0x0000000086900000| Complete 
|  74|0x0000000086a00000, 0x0000000086b00000, 0x0000000086b00000|100%| S|CS|TAMS 0x0000000086a00000, 0x0000000086a00000| Complete 
|  75|0x0000000086b00000, 0x0000000086c00000, 0x0000000086c00000|100%| S|CS|TAMS 0x0000000086b00000, 0x0000000086b00000| Complete 
|  76|0x0000000086c00000, 0x0000000086c00000, 0x0000000086d00000|  0%| F|  |TAMS 0x0000000086c00000, 0x0000000086c00000| Untracked 
|  77|0x0000000086d00000, 0x0000000086d00000, 0x0000000086e00000|  0%| F|  |TAMS 0x0000000086d00000, 0x0000000086d00000| Untracked 
|  78|0x0000000086e00000, 0x0000000086e00000, 0x0000000086f00000|  0%| F|  |TAMS 0x0000000086e00000, 0x0000000086e00000| Untracked 
|  79|0x0000000086f00000, 0x0000000086f00000, 0x0000000087000000|  0%| F|  |TAMS 0x0000000086f00000, 0x0000000086f00000| Untracked 
|  80|0x0000000087000000, 0x0000000087000000, 0x0000000087100000|  0%| F|  |TAMS 0x0000000087000000, 0x0000000087000000| Untracked 
|  81|0x0000000087100000, 0x0000000087100000, 0x0000000087200000|  0%| F|  |TAMS 0x0000000087100000, 0x0000000087100000| Untracked 
|  82|0x0000000087200000, 0x0000000087200000, 0x0000000087300000|  0%| F|  |TAMS 0x0000000087200000, 0x0000000087200000| Untracked 
|  83|0x0000000087300000, 0x0000000087300000, 0x0000000087400000|  0%| F|  |TAMS 0x0000000087300000, 0x0000000087300000| Untracked 
|  84|0x0000000087400000, 0x0000000087400000, 0x0000000087500000|  0%| F|  |TAMS 0x0000000087400000, 0x0000000087400000| Untracked 
|  85|0x0000000087500000, 0x0000000087500000, 0x0000000087600000|  0%| F|  |TAMS 0x0000000087500000, 0x0000000087500000| Untracked 
|  86|0x0000000087600000, 0x0000000087600000, 0x0000000087700000|  0%| F|  |TAMS 0x0000000087600000, 0x0000000087600000| Untracked 
|  87|0x0000000087700000, 0x0000000087700000, 0x0000000087800000|  0%| F|  |TAMS 0x0000000087700000, 0x0000000087700000| Untracked 
|  88|0x0000000087800000, 0x0000000087800000, 0x0000000087900000|  0%| F|  |TAMS 0x0000000087800000, 0x0000000087800000| Untracked 
|  89|0x0000000087900000, 0x0000000087900000, 0x0000000087a00000|  0%| F|  |TAMS 0x0000000087900000, 0x0000000087900000| Untracked 
|  90|0x0000000087a00000, 0x0000000087a00000, 0x0000000087b00000|  0%| F|  |TAMS 0x0000000087a00000, 0x0000000087a00000| Untracked 
|  91|0x0000000087b00000, 0x0000000087b00000, 0x0000000087c00000|  0%| F|  |TAMS 0x0000000087b00000, 0x0000000087b00000| Untracked 
|  92|0x0000000087c00000, 0x0000000087c00000, 0x0000000087d00000|  0%| F|  |TAMS 0x0000000087c00000, 0x0000000087c00000| Untracked 
|  93|0x0000000087d00000, 0x0000000087d00000, 0x0000000087e00000|  0%| F|  |TAMS 0x0000000087d00000, 0x0000000087d00000| Untracked 
|  94|0x0000000087e00000, 0x0000000087e00000, 0x0000000087f00000|  0%| F|  |TAMS 0x0000000087e00000, 0x0000000087e00000| Untracked 
|  95|0x0000000087f00000, 0x0000000087f00000, 0x0000000088000000|  0%| F|  |TAMS 0x0000000087f00000, 0x0000000087f00000| Untracked 
|  96|0x0000000088000000, 0x0000000088000000, 0x0000000088100000|  0%| F|  |TAMS 0x0000000088000000, 0x0000000088000000| Untracked 
|  97|0x0000000088100000, 0x0000000088100000, 0x0000000088200000|  0%| F|  |TAMS 0x0000000088100000, 0x0000000088100000| Untracked 
|  98|0x0000000088200000, 0x0000000088200000, 0x0000000088300000|  0%| F|  |TAMS 0x0000000088200000, 0x0000000088200000| Untracked 
|  99|0x0000000088300000, 0x0000000088300000, 0x0000000088400000|  0%| F|  |TAMS 0x0000000088300000, 0x0000000088300000| Untracked 
| 100|0x0000000088400000, 0x0000000088400000, 0x0000000088500000|  0%| F|  |TAMS 0x0000000088400000, 0x0000000088400000| Untracked 
| 101|0x0000000088500000, 0x0000000088500000, 0x0000000088600000|  0%| F|  |TAMS 0x0000000088500000, 0x0000000088500000| Untracked 
| 102|0x0000000088600000, 0x0000000088600000, 0x0000000088700000|  0%| F|  |TAMS 0x0000000088600000, 0x0000000088600000| Untracked 
| 103|0x0000000088700000, 0x0000000088700000, 0x0000000088800000|  0%| F|  |TAMS 0x0000000088700000, 0x0000000088700000| Untracked 
| 104|0x0000000088800000, 0x0000000088800000, 0x0000000088900000|  0%| F|  |TAMS 0x0000000088800000, 0x0000000088800000| Untracked 
| 105|0x0000000088900000, 0x0000000088900000, 0x0000000088a00000|  0%| F|  |TAMS 0x0000000088900000, 0x0000000088900000| Untracked 
| 106|0x0000000088a00000, 0x0000000088a00000, 0x0000000088b00000|  0%| F|  |TAMS 0x0000000088a00000, 0x0000000088a00000| Untracked 
| 107|0x0000000088b00000, 0x0000000088b00000, 0x0000000088c00000|  0%| F|  |TAMS 0x0000000088b00000, 0x0000000088b00000| Untracked 
| 108|0x0000000088c00000, 0x0000000088c00000, 0x0000000088d00000|  0%| F|  |TAMS 0x0000000088c00000, 0x0000000088c00000| Untracked 
| 109|0x0000000088d00000, 0x0000000088d00000, 0x0000000088e00000|  0%| F|  |TAMS 0x0000000088d00000, 0x0000000088d00000| Untracked 
| 110|0x0000000088e00000, 0x0000000088e00000, 0x0000000088f00000|  0%| F|  |TAMS 0x0000000088e00000, 0x0000000088e00000| Untracked 
| 111|0x0000000088f00000, 0x0000000088f00000, 0x0000000089000000|  0%| F|  |TAMS 0x0000000088f00000, 0x0000000088f00000| Untracked 
| 112|0x0000000089000000, 0x0000000089000000, 0x0000000089100000|  0%| F|  |TAMS 0x0000000089000000, 0x0000000089000000| Untracked 
| 113|0x0000000089100000, 0x0000000089100000, 0x0000000089200000|  0%| F|  |TAMS 0x0000000089100000, 0x0000000089100000| Untracked 
| 114|0x0000000089200000, 0x0000000089200000, 0x0000000089300000|  0%| F|  |TAMS 0x0000000089200000, 0x0000000089200000| Untracked 
| 115|0x0000000089300000, 0x0000000089300000, 0x0000000089400000|  0%| F|  |TAMS 0x0000000089300000, 0x0000000089300000| Untracked 
| 116|0x0000000089400000, 0x0000000089400000, 0x0000000089500000|  0%| F|  |TAMS 0x0000000089400000, 0x0000000089400000| Untracked 
| 117|0x0000000089500000, 0x0000000089500000, 0x0000000089600000|  0%| F|  |TAMS 0x0000000089500000, 0x0000000089500000| Untracked 
| 118|0x0000000089600000, 0x0000000089600000, 0x0000000089700000|  0%| F|  |TAMS 0x0000000089600000, 0x0000000089600000| Untracked 
| 119|0x0000000089700000, 0x0000000089700000, 0x0000000089800000|  0%| F|  |TAMS 0x0000000089700000, 0x0000000089700000| Untracked 
| 120|0x0000000089800000, 0x0000000089800000, 0x0000000089900000|  0%| F|  |TAMS 0x0000000089800000, 0x0000000089800000| Untracked 
| 121|0x0000000089900000, 0x0000000089900000, 0x0000000089a00000|  0%| F|  |TAMS 0x0000000089900000, 0x0000000089900000| Untracked 
| 122|0x0000000089a00000, 0x0000000089a00000, 0x0000000089b00000|  0%| F|  |TAMS 0x0000000089a00000, 0x0000000089a00000| Untracked 
| 123|0x0000000089b00000, 0x0000000089b00000, 0x0000000089c00000|  0%| F|  |TAMS 0x0000000089b00000, 0x0000000089b00000| Untracked 
| 124|0x0000000089c00000, 0x0000000089c00000, 0x0000000089d00000|  0%| F|  |TAMS 0x0000000089c00000, 0x0000000089c00000| Untracked 
| 125|0x0000000089d00000, 0x0000000089d00000, 0x0000000089e00000|  0%| F|  |TAMS 0x0000000089d00000, 0x0000000089d00000| Untracked 
| 126|0x0000000089e00000, 0x0000000089e00000, 0x0000000089f00000|  0%| F|  |TAMS 0x0000000089e00000, 0x0000000089e00000| Untracked 
| 127|0x0000000089f00000, 0x0000000089f00000, 0x000000008a000000|  0%| F|  |TAMS 0x0000000089f00000, 0x0000000089f00000| Untracked 
| 128|0x000000008a000000, 0x000000008a000000, 0x000000008a100000|  0%| F|  |TAMS 0x000000008a000000, 0x000000008a000000| Untracked 
| 129|0x000000008a100000, 0x000000008a100000, 0x000000008a200000|  0%| F|  |TAMS 0x000000008a100000, 0x000000008a100000| Untracked 
| 130|0x000000008a200000, 0x000000008a200000, 0x000000008a300000|  0%| F|  |TAMS 0x000000008a200000, 0x000000008a200000| Untracked 
| 131|0x000000008a300000, 0x000000008a300000, 0x000000008a400000|  0%| F|  |TAMS 0x000000008a300000, 0x000000008a300000| Untracked 
| 132|0x000000008a400000, 0x000000008a400000, 0x000000008a500000|  0%| F|  |TAMS 0x000000008a400000, 0x000000008a400000| Untracked 
| 133|0x000000008a500000, 0x000000008a500000, 0x000000008a600000|  0%| F|  |TAMS 0x000000008a500000, 0x000000008a500000| Untracked 
| 134|0x000000008a600000, 0x000000008a600000, 0x000000008a700000|  0%| F|  |TAMS 0x000000008a600000, 0x000000008a600000| Untracked 
| 135|0x000000008a700000, 0x000000008a700000, 0x000000008a800000|  0%| F|  |TAMS 0x000000008a700000, 0x000000008a700000| Untracked 
| 136|0x000000008a800000, 0x000000008a800000, 0x000000008a900000|  0%| F|  |TAMS 0x000000008a800000, 0x000000008a800000| Untracked 
| 137|0x000000008a900000, 0x000000008a900000, 0x000000008aa00000|  0%| F|  |TAMS 0x000000008a900000, 0x000000008a900000| Untracked 
| 138|0x000000008aa00000, 0x000000008aa00000, 0x000000008ab00000|  0%| F|  |TAMS 0x000000008aa00000, 0x000000008aa00000| Untracked 
| 139|0x000000008ab00000, 0x000000008ab00000, 0x000000008ac00000|  0%| F|  |TAMS 0x000000008ab00000, 0x000000008ab00000| Untracked 
| 140|0x000000008ac00000, 0x000000008ac00000, 0x000000008ad00000|  0%| F|  |TAMS 0x000000008ac00000, 0x000000008ac00000| Untracked 
| 141|0x000000008ad00000, 0x000000008ad00000, 0x000000008ae00000|  0%| F|  |TAMS 0x000000008ad00000, 0x000000008ad00000| Untracked 
| 142|0x000000008ae00000, 0x000000008ae00000, 0x000000008af00000|  0%| F|  |TAMS 0x000000008ae00000, 0x000000008ae00000| Untracked 
| 143|0x000000008af00000, 0x000000008af00000, 0x000000008b000000|  0%| F|  |TAMS 0x000000008af00000, 0x000000008af00000| Untracked 
| 144|0x000000008b000000, 0x000000008b000000, 0x000000008b100000|  0%| F|  |TAMS 0x000000008b000000, 0x000000008b000000| Untracked 
| 145|0x000000008b100000, 0x000000008b100000, 0x000000008b200000|  0%| F|  |TAMS 0x000000008b100000, 0x000000008b100000| Untracked 
| 146|0x000000008b200000, 0x000000008b200000, 0x000000008b300000|  0%| F|  |TAMS 0x000000008b200000, 0x000000008b200000| Untracked 
| 147|0x000000008b300000, 0x000000008b300000, 0x000000008b400000|  0%| F|  |TAMS 0x000000008b300000, 0x000000008b300000| Untracked 
| 148|0x000000008b400000, 0x000000008b400000, 0x000000008b500000|  0%| F|  |TAMS 0x000000008b400000, 0x000000008b400000| Untracked 
| 149|0x000000008b500000, 0x000000008b500000, 0x000000008b600000|  0%| F|  |TAMS 0x000000008b500000, 0x000000008b500000| Untracked 
| 150|0x000000008b600000, 0x000000008b600000, 0x000000008b700000|  0%| F|  |TAMS 0x000000008b600000, 0x000000008b600000| Untracked 
| 151|0x000000008b700000, 0x000000008b71f240, 0x000000008b800000| 12%| E|  |TAMS 0x000000008b700000, 0x000000008b700000| Complete 

Card table byte_map: [0x0000012be4b50000,0x0000012be4f40000] _byte_map_base: 0x0000012be4740000

Marking Bits (Prev, Next): (CMBitMap*) 0x0000012bcade7db0, (CMBitMap*) 0x0000012bcade7d78
 Prev Bits: [0x0000012be72b0000, 0x0000012be9230000)
 Next Bits: [0x0000012be5330000, 0x0000012be72b0000)

Polling page: 0x0000012bcac50000

Metaspace:

Usage:
  Non-class:     53.77 MB capacity,    52.64 MB ( 98%) used,   924.81 KB (  2%) free+waste,   226.88 KB ( <1%) overhead. 
      Class:      8.02 MB capacity,     7.29 MB ( 91%) used,   630.51 KB (  8%) free+waste,   108.56 KB (  1%) overhead. 
       Both:     61.79 MB capacity,    59.94 MB ( 97%) used,     1.52 MB (  2%) free+waste,   335.44 KB ( <1%) overhead. 

Virtual space:
  Non-class space:       54.00 MB reserved,      53.92 MB (>99%) committed 
      Class space:        1.00 GB reserved,       8.13 MB ( <1%) committed 
             Both:        1.05 GB reserved,      62.04 MB (  6%) committed 

Chunk freelists:
   Non-Class:  25.00 KB
       Class:  15.00 KB
        Both:  40.00 KB

MaxMetaspaceSize: 17179869184.00 GB
CompressedClassSpaceSize: 1.00 GB
Initial GC threshold: 20.80 MB
Current GC threshold: 97.42 MB
CDS: off

CodeHeap 'non-profiled nmethods': size=238336Kb used=9393Kb max_used=9393Kb free=228942Kb
 bounds [0x0000012bd5440000, 0x0000012bd5d70000, 0x0000012be3d00000]
CodeHeap 'non-nmethods': size=7424Kb used=1395Kb max_used=1395Kb free=6028Kb
 bounds [0x0000012bd4d00000, 0x0000012bd4f70000, 0x0000012bd5440000]
 total_blobs=6240 nmethods=5614 adapters=560
 compilation: enabled
              stopped_count=0, restarted_count=0
 full_count=0

Compilation events (20 events):
Event: 18.168 Thread 0x0000012bec5a1000 nmethod 5604 0x0000012bd5d63c90 code [0x0000012bd5d63e40, 0x0000012bd5d63ef8]
Event: 18.168 Thread 0x0000012bec5a1000 5605       1       nonapi.io.github.classgraph.fastzipfilereader.FastZipEntry::compareTo (9 bytes)
Event: 18.168 Thread 0x0000012bec5a1000 nmethod 5605 0x0000012bd5d63f90 code [0x0000012bd5d64140, 0x0000012bd5d64268]
Event: 18.168 Thread 0x0000012bec5a1000 5606       1       nonapi.io.github.classgraph.fastzipfilereader.FastZipEntry::compareTo (90 bytes)
Event: 18.169 Thread 0x0000012bec5a1000 nmethod 5606 0x0000012bd5d64310 code [0x0000012bd5d644e0, 0x0000012bd5d646f8]
Event: 18.169 Thread 0x0000012bec5a1000 5607       1       java.util.ComparableTimSort::countRunAndMakeAscending (123 bytes)
Event: 18.169 Thread 0x0000012bec5a1000 nmethod 5607 0x0000012bd5d64890 code [0x0000012bd5d64aa0, 0x0000012bd5d65048]
Event: 18.172 Thread 0x0000012bec5a1000 5608       1       java.io.File::hashCode (8 bytes)
Event: 18.172 Thread 0x0000012bec5a1000 nmethod 5608 0x0000012bd5d65390 code [0x0000012bd5d65560, 0x0000012bd5d656e8]
Event: 18.172 Thread 0x0000012bec5a1000 5609       1       java.io.WinNTFileSystem::hashCode (17 bytes)
Event: 18.172 Thread 0x0000012bec5a1000 nmethod 5609 0x0000012bd5d65890 code [0x0000012bd5d65a60, 0x0000012bd5d65be8]
Event: 18.173 Thread 0x0000012bec5a1000 5610       1       java.lang.invoke.VarHandleGuards::guard_LI_I (63 bytes)
Event: 18.174 Thread 0x0000012bec5a1000 nmethod 5610 0x0000012bd5d66010 code [0x0000012bd5d66260, 0x0000012bd5d66868]
Event: 18.174 Thread 0x0000012bec5a1000 5611       1       java.lang.invoke.VarHandleInts$FieldInstanceReadWrite::getAndSet (23 bytes)
Event: 18.174 Thread 0x0000012bec5a1000 nmethod 5611 0x0000012bd5d66d90 code [0x0000012bd5d66f80, 0x0000012bd5d67228]
Event: 18.174 Thread 0x0000012bec5a1000 5613       1       sun.nio.fs.WindowsPath::hashCode (52 bytes)
Event: 18.174 Thread 0x0000012bec5a1000 nmethod 5613 0x0000012bd5d67410 code [0x0000012bd5d67600, 0x0000012bd5d67918]
Event: 18.176 Thread 0x0000012bec5a1000 5614 %     1       nonapi.io.github.classgraph.fastzipfilereader.LogicalZipFile::parseManifest @ 967 (1070 bytes)
Event: 18.179 Thread 0x0000012bec5a1000 nmethod 5614% 0x0000012bd5d67b90 code [0x0000012bd5d68380, 0x0000012bd5d6ad68]
Event: 18.179 Thread 0x0000012bec5a1000 5615 % !   1       io.github.classgraph.ClasspathElementZip::open @ 583 (1079 bytes)

GC Heap History (20 events):
Event: 1.714 GC heap before
{Heap before GC invocations=1 (full 0):
 garbage-first heap   total 129024K, used 26120K [0x0000000082000000, 0x0000000100000000)
  region size 1024K, 20 young (20480K), 3 survivors (3072K)
 Metaspace       used 14297K, capacity 14673K, committed 14848K, reserved 1062912K
  class space    used 1549K, capacity 1683K, committed 1792K, reserved 1048576K
}
Event: 1.719 GC heap after
{Heap after GC invocations=2 (full 0):
 garbage-first heap   total 129024K, used 9344K [0x0000000082000000, 0x0000000100000000)
  region size 1024K, 1 young (1024K), 1 survivors (1024K)
 Metaspace       used 14297K, capacity 14673K, committed 14848K, reserved 1062912K
  class space    used 1549K, capacity 1683K, committed 1792K, reserved 1048576K
}
Event: 2.681 GC heap before
{Heap before GC invocations=2 (full 0):
 garbage-first heap   total 129024K, used 52352K [0x0000000082000000, 0x0000000100000000)
  region size 1024K, 44 young (45056K), 1 survivors (1024K)
 Metaspace       used 20451K, capacity 21025K, committed 21248K, reserved 1069056K
  class space    used 2310K, capacity 2540K, committed 2560K, reserved 1048576K
}
Event: 2.687 GC heap after
{Heap after GC invocations=3 (full 0):
 garbage-first heap   total 129024K, used 11807K [0x0000000082000000, 0x0000000100000000)
  region size 1024K, 3 young (3072K), 3 survivors (3072K)
 Metaspace       used 20451K, capacity 21025K, committed 21248K, reserved 1069056K
  class space    used 2310K, capacity 2540K, committed 2560K, reserved 1048576K
}
Event: 3.633 GC heap before
{Heap before GC invocations=4 (full 0):
 garbage-first heap   total 129024K, used 66079K [0x0000000082000000, 0x0000000100000000)
  region size 1024K, 56 young (57344K), 3 survivors (3072K)
 Metaspace       used 27576K, capacity 28522K, committed 28800K, reserved 1075200K
  class space    used 3226K, capacity 3594K, committed 3712K, reserved 1048576K
}
Event: 3.642 GC heap after
{Heap after GC invocations=5 (full 0):
 garbage-first heap   total 129024K, used 13715K [0x0000000082000000, 0x0000000100000000)
  region size 1024K, 5 young (5120K), 5 survivors (5120K)
 Metaspace       used 27576K, capacity 28522K, committed 28800K, reserved 1075200K
  class space    used 3226K, capacity 3594K, committed 3712K, reserved 1048576K
}
Event: 4.417 GC heap before
{Heap before GC invocations=5 (full 0):
 garbage-first heap   total 129024K, used 74131K [0x0000000082000000, 0x0000000100000000)
  region size 1024K, 64 young (65536K), 5 survivors (5120K)
 Metaspace       used 31571K, capacity 32594K, committed 32896K, reserved 1077248K
  class space    used 3702K, capacity 4122K, committed 4224K, reserved 1048576K
}
Event: 4.429 GC heap after
{Heap after GC invocations=6 (full 0):
 garbage-first heap   total 129024K, used 16067K [0x0000000082000000, 0x0000000100000000)
  region size 1024K, 5 young (5120K), 5 survivors (5120K)
 Metaspace       used 31571K, capacity 32594K, committed 32896K, reserved 1077248K
  class space    used 3702K, capacity 4122K, committed 4224K, reserved 1048576K
}
Event: 5.454 GC heap before
{Heap before GC invocations=6 (full 0):
 garbage-first heap   total 129024K, used 69315K [0x0000000082000000, 0x0000000100000000)
  region size 1024K, 59 young (60416K), 5 survivors (5120K)
 Metaspace       used 34326K, capacity 35510K, committed 35628K, reserved 1081344K
  class space    used 3992K, capacity 4450K, committed 4480K, reserved 1048576K
}
Event: 5.467 GC heap after
{Heap after GC invocations=7 (full 0):
 garbage-first heap   total 129024K, used 17114K [0x0000000082000000, 0x0000000100000000)
  region size 1024K, 6 young (6144K), 6 survivors (6144K)
 Metaspace       used 34326K, capacity 35510K, committed 35628K, reserved 1081344K
  class space    used 3992K, capacity 4450K, committed 4480K, reserved 1048576K
}
Event: 6.829 GC heap before
{Heap before GC invocations=8 (full 0):
 garbage-first heap   total 129024K, used 84698K [0x0000000082000000, 0x0000000100000000)
  region size 1024K, 72 young (73728K), 6 survivors (6144K)
 Metaspace       used 38880K, capacity 40186K, committed 40492K, reserved 1085440K
  class space    used 4631K, capacity 5147K, committed 5248K, reserved 1048576K
}
Event: 6.843 GC heap after
{Heap after GC invocations=9 (full 0):
 garbage-first heap   total 155648K, used 19395K [0x0000000082000000, 0x0000000100000000)
  region size 1024K, 6 young (6144K), 6 survivors (6144K)
 Metaspace       used 38880K, capacity 40186K, committed 40492K, reserved 1085440K
  class space    used 4631K, capacity 5147K, committed 5248K, reserved 1048576K
}
Event: 9.822 GC heap before
{Heap before GC invocations=9 (full 0):
 garbage-first heap   total 155648K, used 106435K [0x0000000082000000, 0x0000000100000000)
  region size 1024K, 91 young (93184K), 6 survivors (6144K)
 Metaspace       used 45853K, capacity 47408K, committed 47532K, reserved 1091584K
  class space    used 5514K, capacity 6134K, committed 6144K, reserved 1048576K
}
Event: 9.839 GC heap after
{Heap after GC invocations=10 (full 0):
 garbage-first heap   total 155648K, used 23231K [0x0000000082000000, 0x0000000100000000)
  region size 1024K, 10 young (10240K), 10 survivors (10240K)
 Metaspace       used 45853K, capacity 47408K, committed 47532K, reserved 1091584K
  class space    used 5514K, capacity 6134K, committed 6144K, reserved 1048576K
}
Event: 13.591 GC heap before
{Heap before GC invocations=10 (full 0):
 garbage-first heap   total 155648K, used 111295K [0x0000000082000000, 0x0000000100000000)
  region size 1024K, 91 young (93184K), 10 survivors (10240K)
 Metaspace       used 54283K, capacity 55921K, committed 56108K, reserved 1097728K
  class space    used 6512K, capacity 7174K, committed 7296K, reserved 1048576K
}
Event: 13.620 GC heap after
{Heap after GC invocations=11 (full 0):
 garbage-first heap   total 155648K, used 26820K [0x0000000082000000, 0x0000000100000000)
  region size 1024K, 8 young (8192K), 8 survivors (8192K)
 Metaspace       used 54283K, capacity 55921K, committed 56108K, reserved 1097728K
  class space    used 6512K, capacity 7174K, committed 7296K, reserved 1048576K
}
Event: 16.535 GC heap before
{Heap before GC invocations=11 (full 0):
 garbage-first heap   total 155648K, used 63684K [0x0000000082000000, 0x0000000100000000)
  region size 1024K, 45 young (46080K), 8 survivors (8192K)
 Metaspace       used 57808K, capacity 59546K, committed 59596K, reserved 1101824K
  class space    used 6954K, capacity 7656K, committed 7680K, reserved 1048576K
}
Event: 16.553 GC heap after
{Heap after GC invocations=12 (full 0):
 garbage-first heap   total 155648K, used 33141K [0x0000000082000000, 0x0000000100000000)
  region size 1024K, 10 young (10240K), 10 survivors (10240K)
 Metaspace       used 57808K, capacity 59546K, committed 59596K, reserved 1101824K
  class space    used 6954K, capacity 7656K, committed 7680K, reserved 1048576K
}
Event: 18.186 GC heap before
{Heap before GC invocations=13 (full 0):
 garbage-first heap   total 155648K, used 99701K [0x0000000082000000, 0x0000000100000000)
  region size 1024K, 76 young (77824K), 10 survivors (10240K)
 Metaspace       used 61377K, capacity 63268K, committed 63532K, reserved 1103872K
  class space    used 7469K, capacity 8209K, committed 8320K, reserved 1048576K
}
Event: 18.206 GC heap after
{Heap after GC invocations=14 (full 0):
 garbage-first heap   total 155648K, used 39033K [0x0000000082000000, 0x0000000100000000)
  region size 1024K, 7 young (7168K), 7 survivors (7168K)
 Metaspace       used 61377K, capacity 63268K, committed 63532K, reserved 1103872K
  class space    used 7469K, capacity 8209K, committed 8320K, reserved 1048576K
}

Deoptimization events (20 events):
Event: 17.910 Thread 0x0000012bcada7800 DEOPT PACKING pc=0x0000012bd57d017c sp=0x00000024e04fbd60
Event: 17.910 Thread 0x0000012bcada7800 DEOPT UNPACKING pc=0x0000012bd4d4a95e sp=0x00000024e04fb298 mode 1
Event: 17.961 Thread 0x0000012bcada7800 DEOPT PACKING pc=0x0000012bd5cf8e9c sp=0x00000024e04f9fb0
Event: 17.961 Thread 0x0000012bcada7800 DEOPT UNPACKING pc=0x0000012bd4d4a95e sp=0x00000024e04f94d8 mode 1
Event: 17.999 Thread 0x0000012bcada7800 DEOPT PACKING pc=0x0000012bd5cf8e9c sp=0x00000024e04f7e90
Event: 17.999 Thread 0x0000012bcada7800 DEOPT UNPACKING pc=0x0000012bd4d4a95e sp=0x00000024e04f73b8 mode 1
Event: 18.003 Thread 0x0000012bcada7800 DEOPT PACKING pc=0x0000012bd5cf8e9c sp=0x00000024e04fa290
Event: 18.003 Thread 0x0000012bcada7800 DEOPT UNPACKING pc=0x0000012bd4d4a95e sp=0x00000024e04f97b8 mode 1
Event: 18.064 Thread 0x0000012bcada7800 DEOPT PACKING pc=0x0000012bd5cf8e9c sp=0x00000024e04f71e0
Event: 18.064 Thread 0x0000012bcada7800 DEOPT UNPACKING pc=0x0000012bd4d4a95e sp=0x00000024e04f6708 mode 1
Event: 18.064 Thread 0x0000012bcada7800 DEOPT PACKING pc=0x0000012bd580e507 sp=0x00000024e04f9c40
Event: 18.064 Thread 0x0000012bcada7800 DEOPT UNPACKING pc=0x0000012bd4d4a95e sp=0x00000024e04f9120 mode 1
Event: 18.067 Thread 0x0000012bcada7800 DEOPT PACKING pc=0x0000012bd580e507 sp=0x00000024e04f9c40
Event: 18.067 Thread 0x0000012bcada7800 DEOPT UNPACKING pc=0x0000012bd4d4a95e sp=0x00000024e04f9120 mode 1
Event: 18.127 Thread 0x0000012b8322f800 DEOPT PACKING pc=0x0000012bd5608b74 sp=0x00000024e5afd060
Event: 18.127 Thread 0x0000012b8322f800 DEOPT UNPACKING pc=0x0000012bd4d4a95e sp=0x00000024e5afc4f8 mode 1
Event: 18.127 Thread 0x0000012b8322f800 DEOPT PACKING pc=0x0000012bd560861c sp=0x00000024e5afd130
Event: 18.127 Thread 0x0000012b8322f800 DEOPT UNPACKING pc=0x0000012bd4d4a95e sp=0x00000024e5afc5e8 mode 1
Event: 18.127 Thread 0x0000012b8322f800 DEOPT PACKING pc=0x0000012bd578ba9c sp=0x00000024e5afdbd0
Event: 18.127 Thread 0x0000012b8322f800 DEOPT UNPACKING pc=0x0000012bd4d4a95e sp=0x00000024e5afd0a0 mode 1

Classes redefined (0 events):
No events

Internal exceptions (20 events):
Event: 18.124 Thread 0x0000012bf0bc8800 Exception <a 'sun/nio/fs/WindowsException'{0x0000000087805e20}> (0x0000000087805e20) thrown at [./src/hotspot/share/prims/jni.cpp, line 617]
Event: 18.124 Thread 0x0000012bf0bc8800 Exception <a 'sun/nio/fs/WindowsException'{0x0000000087806180}> (0x0000000087806180) thrown at [./src/hotspot/share/prims/jni.cpp, line 617]
Event: 18.124 Thread 0x0000012bf0bc8000 Exception <a 'sun/nio/fs/WindowsException'{0x00000000879e4568}> (0x00000000879e4568) thrown at [./src/hotspot/share/prims/jni.cpp, line 617]
Event: 18.125 Thread 0x0000012bf0bc8000 Exception <a 'sun/nio/fs/WindowsException'{0x00000000879e48e0}> (0x00000000879e48e0) thrown at [./src/hotspot/share/prims/jni.cpp, line 617]
Event: 18.125 Thread 0x0000012bf0bc8000 Exception <a 'sun/nio/fs/WindowsException'{0x00000000879e5260}> (0x00000000879e5260) thrown at [./src/hotspot/share/prims/jni.cpp, line 617]
Event: 18.125 Thread 0x0000012bf0bc8000 Exception <a 'sun/nio/fs/WindowsException'{0x00000000879e55a8}> (0x00000000879e55a8) thrown at [./src/hotspot/share/prims/jni.cpp, line 617]
Event: 18.125 Thread 0x0000012bf0bc8000 Exception <a 'sun/nio/fs/WindowsException'{0x00000000879e5f00}> (0x00000000879e5f00) thrown at [./src/hotspot/share/prims/jni.cpp, line 617]
Event: 18.125 Thread 0x0000012bf0bc8000 Exception <a 'sun/nio/fs/WindowsException'{0x00000000879e6210}> (0x00000000879e6210) thrown at [./src/hotspot/share/prims/jni.cpp, line 617]
Event: 18.125 Thread 0x0000012bf0bc8000 Exception <a 'sun/nio/fs/WindowsException'{0x00000000879e6b78}> (0x00000000879e6b78) thrown at [./src/hotspot/share/prims/jni.cpp, line 617]
Event: 18.125 Thread 0x0000012bf0bc8000 Exception <a 'sun/nio/fs/WindowsException'{0x00000000879e6ea0}> (0x00000000879e6ea0) thrown at [./src/hotspot/share/prims/jni.cpp, line 617]
Event: 18.125 Thread 0x0000012bf0bc8000 Exception <a 'sun/nio/fs/WindowsException'{0x00000000879e77f8}> (0x00000000879e77f8) thrown at [./src/hotspot/share/prims/jni.cpp, line 617]
Event: 18.125 Thread 0x0000012bf0bc8000 Exception <a 'sun/nio/fs/WindowsException'{0x00000000879e7b10}> (0x00000000879e7b10) thrown at [./src/hotspot/share/prims/jni.cpp, line 617]
Event: 18.125 Thread 0x0000012bf0bc8000 Exception <a 'sun/nio/fs/WindowsException'{0x00000000879e8478}> (0x00000000879e8478) thrown at [./src/hotspot/share/prims/jni.cpp, line 617]
Event: 18.125 Thread 0x0000012bf0bc8000 Exception <a 'sun/nio/fs/WindowsException'{0x00000000879e87a0}> (0x00000000879e87a0) thrown at [./src/hotspot/share/prims/jni.cpp, line 617]
Event: 18.125 Thread 0x0000012bf0bc8000 Exception <a 'sun/nio/fs/WindowsException'{0x00000000879e9120}> (0x00000000879e9120) thrown at [./src/hotspot/share/prims/jni.cpp, line 617]
Event: 18.125 Thread 0x0000012bf0bc8000 Exception <a 'sun/nio/fs/WindowsException'{0x00000000879e9468}> (0x00000000879e9468) thrown at [./src/hotspot/share/prims/jni.cpp, line 617]
Event: 18.125 Thread 0x0000012bf0bc8000 Exception <a 'sun/nio/fs/WindowsException'{0x00000000879e9e00}> (0x00000000879e9e00) thrown at [./src/hotspot/share/prims/jni.cpp, line 617]
Event: 18.125 Thread 0x0000012bf0bc8000 Exception <a 'sun/nio/fs/WindowsException'{0x00000000879ea160}> (0x00000000879ea160) thrown at [./src/hotspot/share/prims/jni.cpp, line 617]
Event: 18.126 Thread 0x0000012bf0bc8000 Exception <a 'sun/nio/fs/WindowsException'{0x00000000879eaaf0}> (0x00000000879eaaf0) thrown at [./src/hotspot/share/prims/jni.cpp, line 617]
Event: 18.126 Thread 0x0000012bf0bc8000 Exception <a 'sun/nio/fs/WindowsException'{0x00000000879eae48}> (0x00000000879eae48) thrown at [./src/hotspot/share/prims/jni.cpp, line 617]

Events (20 events):
Event: 18.132 loading class nonapi/io/github/classgraph/fileslice/ArraySlice
Event: 18.132 loading class nonapi/io/github/classgraph/fileslice/ArraySlice done
Event: 18.133 loading class nonapi/io/github/classgraph/fileslice/reader/RandomAccessArrayReader
Event: 18.133 loading class nonapi/io/github/classgraph/fileslice/reader/RandomAccessArrayReader done
Event: 18.134 loading class nonapi/io/github/classgraph/utils/StringUtils
Event: 18.134 loading class nonapi/io/github/classgraph/utils/StringUtils done
Event: 18.138 loading class nonapi/io/github/classgraph/fastzipfilereader/FastZipEntry
Event: 18.138 loading class nonapi/io/github/classgraph/fastzipfilereader/FastZipEntry done
Event: 18.139 loading class nonapi/io/github/classgraph/fileslice/Slice$1
Event: 18.139 loading class nonapi/io/github/classgraph/fileslice/Slice$1 done
Event: 18.140 loading class nonapi/io/github/classgraph/fastzipfilereader/NestedJarHandler$8
Event: 18.140 loading class nonapi/io/github/classgraph/fastzipfilereader/NestedJarHandler$8 done
Event: 18.141 loading class nonapi/io/github/classgraph/fastzipfilereader/NestedJarHandler$RecyclableInflater
Event: 18.141 loading class nonapi/io/github/classgraph/fastzipfilereader/NestedJarHandler$RecyclableInflater done
Event: 18.141 loading class nonapi/io/github/classgraph/recycler/Resettable
Event: 18.141 loading class nonapi/io/github/classgraph/recycler/Resettable done
Event: 18.150 Loaded shared library C:\Users\Admin\.jdks\corretto-11.0.17\bin\nio.dll
Event: 18.186 Executing VM operation: G1CollectForAllocation
Event: 18.206 Executing VM operation: G1CollectForAllocation done
Event: 18.206 Executing VM operation: BulkRevokeBias


Dynamic libraries:
0x00007ff602250000 - 0x00007ff60225d000 	C:\Users\Admin\.jdks\corretto-11.0.17\bin\java.exe
0x00007ff9d3e50000 - 0x00007ff9d4048000 	C:\Windows\SYSTEM32\ntdll.dll
0x00007ff9d3630000 - 0x00007ff9d36ef000 	C:\Windows\System32\KERNEL32.DLL
0x00007ff9d1b60000 - 0x00007ff9d1e32000 	C:\Windows\System32\KERNELBASE.dll
0x00007ff9d1540000 - 0x00007ff9d1640000 	C:\Windows\System32\ucrtbase.dll
0x00007ff9ba5d0000 - 0x00007ff9ba5e9000 	C:\Users\Admin\.jdks\corretto-11.0.17\bin\VCRUNTIME140.dll
0x00007ff9ba9b0000 - 0x00007ff9ba9c7000 	C:\Users\Admin\.jdks\corretto-11.0.17\bin\jli.dll
0x00007ff9d2020000 - 0x00007ff9d21c1000 	C:\Windows\System32\USER32.dll
0x00007ff9ba680000 - 0x00007ff9ba91a000 	C:\Windows\WinSxS\amd64_microsoft.windows.common-controls_6595b64144ccf1df_6.0.19041.1110_none_60b5254171f9507e\COMCTL32.dll
0x00007ff9d2de0000 - 0x00007ff9d2e7e000 	C:\Windows\System32\msvcrt.dll
0x00007ff9d1b30000 - 0x00007ff9d1b52000 	C:\Windows\System32\win32u.dll
0x00007ff9d1ea0000 - 0x00007ff9d1ecb000 	C:\Windows\System32\GDI32.dll
0x00007ff9d18d0000 - 0x00007ff9d19df000 	C:\Windows\System32\gdi32full.dll
0x00007ff9d19e0000 - 0x00007ff9d1a7d000 	C:\Windows\System32\msvcp_win.dll
0x00007ff9d2da0000 - 0x00007ff9d2dd2000 	C:\Windows\System32\IMM32.DLL
0x00007ff999060000 - 0x00007ff9990fb000 	C:\Users\Admin\.jdks\corretto-11.0.17\bin\msvcp140.dll
0x00007ff94cd40000 - 0x00007ff94d8c5000 	C:\Users\Admin\.jdks\corretto-11.0.17\bin\server\jvm.dll
0x00007ff9d2700000 - 0x00007ff9d27ae000 	C:\Windows\System32\ADVAPI32.dll
0x00007ff9d3ca0000 - 0x00007ff9d3d3c000 	C:\Windows\System32\sechost.dll
0x00007ff9d2c70000 - 0x00007ff9d2d95000 	C:\Windows\System32\RPCRT4.dll
0x00007ff9d1e90000 - 0x00007ff9d1e98000 	C:\Windows\System32\PSAPI.DLL
0x00007ff9cd000000 - 0x00007ff9cd009000 	C:\Windows\SYSTEM32\WSOCK32.dll
0x00007ff9ae5e0000 - 0x00007ff9ae607000 	C:\Windows\SYSTEM32\WINMM.dll
0x00007ff9c9320000 - 0x00007ff9c932a000 	C:\Windows\SYSTEM32\VERSION.dll
0x00007ff9d3da0000 - 0x00007ff9d3e0b000 	C:\Windows\System32\WS2_32.dll
0x00007ff9cfd50000 - 0x00007ff9cfd62000 	C:\Windows\SYSTEM32\kernel.appcore.dll
0x00007ff9c9330000 - 0x00007ff9c9340000 	C:\Users\Admin\.jdks\corretto-11.0.17\bin\verify.dll
0x00007ff9cf130000 - 0x00007ff9cf314000 	C:\Windows\SYSTEM32\DBGHELP.DLL
0x00007ff9b7e90000 - 0x00007ff9b7ec5000 	C:\Windows\SYSTEM32\dbgcore.DLL
0x00007ff9d1670000 - 0x00007ff9d16f2000 	C:\Windows\System32\bcryptPrimitives.dll
0x00007ff99d0d0000 - 0x00007ff99d0f8000 	C:\Users\Admin\.jdks\corretto-11.0.17\bin\java.dll
0x00007ff9c8df0000 - 0x00007ff9c8dfa000 	C:\Users\Admin\.jdks\corretto-11.0.17\bin\jimage.dll
0x00007ff9ca360000 - 0x00007ff9ca398000 	C:\Users\Admin\.jdks\corretto-11.0.17\bin\jdwp.dll
0x00007ff9c9e50000 - 0x00007ff9c9e5e000 	C:\Users\Admin\.jdks\corretto-11.0.17\bin\instrument.dll
0x00007ff9a6b30000 - 0x00007ff9a6b48000 	C:\Users\Admin\.jdks\corretto-11.0.17\bin\zip.dll
0x00007ff9d2ee0000 - 0x00007ff9d3624000 	C:\Windows\System32\SHELL32.dll
0x00007ff9cf5a0000 - 0x00007ff9cfd32000 	C:\Windows\SYSTEM32\windows.storage.dll
0x00007ff9d21d0000 - 0x00007ff9d2525000 	C:\Windows\System32\combase.dll
0x00007ff9d0ec0000 - 0x00007ff9d0ef0000 	C:\Windows\SYSTEM32\Wldp.dll
0x00007ff9d3780000 - 0x00007ff9d382d000 	C:\Windows\System32\SHCORE.dll
0x00007ff9d3d40000 - 0x00007ff9d3d95000 	C:\Windows\System32\shlwapi.dll
0x00007ff9d1480000 - 0x00007ff9d149f000 	C:\Windows\SYSTEM32\profapi.dll
0x00007ff9c9e40000 - 0x00007ff9c9e4a000 	C:\Users\Admin\.jdks\corretto-11.0.17\bin\dt_socket.dll
0x00007ff9d0ca0000 - 0x00007ff9d0d0a000 	C:\Windows\system32\mswsock.dll
0x00007ff9a60d0000 - 0x00007ff9a60e9000 	C:\Users\Admin\.jdks\corretto-11.0.17\bin\net.dll
0x00007ff9c9670000 - 0x00007ff9c977c000 	C:\Windows\SYSTEM32\WINHTTP.dll
0x00007ff99e220000 - 0x00007ff99e233000 	C:\Users\Admin\.jdks\corretto-11.0.17\bin\nio.dll
0x00007ff9d09b0000 - 0x00007ff9d0a7a000 	C:\Windows\SYSTEM32\DNSAPI.dll
0x00007ff9d0960000 - 0x00007ff9d099b000 	C:\Windows\SYSTEM32\IPHLPAPI.DLL
0x00007ff9d1f30000 - 0x00007ff9d1f38000 	C:\Windows\System32\NSI.dll
0x00007ff9c9bb0000 - 0x00007ff9c9bba000 	C:\Windows\System32\rasadhlp.dll
0x00007ff9c4b10000 - 0x00007ff9c4b90000 	C:\Windows\System32\fwpuclnt.dll
0x00007ff9d1640000 - 0x00007ff9d1667000 	C:\Windows\System32\bcrypt.dll
0x00007ff9bc550000 - 0x00007ff9bc559000 	C:\Users\Admin\.jdks\corretto-11.0.17\bin\management.dll
0x00007ff9bc300000 - 0x00007ff9bc30b000 	C:\Users\Admin\.jdks\corretto-11.0.17\bin\management_ext.dll
0x00007ff9d0f00000 - 0x00007ff9d0f18000 	C:\Windows\SYSTEM32\CRYPTSP.dll
0x00007ff9d0570000 - 0x00007ff9d05a4000 	C:\Windows\system32\rsaenh.dll
0x00007ff9d1400000 - 0x00007ff9d142e000 	C:\Windows\SYSTEM32\USERENV.dll
0x00007ff9d0e30000 - 0x00007ff9d0e3c000 	C:\Windows\SYSTEM32\CRYPTBASE.dll
0x00007ff9c9920000 - 0x00007ff9c9937000 	C:\Windows\SYSTEM32\dhcpcsvc6.DLL
0x00007ff9c98c0000 - 0x00007ff9c98dd000 	C:\Windows\SYSTEM32\dhcpcsvc.DLL
0x00007ff99e9c0000 - 0x00007ff99e9d7000 	C:\Windows\system32\napinsp.dll
0x00007ff99e9a0000 - 0x00007ff99e9bb000 	C:\Windows\system32\pnrpnsp.dll
0x00007ff9cc2b0000 - 0x00007ff9cc2c5000 	C:\Windows\system32\wshbth.dll
0x00007ff9ccdb0000 - 0x00007ff9ccdcd000 	C:\Windows\system32\NLAapi.dll
0x00007ff99e980000 - 0x00007ff99e992000 	C:\Windows\System32\winrnr.dll

dbghelp: loaded successfully - version: 4.0.5 - missing functions: none
symbol engine: initialized successfully - sym options: 0x614 - pdb path: .;C:\Users\Admin\.jdks\corretto-11.0.17\bin;C:\Windows\SYSTEM32;C:\Windows\WinSxS\amd64_microsoft.windows.common-controls_6595b64144ccf1df_6.0.19041.1110_none_60b5254171f9507e;C:\Users\Admin\.jdks\corretto-11.0.17\bin\server

VM Arguments:
jvm_args: -agentlib:jdwp=transport=dt_socket,address=127.0.0.1:63394,suspend=y,server=n -XX:TieredStopAtLevel=1 -Xverify:none -Dspring.output.ansi.enabled=always -Dcom.sun.management.jmxremote -Dspring.jmx.enabled=true -Dspring.liveBeansView.mbeanDomain -Dspring.application.admin.enabled=true -Dmanagement.endpoints.jmx.exposure.include=* -javaagent:C:\Users\Admin\AppData\Local\JetBrains\IntelliJIdea2022.3\captureAgent\debugger-agent.jar=file:/C:/Users/Admin/AppData/Local/Temp/capture.props -Dfile.encoding=UTF-8 
java_command: com.tass.apigw.ApiGwApplication
java_class_path (initial): D:\Batch_4\tasc_training\moi\microservice_smart\api-gw\build\classes\java\main;D:\Batch_4\tasc_training\moi\microservice_smart\api-gw\build\resources\main;C:\Users\Admin\.gradle\caches\modules-2\files-2.1\org.projectlombok\lombok\1.18.22\9c08ea24c6eb714e2d6170e8122c069a0ba9aacf\lombok-1.18.22.jar;C:\Users\Admin\.gradle\caches\modules-2\files-2.1\org.springframework.boot\spring-boot-configuration-processor\2.6.6\f4b65c31c47798e79dd8ede03930f3e8775f0576\spring-boot-configuration-processor-2.6.6.jar;D:\Batch_4\tasc_training\moi\microservice_smart\common\build\classes\java\main;C:\Users\Admin\.gradle\caches\modules-2\files-2.1\org.apache.commons\commons-lang3\3.12.0\c6842c86792ff03b9f1d1fe2aab8dc23aa6c6f0e\commons-lang3-3.12.0.jar;C:\Users\Admin\.gradle\caches\modules-2\files-2.1\org.springframework.cloud\spring-cloud-starter-netflix-zuul\2.2.10.RELEASE\7ecfdd2b9faebfa524997bb4e371b08dd7463cab\spring-cloud-starter-netflix-zuul-2.2.10.RELEASE.jar;C:\Users\Admin\.gradle\caches\modules-2\files-2.1\org.springframework.boot\spring-boot-starter-web\2.6.2\685b236afc0144a52383cd2c52731dd016f9badd\spring-boot-starter-web-2.6.2.jar;C:\Users\Admin\.gradle\caches\modules-2\files-2.1\org.springframework.boot\spring-boot-starter-log4j2\2.6.2\3c02e16d4ef4cd27da654ce7b635ed404f693506\spring-boot-starter-log4j2-2.6.2.jar;C:\Users\Admin\.gradle\caches\modules-2\files-2.1\org.springframework.boot\spring-boot-starter-data-redis\2.6.6\ffe0f27d44a16ab6be555ebabf678982afe37541\spring-boot-starter-data-redis-2.6.6.jar;C:\Users\Admin\.gradle\caches\modules-2\files-2.1\org.redisson\redisson-spring-data-26\3.18.1\ae978907d4ec57eeea268e98baab1ef35c4fea46\redisson-spring-data-26-3.18.1.jar;C:\Users\Admin\.gradle\caches\modules-2\files-2.1\redis.clients\jedis\3.9.0\567a2c54db3e1564c63d1c5f6a1b45d7d35198ba\jedis-3.9.0.jar;C:\Users\Admin\.gradle\caches\modules-2\files-2.1\org.springframework.boot\spring-boot-starter-security\2.6.2\43ee0478a25124223e4bc0300d94239f96086253\s
Launcher Type: SUN_STANDARD

[Global flags]
     bool BytecodeVerificationLocal                = false                                     {product} {command line}
     bool BytecodeVerificationRemote               = false                                     {product} {command line}
     intx CICompilerCount                          = 4                                         {product} {ergonomic}
     uint ConcGCThreads                            = 2                                         {product} {ergonomic}
     uint G1ConcRefinementThreads                  = 8                                         {product} {ergonomic}
   size_t G1HeapRegionSize                         = 1048576                                   {product} {ergonomic}
    uintx GCDrainStackTargetSize                   = 64                                        {product} {ergonomic}
   size_t InitialHeapSize                          = 132120576                                 {product} {ergonomic}
     bool ManagementServer                         = true                                      {product} {command line}
   size_t MarkStackSize                            = 4194304                                   {product} {ergonomic}
   size_t MaxHeapSize                              = 2113929216                                {product} {ergonomic}
   size_t MaxNewSize                               = 1267728384                                {product} {ergonomic}
   size_t MinHeapDeltaBytes                        = 1048576                                   {product} {ergonomic}
    uintx NonNMethodCodeHeapSize                   = 7549744                                {pd product} {ergonomic}
    uintx NonProfiledCodeHeapSize                  = 244108496                              {pd product} {ergonomic}
    uintx ProfiledCodeHeapSize                     = 0                                      {pd product} {ergonomic}
    uintx ReservedCodeCacheSize                    = 251658240                              {pd product} {ergonomic}
     bool SegmentedCodeCache                       = true                                      {product} {ergonomic}
     intx TieredStopAtLevel                        = 1                                         {product} {command line}
     bool UseCompressedClassPointers               = true                                 {lp64_product} {ergonomic}
     bool UseCompressedOops                        = true                                 {lp64_product} {ergonomic}
     bool UseG1GC                                  = true                                      {product} {ergonomic}
     bool UseLargePagesIndividualAllocation        = false                                  {pd product} {ergonomic}

Logging:
Log output configuration:
 #0: stdout all=warning uptime,level,tags
 #1: stderr all=off uptime,level,tags

Environment Variables:
PATH=C:\Program Files (x86)\Common Files\Oracle\Java\javapath;C:\Windows\system32;C:\Windows;C:\Windows\System32\Wbem;C:\Windows\System32\WindowsPowerShell\v1.0\;C:\Windows\System32\OpenSSH\;C:\Program Files\Microsoft SQL Server\130\Tools\Binn\;C:\Program Files\Microsoft SQL Server\Client SDK\ODBC\170\Tools\Binn\;C:\Program Files\Azure Data Studio\bin;C:\Program Files (x86)\Microsoft SQL Server\150\Tools\Binn\;C:\Program Files\Microsoft SQL Server\150\Tools\Binn\;C:\Program Files\Microsoft SQL Server\150\DTS\Binn\;C:\Program Files (x86)\Microsoft SQL Server\150\DTS\Binn\;D:\XAMPP\php;D:\Composer;C:\Program Files\nodejs\;C:\Program Files\Microsoft SQL Server Migration Assistant for MySQL\bin\;D:\Git\cmd;C:\Program Files\Docker\Docker\resources\bin;C:\Program Files\MySQL\MySQL Shell 8.0\bin\;C:\Users\Admin\AppData\Local\Microsoft\WindowsApps;C:\Users\Admin\AppData\Local\GitHubDesktop\bin;C:\Program Files\Azure Data Studio\bin;C:\Users\Admin\AppData\Roaming\Composer\vendor\bin;C:\Users\Admin\AppData\Roaming\npm;C:\Users\Admin\AppData\Local\Programs\Microsoft VS Code\bin;C:\Program Files\heroku\bin;D:\grid_database\DataGrip 2022.2.5\bin;;C:\Program Files\JetBrains\IntelliJ IDEA 2022.3.1\bin;
USERNAME=Admin
OS=Windows_NT
PROCESSOR_IDENTIFIER=Intel64 Family 6 Model 165 Stepping 2, GenuineIntel
TMP=C:\Users\Admin\AppData\Local\Temp
TEMP=C:\Users\Admin\AppData\Local\Temp



---------------  S Y S T E M  ---------------

OS: Windows 10 , 64 bit Build 19041 (10.0.19041.2364)
OS uptime: 0 days 9:39 hours
Hyper-V role detected

CPU:total 8 (initial active 8) (4 cores per cpu, 2 threads per core) family 6 model 165 stepping 2 microcode 0xea, cmov, cx8, fxsr, mmx, sse, sse2, sse3, ssse3, sse4.1, sse4.2, popcnt, avx, avx2, aes, clmul, erms, 3dnowpref, lzcnt, ht, tsc, tscinvbit, bmi1, bmi2, adx, fma

Memory: 4k page, system-wide physical 8059M (57M free)
TotalPageFile size 20347M (AvailPageFile size 1M)
current process WorkingSet (physical memory assigned to process): 400M, peak: 424M
current process commit charge ("private bytes"): 600M, peak: 600M

vm_info: OpenJDK 64-Bit Server VM (11.0.17+8-LTS) for windows-amd64 JRE (11.0.17+8-LTS), built on Oct 14 2022 18:02:01 by "Administrator" with MS VC++ 15.9 (VS2017)

END.
