#
# There is insufficient memory for the Java Runtime Environment to continue.
# Native memory allocation (malloc) failed to allocate 1048576 bytes for AllocateHeap
# Possible reasons:
#   The system is out of physical RAM or swap space
#   The process is running with CompressedOops enabled, and the Java Heap may be blocking the growth of the native heap
# Possible solutions:
#   Reduce memory load on the system
#   Increase physical memory or swap space
#   Check if swap backing store is full
#   Decrease Java heap size (-Xmx/-Xms)
#   Decrease number of Java threads
#   Decrease Java thread stack sizes (-Xss)
#   Set larger code cache with -XX:ReservedCodeCacheSize=
#     placed in the first 4GB address space. The Java Heap base address is the
#     maximum limit for the native heap growth. Please use -XX:HeapBaseMinAddress
#     to set the Java Heap base and to place the Java Heap above 4GB virtual address.
# This output file may be truncated or incomplete.
#
#  Out of Memory Error (./src/hotspot/share/memory/allocation.cpp:46), pid=11728, tid=16064
#
# JRE version: OpenJDK Runtime Environment Corretto-11.0.17.8.1 (11.0.17+8) (build 11.0.17+8-LTS)
# Java VM: OpenJDK 64-Bit Server VM Corretto-11.0.17.8.1 (11.0.17+8-LTS, mixed mode, tiered, compressed oops, g1 gc, windows-amd64)
# No core dump will be written. Minidumps are not enabled by default on client versions of Windows
#

---------------  S U M M A R Y ------------

Command Line: -agentlib:jdwp=transport=dt_socket,address=127.0.0.1:52524,suspend=y,server=n -XX:TieredStopAtLevel=1 -Xverify:none -Dspring.output.ansi.enabled=always -Dcom.sun.management.jmxremote -Dspring.jmx.enabled=true -Dspring.liveBeansView.mbeanDomain -Dspring.application.admin.enabled=true -Dmanagement.endpoints.jmx.exposure.include=* -javaagent:C:\Users\Admin\AppData\Local\JetBrains\IntelliJIdea2022.3\captureAgent\debugger-agent.jar=file:/C:/Users/Admin/AppData/Local/Temp/capture.props -Dfile.encoding=UTF-8 com.tass.productservice.ProductServiceApplication

Host: Intel(R) Core(TM) i5-10300H CPU @ 2.50GHz, 8 cores, 7G,  Windows 10 , 64 bit Build 19041 (10.0.19041.2364)
Time: Fri Jan 13 23:23:07 2023 SE Asia Standard Time elapsed time: 9.006890 seconds (0d 0h 0m 9s)

---------------  T H R E A D  ---------------

Current thread (0x0000026963214800):  VMThread "VM Thread" [stack: 0x000000da8f500000,0x000000da8f600000] [id=16064]

Stack: [0x000000da8f500000,0x000000da8f600000]
[error occurred during error reporting (printing stack bounds), id 0xc0000005, EXCEPTION_ACCESS_VIOLATION (0xc0000005) at pc=0x000002694c9c112d]

Native frames: (J=compiled Java code, j=interpreted, Vv=VM code, C=native code)
V  [jvm.dll+0x61f66a]
V  [jvm.dll+0x7ac889]
V  [jvm.dll+0x7adf78]
V  [jvm.dll+0x7ae5b5]
V  [jvm.dll+0x7ae56b]
V  [jvm.dll+0x61e9f7]
V  [jvm.dll+0x61f108]
C  [ntdll.dll+0xa241f]
C  [ntdll.dll+0x514a4]
C  [ntdll.dll+0xa0f4e]
C  0x000002694c9c112d

VM_Operation (0x000000da8effc310): CollectForMetadataAllocation, mode: safepoint, requested by thread 0x0000026944261800


---------------  P R O C E S S  ---------------

Threads class SMR info:
_java_thread_list=0x0000026965bfdfe0, length=16, elements={
0x0000026944261800, 0x000002696323b800, 0x000002696323d000, 0x0000026963b96800,
0x0000026963b97800, 0x0000026963b9b800, 0x0000026963ba2000, 0x0000026963baa000,
0x0000026963d84800, 0x0000026963e0d800, 0x0000026963e29000, 0x0000026963e2c000,
0x0000026964557800, 0x0000026965064000, 0x0000026965161800, 0x0000026965543800
}

Java Threads: ( => current thread )
  0x0000026944261800 JavaThread "main" [_thread_blocked, id=4716, stack(0x000000da8ef00000,0x000000da8f000000)]
  0x000002696323b800 JavaThread "Reference Handler" daemon [_thread_blocked, id=13964, stack(0x000000da8f600000,0x000000da8f700000)]
  0x000002696323d000 JavaThread "Finalizer" daemon [_thread_blocked, id=9652, stack(0x000000da8f700000,0x000000da8f800000)]
  0x0000026963b96800 JavaThread "Signal Dispatcher" daemon [_thread_blocked, id=9476, stack(0x000000da8f800000,0x000000da8f900000)]
  0x0000026963b97800 JavaThread "Attach Listener" daemon [_thread_blocked, id=15332, stack(0x000000da8f900000,0x000000da8fa00000)]
  0x0000026963b9b800 JavaThread "Service Thread" daemon [_thread_blocked, id=20408, stack(0x000000da8fa00000,0x000000da8fb00000)]
  0x0000026963ba2000 JavaThread "C1 CompilerThread0" daemon [_thread_blocked, id=12232, stack(0x000000da8fb00000,0x000000da8fc00000)]
  0x0000026963baa000 JavaThread "Sweeper thread" daemon [_thread_blocked, id=9560, stack(0x000000da8fc00000,0x000000da8fd00000)]
  0x0000026963d84800 JavaThread "Common-Cleaner" daemon [_thread_blocked, id=2216, stack(0x000000da8fd00000,0x000000da8fe00000)]
  0x0000026963e0d800 JavaThread "JDWP Transport Listener: dt_socket" daemon [_thread_blocked, id=18484, stack(0x000000da8fe00000,0x000000da8ff00000)]
  0x0000026963e29000 JavaThread "JDWP Event Helper Thread" daemon [_thread_blocked, id=19948, stack(0x000000da8ff00000,0x000000da90000000)]
  0x0000026963e2c000 JavaThread "JDWP Command Reader" daemon [_thread_in_native, id=2772, stack(0x000000da90000000,0x000000da90100000)]
  0x0000026964557800 JavaThread "RMI TCP Accept-0" daemon [_thread_in_native, id=3424, stack(0x000000da90100000,0x000000da90200000)]
  0x0000026965064000 JavaThread "RMI TCP Connection(2)-172.31.208.1" daemon [_thread_in_native, id=16180, stack(0x000000da90500000,0x000000da90600000)]
  0x0000026965161800 JavaThread "RMI Scheduler(0)" daemon [_thread_blocked, id=10832, stack(0x000000da90600000,0x000000da90700000)]
  0x0000026965543800 JavaThread "RMI TCP Connection(idle)" daemon [_thread_blocked, id=16540, stack(0x000000da90800000,0x000000da90900000)]

Other Threads:
=>0x0000026963214800 VMThread "VM Thread" [stack: 0x000000da8f500000,0x000000da8f600000] [id=16064]
  0x00000269645b3800 WatcherThread [stack: 0x000000da90200000,0x000000da90300000] [id=15864]
  0x000002694427b800 GCTaskThread "GC Thread#0" [stack: 0x000000da8f000000,0x000000da8f100000] [id=13036]
  0x000002696452f800 GCTaskThread "GC Thread#1" [stack: 0x000000da90300000,0x000000da90400000] [id=3860]
  0x0000026964530800 GCTaskThread "GC Thread#2" [stack: 0x000000da90400000,0x000000da90500000] [id=5584]
  0x0000026965506000 GCTaskThread "GC Thread#3" [stack: 0x000000da90900000,0x000000da90a00000] [id=14516]
  0x00000269442ab800 ConcurrentGCThread "G1 Main Marker" [stack: 0x000000da8f100000,0x000000da8f200000] [id=8940]
  0x00000269442ae000 ConcurrentGCThread "G1 Conc#0" [stack: 0x000000da8f200000,0x000000da8f300000] [id=19576]
  0x0000026964533000 ConcurrentGCThread "G1 Conc#1" [stack: 0x000000da90700000,0x000000da90800000] [id=9352]
  0x000002696307e800 ConcurrentGCThread "G1 Refine#0" [stack: 0x000000da8f300000,0x000000da8f400000] [id=8204]
  0x000002696307f800 ConcurrentGCThread "G1 Young RemSet Sampling" [stack: 0x000000da8f400000,0x000000da8f500000] [id=16648]

Threads with active compile tasks:

VM state:at safepoint (normal execution)

VM Mutex/Monitor currently owned by a thread:  ([mutex/lock_event])
[0x000002694425e9f0] Threads_lock - owner thread: 0x0000026963214800
[0x000002694425df40] Heap_lock - owner thread: 0x0000026944261800

Heap address: 0x0000000082000000, size: 2016 MB, Compressed Oops mode: 32-bit
Narrow klass base: 0x0000000000000000, Narrow klass shift: 3
Compressed class space size: 1073741824 Address: 0x0000000100000000

Heap:
 garbage-first heap   total 155648K, used 22776K [0x0000000082000000, 0x0000000100000000)
  region size 1024K, 9 young (9216K), 9 survivors (9216K)
 Metaspace       used 46658K, capacity 48113K, committed 48208K, reserved 1099776K
  class space    used 5613K, capacity 6190K, committed 6272K, reserved 1048576K
Heap Regions: E=young(eden), S=young(survivor), O=old, HS=humongous(starts), HC=humongous(continues), CS=collection set, F=free, A=archive, TAMS=top-at-mark-start (previous, next)
|   0|0x0000000082000000, 0x0000000082100000, 0x0000000082100000|100%|HS|  |TAMS 0x0000000082100000, 0x0000000082100000| Complete 
|   1|0x0000000082100000, 0x0000000082200000, 0x0000000082200000|100%| O|  |TAMS 0x0000000082200000, 0x0000000082200000| Untracked 
|   2|0x0000000082200000, 0x0000000082300000, 0x0000000082300000|100%| O|  |TAMS 0x0000000082300000, 0x0000000082300000| Untracked 
|   3|0x0000000082300000, 0x0000000082400000, 0x0000000082400000|100%| O|  |TAMS 0x0000000082400000, 0x0000000082400000| Untracked 
|   4|0x0000000082400000, 0x0000000082500000, 0x0000000082500000|100%| O|  |TAMS 0x0000000082500000, 0x0000000082500000| Untracked 
|   5|0x0000000082500000, 0x0000000082600000, 0x0000000082600000|100%| O|  |TAMS 0x0000000082600000, 0x0000000082600000| Untracked 
|   6|0x0000000082600000, 0x0000000082700000, 0x0000000082700000|100%| O|  |TAMS 0x0000000082700000, 0x0000000082700000| Untracked 
|   7|0x0000000082700000, 0x0000000082800000, 0x0000000082800000|100%| O|  |TAMS 0x0000000082800000, 0x0000000082800000| Untracked 
|   8|0x0000000082800000, 0x0000000082900000, 0x0000000082900000|100%| O|  |TAMS 0x0000000082900000, 0x0000000082900000| Untracked 
|   9|0x0000000082900000, 0x0000000082a00000, 0x0000000082a00000|100%| O|  |TAMS 0x0000000082a00000, 0x0000000082a00000| Untracked 
|  10|0x0000000082a00000, 0x0000000082b00000, 0x0000000082b00000|100%| O|  |TAMS 0x0000000082b00000, 0x0000000082b00000| Untracked 
|  11|0x0000000082b00000, 0x0000000082c00000, 0x0000000082c00000|100%| O|  |TAMS 0x0000000082b4e000, 0x0000000082c00000| Untracked 
|  12|0x0000000082c00000, 0x0000000082c00000, 0x0000000082d00000|  0%| F|  |TAMS 0x0000000082c00000, 0x0000000082c00000| Untracked 
|  13|0x0000000082d00000, 0x0000000082d00000, 0x0000000082e00000|  0%| F|  |TAMS 0x0000000082d00000, 0x0000000082d00000| Untracked 
|  14|0x0000000082e00000, 0x0000000082e00000, 0x0000000082f00000|  0%| F|  |TAMS 0x0000000082e00000, 0x0000000082e00000| Untracked 
|  15|0x0000000082f00000, 0x0000000082f00000, 0x0000000083000000|  0%| F|  |TAMS 0x0000000082f00000, 0x0000000082f00000| Untracked 
|  16|0x0000000083000000, 0x0000000083000000, 0x0000000083100000|  0%| F|  |TAMS 0x0000000083000000, 0x0000000083000000| Untracked 
|  17|0x0000000083100000, 0x0000000083200000, 0x0000000083200000|100%| O|  |TAMS 0x0000000083100000, 0x0000000083200000| Untracked 
|  18|0x0000000083200000, 0x0000000083254a00, 0x0000000083300000| 33%| O|  |TAMS 0x0000000083200000, 0x0000000083254a00| Untracked 
|  19|0x0000000083300000, 0x0000000083300000, 0x0000000083400000|  0%| F|  |TAMS 0x0000000083300000, 0x0000000083300000| Untracked 
|  20|0x0000000083400000, 0x0000000083400000, 0x0000000083500000|  0%| F|  |TAMS 0x0000000083400000, 0x0000000083400000| Untracked 
|  21|0x0000000083500000, 0x0000000083500000, 0x0000000083600000|  0%| F|  |TAMS 0x0000000083500000, 0x0000000083500000| Untracked 
|  22|0x0000000083600000, 0x0000000083600000, 0x0000000083700000|  0%| F|  |TAMS 0x0000000083600000, 0x0000000083600000| Untracked 
|  23|0x0000000083700000, 0x0000000083700000, 0x0000000083800000|  0%| F|  |TAMS 0x0000000083700000, 0x0000000083700000| Untracked 
|  24|0x0000000083800000, 0x0000000083800000, 0x0000000083900000|  0%| F|  |TAMS 0x0000000083800000, 0x0000000083800000| Untracked 
|  25|0x0000000083900000, 0x0000000083900000, 0x0000000083a00000|  0%| F|  |TAMS 0x0000000083900000, 0x0000000083900000| Untracked 
|  26|0x0000000083a00000, 0x0000000083a00000, 0x0000000083b00000|  0%| F|  |TAMS 0x0000000083a00000, 0x0000000083a00000| Untracked 
|  27|0x0000000083b00000, 0x0000000083b00000, 0x0000000083c00000|  0%| F|  |TAMS 0x0000000083b00000, 0x0000000083b00000| Untracked 
|  28|0x0000000083c00000, 0x0000000083c00000, 0x0000000083d00000|  0%| F|  |TAMS 0x0000000083c00000, 0x0000000083c00000| Untracked 
|  29|0x0000000083d00000, 0x0000000083d00000, 0x0000000083e00000|  0%| F|  |TAMS 0x0000000083d00000, 0x0000000083d00000| Untracked 
|  30|0x0000000083e00000, 0x0000000083e00000, 0x0000000083f00000|  0%| F|  |TAMS 0x0000000083e00000, 0x0000000083e00000| Untracked 
|  31|0x0000000083f00000, 0x0000000083f00000, 0x0000000084000000|  0%| F|  |TAMS 0x0000000083f00000, 0x0000000083f00000| Untracked 
|  32|0x0000000084000000, 0x0000000084000000, 0x0000000084100000|  0%| F|  |TAMS 0x0000000084000000, 0x0000000084000000| Untracked 
|  33|0x0000000084100000, 0x0000000084100000, 0x0000000084200000|  0%| F|  |TAMS 0x0000000084100000, 0x0000000084100000| Untracked 
|  34|0x0000000084200000, 0x0000000084200000, 0x0000000084300000|  0%| F|  |TAMS 0x0000000084200000, 0x0000000084200000| Untracked 
|  35|0x0000000084300000, 0x0000000084300000, 0x0000000084400000|  0%| F|  |TAMS 0x0000000084300000, 0x0000000084300000| Untracked 
|  36|0x0000000084400000, 0x0000000084400000, 0x0000000084500000|  0%| F|  |TAMS 0x0000000084400000, 0x0000000084400000| Untracked 
|  37|0x0000000084500000, 0x0000000084500000, 0x0000000084600000|  0%| F|  |TAMS 0x0000000084500000, 0x0000000084500000| Untracked 
|  38|0x0000000084600000, 0x0000000084600000, 0x0000000084700000|  0%| F|  |TAMS 0x0000000084600000, 0x0000000084600000| Untracked 
|  39|0x0000000084700000, 0x0000000084700000, 0x0000000084800000|  0%| F|  |TAMS 0x0000000084700000, 0x0000000084700000| Untracked 
|  40|0x0000000084800000, 0x0000000084800000, 0x0000000084900000|  0%| F|  |TAMS 0x0000000084800000, 0x0000000084800000| Untracked 
|  41|0x0000000084900000, 0x0000000084900000, 0x0000000084a00000|  0%| F|  |TAMS 0x0000000084900000, 0x0000000084900000| Untracked 
|  42|0x0000000084a00000, 0x0000000084a00000, 0x0000000084b00000|  0%| F|  |TAMS 0x0000000084a00000, 0x0000000084a00000| Untracked 
|  43|0x0000000084b00000, 0x0000000084b00000, 0x0000000084c00000|  0%| F|  |TAMS 0x0000000084b00000, 0x0000000084b00000| Untracked 
|  44|0x0000000084c00000, 0x0000000084c00000, 0x0000000084d00000|  0%| F|  |TAMS 0x0000000084c00000, 0x0000000084c00000| Untracked 
|  45|0x0000000084d00000, 0x0000000084d00000, 0x0000000084e00000|  0%| F|  |TAMS 0x0000000084d00000, 0x0000000084d00000| Untracked 
|  46|0x0000000084e00000, 0x0000000084e00000, 0x0000000084f00000|  0%| F|  |TAMS 0x0000000084e00000, 0x0000000084e00000| Untracked 
|  47|0x0000000084f00000, 0x0000000084f00000, 0x0000000085000000|  0%| F|  |TAMS 0x0000000084f00000, 0x0000000084f00000| Untracked 
|  48|0x0000000085000000, 0x0000000085000000, 0x0000000085100000|  0%| F|  |TAMS 0x0000000085000000, 0x0000000085000000| Untracked 
|  49|0x0000000085100000, 0x0000000085100000, 0x0000000085200000|  0%| F|  |TAMS 0x0000000085100000, 0x0000000085100000| Untracked 
|  50|0x0000000085200000, 0x0000000085200000, 0x0000000085300000|  0%| F|  |TAMS 0x0000000085200000, 0x0000000085200000| Untracked 
|  51|0x0000000085300000, 0x0000000085300000, 0x0000000085400000|  0%| F|  |TAMS 0x0000000085300000, 0x0000000085300000| Untracked 
|  52|0x0000000085400000, 0x0000000085400000, 0x0000000085500000|  0%| F|  |TAMS 0x0000000085400000, 0x0000000085400000| Untracked 
|  53|0x0000000085500000, 0x0000000085500000, 0x0000000085600000|  0%| F|  |TAMS 0x0000000085500000, 0x0000000085500000| Untracked 
|  54|0x0000000085600000, 0x0000000085600000, 0x0000000085700000|  0%| F|  |TAMS 0x0000000085600000, 0x0000000085600000| Untracked 
|  55|0x0000000085700000, 0x0000000085700000, 0x0000000085800000|  0%| F|  |TAMS 0x0000000085700000, 0x0000000085700000| Untracked 
|  56|0x0000000085800000, 0x0000000085800000, 0x0000000085900000|  0%| F|  |TAMS 0x0000000085800000, 0x0000000085800000| Untracked 
|  57|0x0000000085900000, 0x0000000085900000, 0x0000000085a00000|  0%| F|  |TAMS 0x0000000085900000, 0x0000000085900000| Untracked 
|  58|0x0000000085a00000, 0x0000000085a00000, 0x0000000085b00000|  0%| F|  |TAMS 0x0000000085a00000, 0x0000000085a00000| Untracked 
|  59|0x0000000085b00000, 0x0000000085b00000, 0x0000000085c00000|  0%| F|  |TAMS 0x0000000085b00000, 0x0000000085b00000| Untracked 
|  60|0x0000000085c00000, 0x0000000085c00000, 0x0000000085d00000|  0%| F|  |TAMS 0x0000000085c00000, 0x0000000085c00000| Untracked 
|  61|0x0000000085d00000, 0x0000000085d00000, 0x0000000085e00000|  0%| F|  |TAMS 0x0000000085d00000, 0x0000000085d00000| Untracked 
|  62|0x0000000085e00000, 0x0000000085e00000, 0x0000000085f00000|  0%| F|  |TAMS 0x0000000085e00000, 0x0000000085e00000| Untracked 
|  63|0x0000000085f00000, 0x0000000085f00000, 0x0000000086000000|  0%| F|  |TAMS 0x0000000085f00000, 0x0000000085f00000| Untracked 
|  64|0x0000000086000000, 0x0000000086000000, 0x0000000086100000|  0%| F|  |TAMS 0x0000000086000000, 0x0000000086000000| Untracked 
|  65|0x0000000086100000, 0x0000000086100000, 0x0000000086200000|  0%| F|  |TAMS 0x0000000086100000, 0x0000000086100000| Untracked 
|  66|0x0000000086200000, 0x0000000086200000, 0x0000000086300000|  0%| F|  |TAMS 0x0000000086200000, 0x0000000086200000| Untracked 
|  67|0x0000000086300000, 0x0000000086300000, 0x0000000086400000|  0%| F|  |TAMS 0x0000000086300000, 0x0000000086300000| Untracked 
|  68|0x0000000086400000, 0x0000000086400000, 0x0000000086500000|  0%| F|  |TAMS 0x0000000086400000, 0x0000000086400000| Untracked 
|  69|0x0000000086500000, 0x0000000086500000, 0x0000000086600000|  0%| F|  |TAMS 0x0000000086500000, 0x0000000086500000| Untracked 
|  70|0x0000000086600000, 0x0000000086600000, 0x0000000086700000|  0%| F|  |TAMS 0x0000000086600000, 0x0000000086600000| Untracked 
|  71|0x0000000086700000, 0x0000000086700000, 0x0000000086800000|  0%| F|  |TAMS 0x0000000086700000, 0x0000000086700000| Untracked 
|  72|0x0000000086800000, 0x0000000086800000, 0x0000000086900000|  0%| F|  |TAMS 0x0000000086800000, 0x0000000086800000| Untracked 
|  73|0x0000000086900000, 0x0000000086900000, 0x0000000086a00000|  0%| F|  |TAMS 0x0000000086900000, 0x0000000086900000| Untracked 
|  74|0x0000000086a00000, 0x0000000086a00000, 0x0000000086b00000|  0%| F|  |TAMS 0x0000000086a00000, 0x0000000086a00000| Untracked 
|  75|0x0000000086b00000, 0x0000000086b00000, 0x0000000086c00000|  0%| F|  |TAMS 0x0000000086b00000, 0x0000000086b00000| Untracked 
|  76|0x0000000086c00000, 0x0000000086c00000, 0x0000000086d00000|  0%| F|  |TAMS 0x0000000086c00000, 0x0000000086c00000| Untracked 
|  77|0x0000000086d00000, 0x0000000086d00000, 0x0000000086e00000|  0%| F|  |TAMS 0x0000000086d00000, 0x0000000086d00000| Untracked 
|  78|0x0000000086e00000, 0x0000000086e00000, 0x0000000086f00000|  0%| F|  |TAMS 0x0000000086e00000, 0x0000000086e00000| Untracked 
|  79|0x0000000086f00000, 0x0000000086f00000, 0x0000000087000000|  0%| F|  |TAMS 0x0000000086f00000, 0x0000000086f00000| Untracked 
|  80|0x0000000087000000, 0x0000000087000000, 0x0000000087100000|  0%| F|  |TAMS 0x0000000087000000, 0x0000000087000000| Untracked 
|  81|0x0000000087100000, 0x0000000087100000, 0x0000000087200000|  0%| F|  |TAMS 0x0000000087100000, 0x0000000087100000| Untracked 
|  82|0x0000000087200000, 0x0000000087200000, 0x0000000087300000|  0%| F|  |TAMS 0x0000000087200000, 0x0000000087200000| Untracked 
|  83|0x0000000087300000, 0x0000000087300000, 0x0000000087400000|  0%| F|  |TAMS 0x0000000087300000, 0x0000000087300000| Untracked 
|  84|0x0000000087400000, 0x0000000087400000, 0x0000000087500000|  0%| F|  |TAMS 0x0000000087400000, 0x0000000087400000| Untracked 
|  85|0x0000000087500000, 0x0000000087500000, 0x0000000087600000|  0%| F|  |TAMS 0x0000000087500000, 0x0000000087500000| Untracked 
|  86|0x0000000087600000, 0x00000000876e9910, 0x0000000087700000| 91%| S|CS|TAMS 0x0000000087600000, 0x0000000087600000| Complete 
|  87|0x0000000087700000, 0x0000000087800000, 0x0000000087800000|100%| S|CS|TAMS 0x0000000087700000, 0x0000000087700000| Complete 
|  88|0x0000000087800000, 0x0000000087900000, 0x0000000087900000|100%| S|CS|TAMS 0x0000000087800000, 0x0000000087800000| Complete 
|  89|0x0000000087900000, 0x0000000087a00000, 0x0000000087a00000|100%| S|CS|TAMS 0x0000000087900000, 0x0000000087900000| Complete 
|  90|0x0000000087a00000, 0x0000000087b00000, 0x0000000087b00000|100%| S|CS|TAMS 0x0000000087a00000, 0x0000000087a00000| Complete 
|  91|0x0000000087b00000, 0x0000000087c00000, 0x0000000087c00000|100%| S|CS|TAMS 0x0000000087b00000, 0x0000000087b00000| Complete 
|  92|0x0000000087c00000, 0x0000000087d00000, 0x0000000087d00000|100%| S|CS|TAMS 0x0000000087c00000, 0x0000000087c00000| Complete 
|  93|0x0000000087d00000, 0x0000000087e00000, 0x0000000087e00000|100%| S|CS|TAMS 0x0000000087d00000, 0x0000000087d00000| Complete 
|  94|0x0000000087e00000, 0x0000000087f00000, 0x0000000087f00000|100%| S|CS|TAMS 0x0000000087e00000, 0x0000000087e00000| Complete 
|  95|0x0000000087f00000, 0x0000000087f00000, 0x0000000088000000|  0%| F|  |TAMS 0x0000000087f00000, 0x0000000087f00000| Untracked 
|  96|0x0000000088000000, 0x0000000088000000, 0x0000000088100000|  0%| F|  |TAMS 0x0000000088000000, 0x0000000088000000| Untracked 
|  97|0x0000000088100000, 0x0000000088100000, 0x0000000088200000|  0%| F|  |TAMS 0x0000000088100000, 0x0000000088100000| Untracked 
|  98|0x0000000088200000, 0x0000000088200000, 0x0000000088300000|  0%| F|  |TAMS 0x0000000088200000, 0x0000000088200000| Untracked 
|  99|0x0000000088300000, 0x0000000088300000, 0x0000000088400000|  0%| F|  |TAMS 0x0000000088300000, 0x0000000088300000| Untracked 
| 100|0x0000000088400000, 0x0000000088400000, 0x0000000088500000|  0%| F|  |TAMS 0x0000000088400000, 0x0000000088400000| Untracked 
| 101|0x0000000088500000, 0x0000000088500000, 0x0000000088600000|  0%| F|  |TAMS 0x0000000088500000, 0x0000000088500000| Untracked 
| 102|0x0000000088600000, 0x0000000088600000, 0x0000000088700000|  0%| F|  |TAMS 0x0000000088600000, 0x0000000088600000| Untracked 
| 103|0x0000000088700000, 0x0000000088700000, 0x0000000088800000|  0%| F|  |TAMS 0x0000000088700000, 0x0000000088700000| Untracked 
| 104|0x0000000088800000, 0x0000000088800000, 0x0000000088900000|  0%| F|  |TAMS 0x0000000088800000, 0x0000000088800000| Untracked 
| 105|0x0000000088900000, 0x0000000088900000, 0x0000000088a00000|  0%| F|  |TAMS 0x0000000088900000, 0x0000000088900000| Untracked 
| 106|0x0000000088a00000, 0x0000000088a00000, 0x0000000088b00000|  0%| F|  |TAMS 0x0000000088a00000, 0x0000000088a00000| Untracked 
| 107|0x0000000088b00000, 0x0000000088b00000, 0x0000000088c00000|  0%| F|  |TAMS 0x0000000088b00000, 0x0000000088b00000| Untracked 
| 108|0x0000000088c00000, 0x0000000088c00000, 0x0000000088d00000|  0%| F|  |TAMS 0x0000000088c00000, 0x0000000088c00000| Untracked 
| 109|0x0000000088d00000, 0x0000000088d00000, 0x0000000088e00000|  0%| F|  |TAMS 0x0000000088d00000, 0x0000000088d00000| Untracked 
| 110|0x0000000088e00000, 0x0000000088e00000, 0x0000000088f00000|  0%| F|  |TAMS 0x0000000088e00000, 0x0000000088e00000| Untracked 
| 111|0x0000000088f00000, 0x0000000088f00000, 0x0000000089000000|  0%| F|  |TAMS 0x0000000088f00000, 0x0000000088f00000| Untracked 
| 112|0x0000000089000000, 0x0000000089000000, 0x0000000089100000|  0%| F|  |TAMS 0x0000000089000000, 0x0000000089000000| Untracked 
| 113|0x0000000089100000, 0x0000000089100000, 0x0000000089200000|  0%| F|  |TAMS 0x0000000089100000, 0x0000000089100000| Untracked 
| 114|0x0000000089200000, 0x0000000089200000, 0x0000000089300000|  0%| F|  |TAMS 0x0000000089200000, 0x0000000089200000| Untracked 
| 115|0x0000000089300000, 0x0000000089300000, 0x0000000089400000|  0%| F|  |TAMS 0x0000000089300000, 0x0000000089300000| Untracked 
| 116|0x0000000089400000, 0x0000000089400000, 0x0000000089500000|  0%| F|  |TAMS 0x0000000089400000, 0x0000000089400000| Untracked 
| 117|0x0000000089500000, 0x0000000089500000, 0x0000000089600000|  0%| F|  |TAMS 0x0000000089500000, 0x0000000089500000| Untracked 
| 118|0x0000000089600000, 0x0000000089600000, 0x0000000089700000|  0%| F|  |TAMS 0x0000000089600000, 0x0000000089600000| Untracked 
| 119|0x0000000089700000, 0x0000000089700000, 0x0000000089800000|  0%| F|  |TAMS 0x0000000089700000, 0x0000000089700000| Untracked 
| 120|0x0000000089800000, 0x0000000089800000, 0x0000000089900000|  0%| F|  |TAMS 0x0000000089800000, 0x0000000089800000| Untracked 
| 121|0x0000000089900000, 0x0000000089900000, 0x0000000089a00000|  0%| F|  |TAMS 0x0000000089900000, 0x0000000089900000| Untracked 
| 122|0x0000000089a00000, 0x0000000089a00000, 0x0000000089b00000|  0%| F|  |TAMS 0x0000000089a00000, 0x0000000089a00000| Untracked 
| 123|0x0000000089b00000, 0x0000000089b00000, 0x0000000089c00000|  0%| F|  |TAMS 0x0000000089b00000, 0x0000000089b00000| Untracked 
| 124|0x0000000089c00000, 0x0000000089c00000, 0x0000000089d00000|  0%| F|  |TAMS 0x0000000089c00000, 0x0000000089c00000| Untracked 
| 125|0x0000000089d00000, 0x0000000089d00000, 0x0000000089e00000|  0%| F|  |TAMS 0x0000000089d00000, 0x0000000089d00000| Untracked 
| 126|0x0000000089e00000, 0x0000000089e00000, 0x0000000089f00000|  0%| F|  |TAMS 0x0000000089e00000, 0x0000000089e00000| Untracked 
| 127|0x0000000089f00000, 0x0000000089f00000, 0x000000008a000000|  0%| F|  |TAMS 0x0000000089f00000, 0x0000000089f00000| Untracked 
| 128|0x000000008a000000, 0x000000008a000000, 0x000000008a100000|  0%| F|  |TAMS 0x000000008a000000, 0x000000008a000000| Untracked 
| 129|0x000000008a100000, 0x000000008a100000, 0x000000008a200000|  0%| F|  |TAMS 0x000000008a100000, 0x000000008a100000| Untracked 
| 130|0x000000008a200000, 0x000000008a200000, 0x000000008a300000|  0%| F|  |TAMS 0x000000008a200000, 0x000000008a200000| Untracked 
| 131|0x000000008a300000, 0x000000008a300000, 0x000000008a400000|  0%| F|  |TAMS 0x000000008a300000, 0x000000008a300000| Untracked 
| 132|0x000000008a400000, 0x000000008a400000, 0x000000008a500000|  0%| F|  |TAMS 0x000000008a400000, 0x000000008a400000| Untracked 
| 133|0x000000008a500000, 0x000000008a500000, 0x000000008a600000|  0%| F|  |TAMS 0x000000008a500000, 0x000000008a500000| Untracked 
| 134|0x000000008a600000, 0x000000008a600000, 0x000000008a700000|  0%| F|  |TAMS 0x000000008a600000, 0x000000008a600000| Untracked 
| 135|0x000000008a700000, 0x000000008a700000, 0x000000008a800000|  0%| F|  |TAMS 0x000000008a700000, 0x000000008a700000| Untracked 
| 136|0x000000008a800000, 0x000000008a800000, 0x000000008a900000|  0%| F|  |TAMS 0x000000008a800000, 0x000000008a800000| Untracked 
| 137|0x000000008a900000, 0x000000008a900000, 0x000000008aa00000|  0%| F|  |TAMS 0x000000008a900000, 0x000000008a900000| Untracked 
| 138|0x000000008aa00000, 0x000000008aa00000, 0x000000008ab00000|  0%| F|  |TAMS 0x000000008aa00000, 0x000000008aa00000| Untracked 
| 139|0x000000008ab00000, 0x000000008ab00000, 0x000000008ac00000|  0%| F|  |TAMS 0x000000008ab00000, 0x000000008ab00000| Untracked 
| 140|0x000000008ac00000, 0x000000008ac00000, 0x000000008ad00000|  0%| F|  |TAMS 0x000000008ac00000, 0x000000008ac00000| Untracked 
| 141|0x000000008ad00000, 0x000000008ad00000, 0x000000008ae00000|  0%| F|  |TAMS 0x000000008ad00000, 0x000000008ad00000| Untracked 
| 142|0x000000008ae00000, 0x000000008ae00000, 0x000000008af00000|  0%| F|  |TAMS 0x000000008ae00000, 0x000000008ae00000| Untracked 
| 143|0x000000008af00000, 0x000000008af00000, 0x000000008b000000|  0%| F|  |TAMS 0x000000008af00000, 0x000000008af00000| Untracked 
| 144|0x000000008b000000, 0x000000008b000000, 0x000000008b100000|  0%| F|  |TAMS 0x000000008b000000, 0x000000008b000000| Untracked 
| 145|0x000000008b100000, 0x000000008b100000, 0x000000008b200000|  0%| F|  |TAMS 0x000000008b100000, 0x000000008b100000| Untracked 
| 146|0x000000008b200000, 0x000000008b200000, 0x000000008b300000|  0%| F|  |TAMS 0x000000008b200000, 0x000000008b200000| Untracked 
| 147|0x000000008b300000, 0x000000008b300000, 0x000000008b400000|  0%| F|  |TAMS 0x000000008b300000, 0x000000008b300000| Untracked 
| 148|0x000000008b400000, 0x000000008b400000, 0x000000008b500000|  0%| F|  |TAMS 0x000000008b400000, 0x000000008b400000| Untracked 
| 149|0x000000008b500000, 0x000000008b500000, 0x000000008b600000|  0%| F|  |TAMS 0x000000008b500000, 0x000000008b500000| Untracked 
| 150|0x000000008b600000, 0x000000008b600000, 0x000000008b700000|  0%| F|  |TAMS 0x000000008b600000, 0x000000008b600000| Untracked 
| 151|0x000000008b700000, 0x000000008b700000, 0x000000008b800000|  0%| F|  |TAMS 0x000000008b700000, 0x000000008b700000| Untracked 

Card table byte_map: [0x000002695c0e0000,0x000002695c4d0000] _byte_map_base: 0x000002695bcd0000

Marking Bits (Prev, Next): (CMBitMap*) 0x00000269442a2ef8, (CMBitMap*) 0x00000269442a2f30
 Prev Bits: [0x000002695c8c0000, 0x000002695e840000)
 Next Bits: [0x000002695e840000, 0x00000269607c0000)

Polling page: 0x0000026942160000

Metaspace:

Usage:
  Non-class:     40.94 MB capacity,    40.08 MB ( 98%) used,   706.77 KB (  2%) free+waste,   171.44 KB ( <1%) overhead. 
      Class:      6.04 MB capacity,     5.48 MB ( 91%) used,   493.25 KB (  8%) free+waste,    83.19 KB (  1%) overhead. 
       Both:     46.99 MB capacity,    45.56 MB ( 97%) used,     1.17 MB (  2%) free+waste,   254.63 KB ( <1%) overhead. 

Virtual space:
  Non-class space:       50.00 MB reserved,      40.95 MB ( 82%) committed 
      Class space:        1.00 GB reserved,       6.13 MB ( <1%) committed 
             Both:        1.05 GB reserved,      47.08 MB (  4%) committed 

Chunk freelists:
   Non-Class:  13.00 KB
       Class:  18.00 KB
        Both:  31.00 KB

MaxMetaspaceSize: 17179869184.00 GB
CompressedClassSpaceSize: 1.00 GB
Initial GC threshold: 20.80 MB
Current GC threshold: 59.41 MB
CDS: off

CodeHeap 'non-profiled nmethods': size=238336Kb used=7103Kb max_used=7103Kb free=231232Kb
 bounds [0x000002694d100000, 0x000002694d7f0000, 0x000002695b9c0000]
CodeHeap 'non-nmethods': size=7424Kb used=1328Kb max_used=1328Kb free=6095Kb
 bounds [0x000002694c9c0000, 0x000002694cc30000, 0x000002694d100000]
 total_blobs=4848 nmethods=4309 adapters=474
 compilation: disabled (not enough contiguous free space left)
              stopped_count=1, restarted_count=0
 full_count=1

Compilation events (20 events):
Event: 8.760 Thread 0x0000026963ba2000 4301       1       java.security.Provider$Service::getAliases (5 bytes)
Event: 8.760 Thread 0x0000026963ba2000 nmethod 4301 0x000002694d7e9690 code [0x000002694d7e9840, 0x000002694d7e98f8]
Event: 8.765 Thread 0x0000026963ba2000 4302       1       java.security.Provider$Service::getProvider (5 bytes)
Event: 8.765 Thread 0x0000026963ba2000 nmethod 4302 0x000002694d7e9990 code [0x000002694d7e9b40, 0x000002694d7e9bf8]
Event: 8.788 Thread 0x0000026963ba2000 4303       1       java.lang.Integer::hashCode (8 bytes)
Event: 8.788 Thread 0x0000026963ba2000 nmethod 4303 0x000002694d7e9c90 code [0x000002694d7e9e40, 0x000002694d7e9ef8]
Event: 8.788 Thread 0x0000026963ba2000 4304       1       java.lang.Integer::hashCode (2 bytes)
Event: 8.788 Thread 0x0000026963ba2000 nmethod 4304 0x000002694d7e9f90 code [0x000002694d7ea140, 0x000002694d7ea1d8]
Event: 8.791 Thread 0x0000026963ba2000 4305       1       jdk.internal.jimage.ImageLocation::verifyName (187 bytes)
Event: 8.793 Thread 0x0000026963ba2000 nmethod 4305 0x000002694d7ea290 code [0x000002694d7ea500, 0x000002694d7ead18]
Event: 8.803 Thread 0x0000026963ba2000 4306       1       java.lang.Integer::parseInt (259 bytes)
Event: 8.805 Thread 0x0000026963ba2000 nmethod 4306 0x000002694d7eb690 code [0x000002694d7eba20, 0x000002694d7ec6f8]
Event: 8.805 Thread 0x0000026963ba2000 4307  s    1       java.io.ByteArrayOutputStream::write (32 bytes)
Event: 8.805 Thread 0x0000026963ba2000 nmethod 4307 0x000002694d7ed110 code [0x000002694d7ed2c0, 0x000002694d7ed568]
Event: 8.805 Thread 0x0000026963ba2000 4308       1       java.math.BigInteger::destructiveMulAdd (150 bytes)
Event: 8.805 Thread 0x0000026963ba2000 nmethod 4308 0x000002694d7ed690 code [0x000002694d7ed840, 0x000002694d7eda38]
Event: 8.807 Thread 0x0000026963ba2000 4309       1       java.math.BigInteger::<init> (404 bytes)
Event: 8.809 Thread 0x0000026963ba2000 nmethod 4309 0x000002694d7edc10 code [0x000002694d7edfc0, 0x000002694d7eef28]
Event: 8.809 Thread 0x0000026963ba2000 4311       1       java.math.BigInteger::trustedStripLeadingZeroInts (37 bytes)
Event: 8.809 Thread 0x0000026963ba2000 


GC Heap History (16 events):
Event: 1.370 GC heap before
{Heap before GC invocations=0 (full 0):
 garbage-first heap   total 129024K, used 26624K [0x0000000082000000, 0x0000000100000000)
  region size 1024K, 24 young (24576K), 0 survivors (0K)
 Metaspace       used 11980K, capacity 12285K, committed 12416K, reserved 1060864K
  class space    used 1209K, capacity 1335K, committed 1408K, reserved 1048576K
}
Event: 1.399 GC heap after
{Heap after GC invocations=1 (full 0):
 garbage-first heap   total 129024K, used 9156K [0x0000000082000000, 0x0000000100000000)
  region size 1024K, 3 young (3072K), 3 survivors (3072K)
 Metaspace       used 11980K, capacity 12285K, committed 12416K, reserved 1060864K
  class space    used 1209K, capacity 1335K, committed 1408K, reserved 1048576K
}
Event: 1.890 GC heap before
{Heap before GC invocations=1 (full 0):
 garbage-first heap   total 129024K, used 30660K [0x0000000082000000, 0x0000000100000000)
  region size 1024K, 24 young (24576K), 3 survivors (3072K)
 Metaspace       used 15109K, capacity 15423K, committed 15616K, reserved 1062912K
  class space    used 1628K, capacity 1763K, committed 1792K, reserved 1048576K
}
Event: 1.894 GC heap after
{Heap after GC invocations=2 (full 0):
 garbage-first heap   total 129024K, used 10032K [0x0000000082000000, 0x0000000100000000)
  region size 1024K, 2 young (2048K), 2 survivors (2048K)
 Metaspace       used 15109K, capacity 15423K, committed 15616K, reserved 1062912K
  class space    used 1628K, capacity 1763K, committed 1792K, reserved 1048576K
}
Event: 2.512 GC heap before
{Heap before GC invocations=2 (full 0):
 garbage-first heap   total 129024K, used 46896K [0x0000000082000000, 0x0000000100000000)
  region size 1024K, 39 young (39936K), 2 survivors (2048K)
 Metaspace       used 20515K, capacity 21136K, committed 21248K, reserved 1069056K
  class space    used 2313K, capacity 2533K, committed 2560K, reserved 1048576K
}
Event: 2.519 GC heap after
{Heap after GC invocations=3 (full 0):
 garbage-first heap   total 129024K, used 11818K [0x0000000082000000, 0x0000000100000000)
  region size 1024K, 3 young (3072K), 3 survivors (3072K)
 Metaspace       used 20515K, capacity 21136K, committed 21248K, reserved 1069056K
  class space    used 2313K, capacity 2533K, committed 2560K, reserved 1048576K
}
Event: 4.104 GC heap before
{Heap before GC invocations=4 (full 0):
 garbage-first heap   total 129024K, used 76330K [0x0000000082000000, 0x0000000100000000)
  region size 1024K, 66 young (67584K), 3 survivors (3072K)
 Metaspace       used 27941K, capacity 28865K, committed 29052K, reserved 1075200K
  class space    used 3367K, capacity 3706K, committed 3712K, reserved 1048576K
}
Event: 4.121 GC heap after
{Heap after GC invocations=5 (full 0):
 garbage-first heap   total 129024K, used 13944K [0x0000000082000000, 0x0000000100000000)
  region size 1024K, 5 young (5120K), 5 survivors (5120K)
 Metaspace       used 27941K, capacity 28865K, committed 29052K, reserved 1075200K
  class space    used 3367K, capacity 3706K, committed 3712K, reserved 1048576K
}
Event: 5.112 GC heap before
{Heap before GC invocations=5 (full 0):
 garbage-first heap   total 129024K, used 81528K [0x0000000082000000, 0x0000000100000000)
  region size 1024K, 72 young (73728K), 5 survivors (5120K)
 Metaspace       used 33461K, capacity 34503K, committed 34684K, reserved 1079296K
  class space    used 4007K, capacity 4397K, committed 4480K, reserved 1048576K
}
Event: 5.124 GC heap after
{Heap after GC invocations=6 (full 0):
 garbage-first heap   total 129024K, used 16338K [0x0000000082000000, 0x0000000100000000)
  region size 1024K, 7 young (7168K), 7 survivors (7168K)
 Metaspace       used 33461K, capacity 34503K, committed 34684K, reserved 1079296K
  class space    used 4007K, capacity 4397K, committed 4480K, reserved 1048576K
}
Event: 5.559 GC heap before
{Heap before GC invocations=6 (full 0):
 garbage-first heap   total 129024K, used 45010K [0x0000000082000000, 0x0000000100000000)
  region size 1024K, 36 young (36864K), 7 survivors (7168K)
 Metaspace       used 34874K, capacity 35948K, committed 36048K, reserved 1081344K
  class space    used 4164K, capacity 4575K, committed 4608K, reserved 1048576K
}
Event: 5.572 GC heap after
{Heap after GC invocations=7 (full 0):
 garbage-first heap   total 155648K, used 16696K [0x0000000082000000, 0x0000000100000000)
  region size 1024K, 5 young (5120K), 5 survivors (5120K)
 Metaspace       used 34874K, capacity 35948K, committed 36048K, reserved 1081344K
  class space    used 4164K, capacity 4575K, committed 4608K, reserved 1048576K
}
Event: 7.281 GC heap before
{Heap before GC invocations=8 (full 0):
 garbage-first heap   total 155648K, used 94520K [0x0000000082000000, 0x0000000100000000)
  region size 1024K, 82 young (83968K), 5 survivors (5120K)
 Metaspace       used 41743K, capacity 43100K, committed 43216K, reserved 1087488K
  class space    used 5003K, capacity 5521K, committed 5632K, reserved 1048576K
}
Event: 7.295 GC heap after
{Heap after GC invocations=9 (full 0):
 garbage-first heap   total 155648K, used 19750K [0x0000000082000000, 0x0000000100000000)
  region size 1024K, 8 young (8192K), 8 survivors (8192K)
 Metaspace       used 41743K, capacity 43100K, committed 43216K, reserved 1087488K
  class space    used 5003K, capacity 5521K, committed 5632K, reserved 1048576K
}
Event: 8.983 GC heap before
{Heap before GC invocations=9 (full 0):
 garbage-first heap   total 155648K, used 82214K [0x0000000082000000, 0x0000000100000000)
  region size 1024K, 65 young (66560K), 8 survivors (8192K)
 Metaspace       used 46658K, capacity 48113K, committed 48208K, reserved 1097728K
  class space    used 5613K, capacity 6190K, committed 6272K, reserved 1048576K
}
Event: 9.005 GC heap after
{Heap after GC invocations=10 (full 0):
 garbage-first heap   total 155648K, used 22776K [0x0000000082000000, 0x0000000100000000)
  region size 1024K, 9 young (9216K), 9 survivors (9216K)
 Metaspace       used 46658K, capacity 48113K, committed 48208K, reserved 1097728K
  class space    used 5613K, capacity 6190K, committed 6272K, reserved 1048576K
}

Deoptimization events (20 events):
Event: 8.539 Thread 0x0000026944261800 DEOPT PACKING pc=0x000002694d2d7674 sp=0x000000da8effd530
Event: 8.539 Thread 0x0000026944261800 DEOPT UNPACKING pc=0x000002694ca0a95e sp=0x000000da8effc9c8 mode 1
Event: 8.539 Thread 0x0000026944261800 DEOPT PACKING pc=0x000002694d2d691c sp=0x000000da8effd600
Event: 8.539 Thread 0x0000026944261800 DEOPT UNPACKING pc=0x000002694ca0a95e sp=0x000000da8effcab8 mode 1
Event: 8.554 Thread 0x0000026944261800 DEOPT PACKING pc=0x000002694d2d7674 sp=0x000000da8effd580
Event: 8.554 Thread 0x0000026944261800 DEOPT UNPACKING pc=0x000002694ca0a95e sp=0x000000da8effca18 mode 1
Event: 8.554 Thread 0x0000026944261800 DEOPT PACKING pc=0x000002694d2d691c sp=0x000000da8effd650
Event: 8.554 Thread 0x0000026944261800 DEOPT UNPACKING pc=0x000002694ca0a95e sp=0x000000da8effcb08 mode 1
Event: 8.666 Thread 0x0000026944261800 DEOPT PACKING pc=0x000002694d2d7674 sp=0x000000da8effd070
Event: 8.666 Thread 0x0000026944261800 DEOPT UNPACKING pc=0x000002694ca0a95e sp=0x000000da8effc508 mode 1
Event: 8.666 Thread 0x0000026944261800 DEOPT PACKING pc=0x000002694d2d691c sp=0x000000da8effd140
Event: 8.666 Thread 0x0000026944261800 DEOPT UNPACKING pc=0x000002694ca0a95e sp=0x000000da8effc5f8 mode 1
Event: 8.689 Thread 0x0000026944261800 DEOPT PACKING pc=0x000002694d2d7674 sp=0x000000da8effd200
Event: 8.689 Thread 0x0000026944261800 DEOPT UNPACKING pc=0x000002694ca0a95e sp=0x000000da8effc698 mode 1
Event: 8.689 Thread 0x0000026944261800 DEOPT PACKING pc=0x000002694d2d691c sp=0x000000da8effd2d0
Event: 8.689 Thread 0x0000026944261800 DEOPT UNPACKING pc=0x000002694ca0a95e sp=0x000000da8effc788 mode 1
Event: 8.956 Thread 0x0000026944261800 DEOPT PACKING pc=0x000002694d2d7674 sp=0x000000da8effd300
Event: 8.956 Thread 0x0000026944261800 DEOPT UNPACKING pc=0x000002694ca0a95e sp=0x000000da8effc798 mode 1
Event: 8.956 Thread 0x0000026944261800 DEOPT PACKING pc=0x000002694d2d691c sp=0x000000da8effd3d0
Event: 8.956 Thread 0x0000026944261800 DEOPT UNPACKING pc=0x000002694ca0a95e sp=0x000000da8effc888 mode 1

Classes redefined (0 events):
No events

Internal exceptions (20 events):
Event: 7.162 Thread 0x0000026944261800 Exception <a 'java/lang/ClassNotFoundException'{0x0000000086a24458}: org/springframework/beans/factory/AwareCustomizer> (0x0000000086a24458) thrown at [./src/hotspot/share/classfile/systemDictionary.cpp, line 230]
Event: 7.163 Thread 0x0000026944261800 Exception <a 'java/lang/ClassNotFoundException'{0x0000000086a40ae0}: org/springframework/core/OrderedCustomizer> (0x0000000086a40ae0) thrown at [./src/hotspot/share/classfile/systemDictionary.cpp, line 230]
Event: 7.164 Thread 0x0000026944261800 Exception <a 'java/lang/ClassNotFoundException'{0x0000000086a633f8}: org/springframework/beans/factory/BeanClassLoaderAwareCustomizer> (0x0000000086a633f8) thrown at [./src/hotspot/share/classfile/systemDictionary.cpp, line 230]
Event: 7.165 Thread 0x0000026944261800 Exception <a 'java/lang/ClassNotFoundException'{0x0000000086a82478}: org/springframework/beans/factory/AwareCustomizer> (0x0000000086a82478) thrown at [./src/hotspot/share/classfile/systemDictionary.cpp, line 230]
Event: 7.167 Thread 0x0000026944261800 Exception <a 'java/lang/ClassNotFoundException'{0x0000000086aa4250}: org/springframework/aop/framework/AopInfrastructureBeanCustomizer> (0x0000000086aa4250) thrown at [./src/hotspot/share/classfile/systemDictionary.cpp, line 230]
Event: 7.249 Thread 0x0000026944261800 Exception <a 'java/lang/ClassNotFoundException'{0x0000000086710688}: java/lang/ObjectCustomizer> (0x0000000086710688) thrown at [./src/hotspot/share/classfile/systemDictionary.cpp, line 230]
Event: 7.250 Thread 0x0000026944261800 Exception <a 'java/lang/ClassNotFoundException'{0x000000008673d440}: org/springframework/transaction/annotation/AbstractTransactionManagementConfigurationCustomizer> (0x000000008673d440) thrown at [./src/hotspot/share/classfile/systemDictionary.cpp, line 230]
Event: 7.251 Thread 0x0000026944261800 Exception <a 'java/lang/ClassNotFoundException'{0x00000000867687e8}: org/springframework/transaction/annotation/ProxyTransactionManagementConfigurationCustomizer> (0x00000000867687e8) thrown at [./src/hotspot/share/classfile/systemDictionary.cpp, line 230]
Event: 7.252 Thread 0x0000026944261800 Exception <a 'java/lang/ClassNotFoundException'{0x000000008678d988}: org/springframework/context/annotation/ImportAwareCustomizer> (0x000000008678d988) thrown at [./src/hotspot/share/classfile/systemDictionary.cpp, line 230]
Event: 7.253 Thread 0x0000026944261800 Exception <a 'java/lang/ClassNotFoundException'{0x00000000867acb90}: org/springframework/beans/factory/AwareCustomizer> (0x00000000867acb90) thrown at [./src/hotspot/share/classfile/systemDictionary.cpp, line 230]
Event: 7.411 Thread 0x0000026944261800 Exception <a 'java/lang/ArrayIndexOutOfBoundsException'{0x000000008b583b38}: Index 5 out of bounds for length 5> (0x000000008b583b38) thrown at [./src/hotspot/share/interpreter/interpreterRuntime.cpp, line 444]
Event: 7.411 Thread 0x0000026944261800 Exception <a 'java/lang/ArrayIndexOutOfBoundsException'{0x000000008b5842a8}: Index 5 out of bounds for length 5> (0x000000008b5842a8) thrown at [./src/hotspot/share/interpreter/interpreterRuntime.cpp, line 444]
Event: 7.598 Thread 0x0000026965543800 Exception <a 'java/lang/reflect/InvocationTargetException'{0x000000008b18aca0}> (0x000000008b18aca0) thrown at [./src/hotspot/share/runtime/reflection.cpp, line 1247]
Event: 7.667 Thread 0x0000026944261800 Exception <a 'java/lang/NoSuchMethodError'{0x000000008ad28fd8}: 'java.lang.Object java.lang.invoke.DirectMethodHandle$Holder.invokeSpecialIFC(java.lang.Object, java.lang.Object, java.lang.Object)'> (0x000000008ad28fd8) thrown at [./src/hotspot/share/interpreter/linkResolver.cpp, line 773]
Event: 7.965 Thread 0x0000026944261800 Exception <a 'java/lang/NoSuchMethodError'{0x000000008a5a2c98}: 'void java.lang.invoke.DirectMethodHandle$Holder.invokeInterface(java.lang.Object, java.lang.Object, int)'> (0x000000008a5a2c98) thrown at [./src/hotspot/share/interpreter/linkResolver.cpp, line 773]
Event: 7.977 Thread 0x0000026944261800 Exception <a 'java/lang/IncompatibleClassChangeError'{0x000000008a5edb38}: Found class java.lang.Object, but interface was expected> (0x000000008a5edb38) thrown at [./src/hotspot/share/interpreter/linkResolver.cpp, line 839]
Event: 7.977 Thread 0x0000026944261800 Exception <a 'java/lang/NoSuchMethodError'{0x000000008a5f1f78}: 'void java.lang.invoke.DirectMethodHandle$Holder.invokeStatic(java.lang.Object, int, java.lang.Object)'> (0x000000008a5f1f78) thrown at [./src/hotspot/share/interpreter/linkResolver.cpp, line 773]
Event: 8.864 Thread 0x0000026944261800 Exception <a 'java/io/FileNotFoundException'{0x000000008837bd78}> (0x000000008837bd78) thrown at [./src/hotspot/share/prims/jni.cpp, line 617]
Event: 8.864 Thread 0x0000026944261800 Exception <a 'java/io/FileNotFoundException'{0x000000008837d1b8}> (0x000000008837d1b8) thrown at [./src/hotspot/share/prims/jni.cpp, line 617]
Event: 8.865 Thread 0x0000026944261800 Exception <a 'java/io/FileNotFoundException'{0x0000000088380f68}> (0x0000000088380f68) thrown at [./src/hotspot/share/prims/jni.cpp, line 617]

Events (20 events):
Event: 8.953 loading class org/apache/catalina/util/StandardSessionIdGenerator done
Event: 8.954 loading class org/apache/catalina/session/StandardManager
Event: 8.954 loading class org/apache/catalina/session/StandardManager done
Event: 8.955 loading class org/apache/catalina/session/ManagerBase
Event: 8.955 loading class org/apache/catalina/session/ManagerBase done
Event: 8.956 loading class org/apache/catalina/session/LocalStrings
Event: 8.956 loading class org/apache/catalina/session/LocalStrings done
Event: 8.957 loading class org/springframework/boot/web/embedded/tomcat/LazySessionIdGenerator
Event: 8.957 loading class org/springframework/boot/web/embedded/tomcat/LazySessionIdGenerator done
Event: 8.958 loading class org/apache/tomcat/util/descriptor/web/ContextLocalEjb
Event: 8.958 loading class org/apache/tomcat/util/descriptor/web/ContextLocalEjb done
Event: 8.958 loading class org/apache/tomcat/util/descriptor/web/ResourceBase
Event: 8.958 loading class org/apache/tomcat/util/descriptor/web/ResourceBase done
Event: 8.960 loading class org/apache/tomcat/util/descriptor/web/Injectable
Event: 8.960 loading class org/apache/tomcat/util/descriptor/web/Injectable done
Event: 8.960 loading class org/apache/tomcat/util/descriptor/web/ContextEjb
Event: 8.960 loading class org/apache/tomcat/util/descriptor/web/ContextEjb done
Event: 8.960 loading class org/apache/tomcat/util/descriptor/web/ContextEnvironment
Event: 8.960 loading class org/apache/tomcat/util/descriptor/web/ContextEnvironment done
Event: 8.983 Executing VM operation: CollectForMetadataAllocation


Dynamic libraries:
0x00007ff602250000 - 0x00007ff60225d000 	C:\Users\Admin\.jdks\corretto-11.0.17\bin\java.exe
0x00007ff9d3e50000 - 0x00007ff9d4048000 	C:\Windows\SYSTEM32\ntdll.dll
0x00007ff9d3630000 - 0x00007ff9d36ef000 	C:\Windows\System32\KERNEL32.DLL
0x00007ff9d1b60000 - 0x00007ff9d1e32000 	C:\Windows\System32\KERNELBASE.dll
0x00007ff9d1540000 - 0x00007ff9d1640000 	C:\Windows\System32\ucrtbase.dll
0x00007ff9ba9b0000 - 0x00007ff9ba9c7000 	C:\Users\Admin\.jdks\corretto-11.0.17\bin\jli.dll
0x00007ff9ba5d0000 - 0x00007ff9ba5e9000 	C:\Users\Admin\.jdks\corretto-11.0.17\bin\VCRUNTIME140.dll
0x00007ff9d2020000 - 0x00007ff9d21c1000 	C:\Windows\System32\USER32.dll
0x00007ff9d1b30000 - 0x00007ff9d1b52000 	C:\Windows\System32\win32u.dll
0x00007ff9ba680000 - 0x00007ff9ba91a000 	C:\Windows\WinSxS\amd64_microsoft.windows.common-controls_6595b64144ccf1df_6.0.19041.1110_none_60b5254171f9507e\COMCTL32.dll
0x00007ff9d1ea0000 - 0x00007ff9d1ecb000 	C:\Windows\System32\GDI32.dll
0x00007ff9d18d0000 - 0x00007ff9d19df000 	C:\Windows\System32\gdi32full.dll
0x00007ff9d2de0000 - 0x00007ff9d2e7e000 	C:\Windows\System32\msvcrt.dll
0x00007ff9d19e0000 - 0x00007ff9d1a7d000 	C:\Windows\System32\msvcp_win.dll
0x00007ff9d2da0000 - 0x00007ff9d2dd2000 	C:\Windows\System32\IMM32.DLL
0x00007ff999060000 - 0x00007ff9990fb000 	C:\Users\Admin\.jdks\corretto-11.0.17\bin\msvcp140.dll
0x00007ff94cd40000 - 0x00007ff94d8c5000 	C:\Users\Admin\.jdks\corretto-11.0.17\bin\server\jvm.dll
0x00007ff9d2700000 - 0x00007ff9d27ae000 	C:\Windows\System32\ADVAPI32.dll
0x00007ff9d3ca0000 - 0x00007ff9d3d3c000 	C:\Windows\System32\sechost.dll
0x00007ff9d2c70000 - 0x00007ff9d2d95000 	C:\Windows\System32\RPCRT4.dll
0x00007ff9d1e90000 - 0x00007ff9d1e98000 	C:\Windows\System32\PSAPI.DLL
0x00007ff9cd000000 - 0x00007ff9cd009000 	C:\Windows\SYSTEM32\WSOCK32.dll
0x00007ff9c9320000 - 0x00007ff9c932a000 	C:\Windows\SYSTEM32\VERSION.dll
0x00007ff9d3da0000 - 0x00007ff9d3e0b000 	C:\Windows\System32\WS2_32.dll
0x00007ff9ae5e0000 - 0x00007ff9ae607000 	C:\Windows\SYSTEM32\WINMM.dll
0x00007ff9cfd50000 - 0x00007ff9cfd62000 	C:\Windows\SYSTEM32\kernel.appcore.dll
0x00007ff9c9330000 - 0x00007ff9c9340000 	C:\Users\Admin\.jdks\corretto-11.0.17\bin\verify.dll
0x00007ff9cf130000 - 0x00007ff9cf314000 	C:\Windows\SYSTEM32\DBGHELP.DLL
0x00007ff9b7e90000 - 0x00007ff9b7ec5000 	C:\Windows\SYSTEM32\dbgcore.DLL
0x00007ff9d1670000 - 0x00007ff9d16f2000 	C:\Windows\System32\bcryptPrimitives.dll
0x00007ff99d0d0000 - 0x00007ff99d0f8000 	C:\Users\Admin\.jdks\corretto-11.0.17\bin\java.dll
0x00007ff9c8df0000 - 0x00007ff9c8dfa000 	C:\Users\Admin\.jdks\corretto-11.0.17\bin\jimage.dll
0x00007ff9ca360000 - 0x00007ff9ca398000 	C:\Users\Admin\.jdks\corretto-11.0.17\bin\jdwp.dll
0x00007ff9c9e50000 - 0x00007ff9c9e5e000 	C:\Users\Admin\.jdks\corretto-11.0.17\bin\instrument.dll
0x00007ff9a6b30000 - 0x00007ff9a6b48000 	C:\Users\Admin\.jdks\corretto-11.0.17\bin\zip.dll
0x00007ff9d2ee0000 - 0x00007ff9d3624000 	C:\Windows\System32\SHELL32.dll
0x00007ff9cf5a0000 - 0x00007ff9cfd32000 	C:\Windows\SYSTEM32\windows.storage.dll
0x00007ff9d21d0000 - 0x00007ff9d2525000 	C:\Windows\System32\combase.dll
0x00007ff9d0ec0000 - 0x00007ff9d0ef0000 	C:\Windows\SYSTEM32\Wldp.dll
0x00007ff9d3780000 - 0x00007ff9d382d000 	C:\Windows\System32\SHCORE.dll
0x00007ff9d3d40000 - 0x00007ff9d3d95000 	C:\Windows\System32\shlwapi.dll
0x00007ff9d1480000 - 0x00007ff9d149f000 	C:\Windows\SYSTEM32\profapi.dll
0x00007ff9c9e40000 - 0x00007ff9c9e4a000 	C:\Users\Admin\.jdks\corretto-11.0.17\bin\dt_socket.dll
0x00007ff9d0ca0000 - 0x00007ff9d0d0a000 	C:\Windows\system32\mswsock.dll
0x00007ff9a60d0000 - 0x00007ff9a60e9000 	C:\Users\Admin\.jdks\corretto-11.0.17\bin\net.dll
0x00007ff9c9670000 - 0x00007ff9c977c000 	C:\Windows\SYSTEM32\WINHTTP.dll
0x00007ff99e220000 - 0x00007ff99e233000 	C:\Users\Admin\.jdks\corretto-11.0.17\bin\nio.dll
0x00007ff9d09b0000 - 0x00007ff9d0a7a000 	C:\Windows\SYSTEM32\DNSAPI.dll
0x00007ff9d0960000 - 0x00007ff9d099b000 	C:\Windows\SYSTEM32\IPHLPAPI.DLL
0x00007ff9d1f30000 - 0x00007ff9d1f38000 	C:\Windows\System32\NSI.dll
0x00007ff9c9bb0000 - 0x00007ff9c9bba000 	C:\Windows\System32\rasadhlp.dll
0x00007ff9c4b10000 - 0x00007ff9c4b90000 	C:\Windows\System32\fwpuclnt.dll
0x00007ff9d1640000 - 0x00007ff9d1667000 	C:\Windows\System32\bcrypt.dll
0x00007ff9bc550000 - 0x00007ff9bc559000 	C:\Users\Admin\.jdks\corretto-11.0.17\bin\management.dll
0x00007ff9bc300000 - 0x00007ff9bc30b000 	C:\Users\Admin\.jdks\corretto-11.0.17\bin\management_ext.dll
0x00007ff9d0f00000 - 0x00007ff9d0f18000 	C:\Windows\SYSTEM32\CRYPTSP.dll
0x00007ff9d0570000 - 0x00007ff9d05a4000 	C:\Windows\system32\rsaenh.dll
0x00007ff9d1400000 - 0x00007ff9d142e000 	C:\Windows\SYSTEM32\USERENV.dll
0x00007ff9d0e30000 - 0x00007ff9d0e3c000 	C:\Windows\SYSTEM32\CRYPTBASE.dll
0x00007ff9c9920000 - 0x00007ff9c9937000 	C:\Windows\SYSTEM32\dhcpcsvc6.DLL
0x00007ff9c98c0000 - 0x00007ff9c98dd000 	C:\Windows\SYSTEM32\dhcpcsvc.DLL
0x00007ff99e9c0000 - 0x00007ff99e9d7000 	C:\Windows\system32\napinsp.dll
0x00007ff99e9a0000 - 0x00007ff99e9bb000 	C:\Windows\system32\pnrpnsp.dll
0x00007ff9cc2b0000 - 0x00007ff9cc2c5000 	C:\Windows\system32\wshbth.dll
0x00007ff9ccdb0000 - 0x00007ff9ccdcd000 	C:\Windows\system32\NLAapi.dll
0x00007ff99e980000 - 0x00007ff99e992000 	C:\Windows\System32\winrnr.dll
0x00007ff9c9dd0000 - 0x00007ff9c9dde000 	C:\Users\Admin\.jdks\corretto-11.0.17\bin\sunmscapi.dll
0x00007ff9d1770000 - 0x00007ff9d18c6000 	C:\Windows\System32\CRYPT32.dll
0x00007ff9d1010000 - 0x00007ff9d1037000 	C:\Windows\SYSTEM32\ncrypt.dll
0x00007ff9d0fd0000 - 0x00007ff9d100b000 	C:\Windows\SYSTEM32\NTASN1.dll
0x00007ff9c9e10000 - 0x00007ff9c9e35000 	C:\Users\Admin\.jdks\corretto-11.0.17\bin\sunec.dll

dbghelp: loaded successfully - version: 4.0.5 - missing functions: none
symbol engine: initialized successfully - sym options: 0x614 - pdb path: .;C:\Users\Admin\.jdks\corretto-11.0.17\bin;C:\Windows\SYSTEM32;C:\Windows\WinSxS\amd64_microsoft.windows.common-controls_6595b64144ccf1df_6.0.19041.1110_none_60b5254171f9507e;C:\Users\Admin\.jdks\corretto-11.0.17\bin\server

VM Arguments:
jvm_args: -agentlib:jdwp=transport=dt_socket,address=127.0.0.1:52524,suspend=y,server=n -XX:TieredStopAtLevel=1 -Xverify:none -Dspring.output.ansi.enabled=always -Dcom.sun.management.jmxremote -Dspring.jmx.enabled=true -Dspring.liveBeansView.mbeanDomain -Dspring.application.admin.enabled=true -Dmanagement.endpoints.jmx.exposure.include=* -javaagent:C:\Users\Admin\AppData\Local\JetBrains\IntelliJIdea2022.3\captureAgent\debugger-agent.jar=file:/C:/Users/Admin/AppData/Local/Temp/capture.props -Dfile.encoding=UTF-8 
java_command: com.tass.productservice.ProductServiceApplication
java_class_path (initial): D:\Batch_4\tasc_training\moi\microservice_smart\product-service\build\classes\java\main;D:\Batch_4\tasc_training\moi\microservice_smart\product-service\build\resources\main;C:\Users\Admin\.gradle\caches\modules-2\files-2.1\org.projectlombok\lombok\1.18.24\13a394eed5c4f9efb2a6d956e2086f1d81e857d9\lombok-1.18.24.jar;C:\Users\Admin\.gradle\caches\modules-2\files-2.1\org.springframework.boot\spring-boot-configuration-processor\2.7.2\12575686ba3820571ea79bfd08d6d27534b97a0e\spring-boot-configuration-processor-2.7.2.jar;D:\Batch_4\tasc_training\moi\microservice_smart\common\build\classes\java\main;C:\Users\Admin\.gradle\caches\modules-2\files-2.1\org.springframework.cloud\spring-cloud-starter-openfeign\3.1.2\ddfa43f87a64700b4e54f3960d1aa996193c4bd4\spring-cloud-starter-openfeign-3.1.2.jar;C:\Users\Admin\.gradle\caches\modules-2\files-2.1\org.springframework.security\spring-security-crypto\5.5.3\45fc09a7a2484ef843a9db4652e6ff984bc2e537\spring-security-crypto-5.5.3.jar;C:\Users\Admin\.gradle\caches\modules-2\files-2.1\org.springframework.boot\spring-boot-starter-data-jpa\2.7.2\11ac3a239c4644dc8e338fafff1fb66557abcf2f\spring-boot-starter-data-jpa-2.7.2.jar;C:\Users\Admin\.gradle\caches\modules-2\files-2.1\org.springframework.boot\spring-boot-starter-web\2.7.2\dd8a77a26900a86d9962598cbbd360f6b69bab5e\spring-boot-starter-web-2.7.2.jar;C:\Users\Admin\.gradle\caches\modules-2\files-2.1\org.springframework.boot\spring-boot-starter-data-redis\2.7.2\925229db65afa7652f17878c6a1bc2fd5351f8d9\spring-boot-starter-data-redis-2.7.2.jar;C:\Users\Admin\.gradle\caches\modules-2\files-2.1\org.redisson\redisson-spring-data-26\3.18.1\ae978907d4ec57eeea268e98baab1ef35c4fea46\redisson-spring-data-26-3.18.1.jar;C:\Users\Admin\.gradle\caches\modules-2\files-2.1\redis.clients\jedis\3.9.0\567a2c54db3e1564c63d1c5f6a1b45d7d35198ba\jedis-3.9.0.jar;C:\Users\Admin\.gradle\caches\modules-2\files-2.1\org.apache.commons\commons-lang3\3.12.0\c6842c86792ff03b9f1d1fe2aab8dc23aa6c6f
Launcher Type: SUN_STANDARD

[Global flags]
     bool BytecodeVerificationLocal                = false                                     {product} {command line}
     bool BytecodeVerificationRemote               = false                                     {product} {command line}
     intx CICompilerCount                          = 4                                         {product} {ergonomic}
     uint ConcGCThreads                            = 2                                         {product} {ergonomic}
     uint G1ConcRefinementThreads                  = 8                                         {product} {ergonomic}
   size_t G1HeapRegionSize                         = 1048576                                   {product} {ergonomic}
    uintx GCDrainStackTargetSize                   = 64                                        {product} {ergonomic}
   size_t InitialHeapSize                          = 132120576                                 {product} {ergonomic}
     bool ManagementServer                         = true                                      {product} {command line}
   size_t MarkStackSize                            = 4194304                                   {product} {ergonomic}
   size_t MaxHeapSize                              = 2113929216                                {product} {ergonomic}
   size_t MaxNewSize                               = 1267728384                                {product} {ergonomic}
   size_t MinHeapDeltaBytes                        = 1048576                                   {product} {ergonomic}
    uintx NonNMethodCodeHeapSize                   = 7549744                                {pd product} {ergonomic}
    uintx NonProfiledCodeHeapSize                  = 244108496                              {pd product} {ergonomic}
    uintx ProfiledCodeHeapSize                     = 0                                      {pd product} {ergonomic}
    uintx ReservedCodeCacheSize                    = 251658240                              {pd product} {ergonomic}
     bool SegmentedCodeCache                       = true                                      {product} {ergonomic}
     intx TieredStopAtLevel                        = 1                                         {product} {command line}
     bool UseCompressedClassPointers               = true                                 {lp64_product} {ergonomic}
     bool UseCompressedOops                        = true                                 {lp64_product} {ergonomic}
     bool UseG1GC                                  = true                                      {product} {ergonomic}
     bool UseLargePagesIndividualAllocation        = false                                  {pd product} {ergonomic}

Logging:
Log output configuration:
 #0: stdout all=warning uptime,level,tags
 #1: stderr all=off uptime,level,tags

Environment Variables:
PATH=C:\Program Files (x86)\Common Files\Oracle\Java\javapath;C:\Windows\system32;C:\Windows;C:\Windows\System32\Wbem;C:\Windows\System32\WindowsPowerShell\v1.0\;C:\Windows\System32\OpenSSH\;C:\Program Files\Microsoft SQL Server\130\Tools\Binn\;C:\Program Files\Microsoft SQL Server\Client SDK\ODBC\170\Tools\Binn\;C:\Program Files\Azure Data Studio\bin;C:\Program Files (x86)\Microsoft SQL Server\150\Tools\Binn\;C:\Program Files\Microsoft SQL Server\150\Tools\Binn\;C:\Program Files\Microsoft SQL Server\150\DTS\Binn\;C:\Program Files (x86)\Microsoft SQL Server\150\DTS\Binn\;D:\XAMPP\php;D:\Composer;C:\Program Files\nodejs\;C:\Program Files\Microsoft SQL Server Migration Assistant for MySQL\bin\;D:\Git\cmd;C:\Program Files\Docker\Docker\resources\bin;C:\Program Files\MySQL\MySQL Shell 8.0\bin\;C:\Users\Admin\AppData\Local\Microsoft\WindowsApps;C:\Users\Admin\AppData\Local\GitHubDesktop\bin;C:\Program Files\Azure Data Studio\bin;C:\Users\Admin\AppData\Roaming\Composer\vendor\bin;C:\Users\Admin\AppData\Roaming\npm;C:\Users\Admin\AppData\Local\Programs\Microsoft VS Code\bin;C:\Program Files\heroku\bin;D:\grid_database\DataGrip 2022.2.5\bin;;C:\Program Files\JetBrains\IntelliJ IDEA 2022.3.1\bin;
USERNAME=Admin
OS=Windows_NT
PROCESSOR_IDENTIFIER=Intel64 Family 6 Model 165 Stepping 2, GenuineIntel
TMP=C:\Users\Admin\AppData\Local\Temp
TEMP=C:\Users\Admin\AppData\Local\Temp



---------------  S Y S T E M  ---------------

OS: Windows 10 , 64 bit Build 19041 (10.0.19041.2364)
OS uptime: 0 days 9:40 hours
Hyper-V role detected

CPU:total 8 (initial active 8) (4 cores per cpu, 2 threads per core) family 6 model 165 stepping 2 microcode 0xea, cmov, cx8, fxsr, mmx, sse, sse2, sse3, ssse3, sse4.1, sse4.2, popcnt, avx, avx2, aes, clmul, erms, 3dnowpref, lzcnt, ht, tsc, tscinvbit, bmi1, bmi2, adx, fma

Memory: 4k page, system-wide physical 8059M (498M free)
TotalPageFile size 20347M (AvailPageFile size 0M)
current process WorkingSet (physical memory assigned to process): 229M, peak: 229M
current process commit charge ("private bytes"): 304M, peak: 305M

vm_info: OpenJDK 64-Bit Server VM (11.0.17+8-LTS) for windows-amd64 JRE (11.0.17+8-LTS), built on Oct 14 2022 18:02:01 by "Administrator" with MS VC++ 15.9 (VS2017)

END.
